2025-06-22T10:40:29.409+05:30  INFO 93354 --- [order-creation-service] [main] amerOrderCreationServiceApplicationTests : Starting StreamerOrderCreationServiceApplicationTests using Java 24 with PID 93354 (started by sagar in /Users/sagar/Projects/UltraProduction/Streamer/streamer-order-creation-service)
2025-06-22T10:40:29.411+05:30 DEBUG 93354 --- [order-creation-service] [main] amerOrderCreationServiceApplicationTests : Running with Spring Boot v3.5.3, Spring v6.2.8
2025-06-22T10:40:29.411+05:30  INFO 93354 --- [order-creation-service] [main] amerOrderCreationServiceApplicationTests : No active profile set, falling back to 1 default profile: "default"
2025-06-22T10:40:29.802+05:30  INFO 93354 --- [order-creation-service] [main] amerOrderCreationServiceApplicationTests : Started StreamerOrderCreationServiceApplicationTests in 0.508 seconds (process running for 0.841)
2025-06-22T10:43:49.104+05:30  INFO 93836 --- [order-creation-service] [main] .StreamerOrderCreationServiceApplication : Starting StreamerOrderCreationServiceApplication using Java 24 with PID 93836 (/Users/sagar/Projects/UltraProduction/Streamer/streamer-order-creation-service/target/classes started by sagar in /Users/sagar/Projects/UltraProduction/Streamer/streamer-order-creation-service)
2025-06-22T10:43:49.105+05:30 DEBUG 93836 --- [order-creation-service] [main] .StreamerOrderCreationServiceApplication : Running with Spring Boot v3.5.3, Spring v6.2.8
2025-06-22T10:43:49.106+05:30  INFO 93836 --- [order-creation-service] [main] .StreamerOrderCreationServiceApplication : No active profile set, falling back to 1 default profile: "default"
2025-06-22T10:43:49.339+05:30  INFO 93836 --- [order-creation-service] [main] o.s.b.w.embedded.tomcat.TomcatWebServer  : Tomcat initialized with port 8080 (http)
2025-06-22T10:43:49.345+05:30  INFO 93836 --- [order-creation-service] [main] o.apache.catalina.core.StandardService   : Starting service [Tomcat]
2025-06-22T10:43:49.345+05:30  INFO 93836 --- [order-creation-service] [main] o.apache.catalina.core.StandardEngine    : Starting Servlet engine: [Apache Tomcat/10.1.42]
2025-06-22T10:43:49.359+05:30  INFO 93836 --- [order-creation-service] [main] o.a.c.c.C.[Tomcat].[localhost].[/]       : Initializing Spring embedded WebApplicationContext
2025-06-22T10:43:49.359+05:30  INFO 93836 --- [order-creation-service] [main] w.s.c.ServletWebServerApplicationContext : Root WebApplicationContext: initialization completed in 238 ms
2025-06-22T10:43:49.485+05:30  INFO 93836 --- [order-creation-service] [main] o.s.b.w.embedded.tomcat.TomcatWebServer  : Tomcat started on port 8080 (http) with context path '/'
2025-06-22T10:43:49.489+05:30  INFO 93836 --- [order-creation-service] [main] .StreamerOrderCreationServiceApplication : Started StreamerOrderCreationServiceApplication in 0.515 seconds (process running for 0.602)
2025-06-22T10:46:14.736+05:30  INFO 93836 --- [order-creation-service] [http-nio-8080-exec-1] o.a.c.c.C.[Tomcat].[localhost].[/]       : Initializing Spring DispatcherServlet 'dispatcherServlet'
2025-06-22T10:46:14.736+05:30  INFO 93836 --- [order-creation-service] [http-nio-8080-exec-1] o.s.web.servlet.DispatcherServlet        : Initializing Servlet 'dispatcherServlet'
2025-06-22T10:46:14.737+05:30  INFO 93836 --- [order-creation-service] [http-nio-8080-exec-1] o.s.web.servlet.DispatcherServlet        : Completed initialization in 1 ms
2025-06-22T10:46:14.773+05:30  INFO 93836 --- [order-creation-service] [http-nio-8080-exec-1] c.m.s.service.OrderEventProducer         : Publishing order: basic-001 to topic: orders-raw
2025-06-22T10:46:14.782+05:30  INFO 93836 --- [order-creation-service] [http-nio-8080-exec-1] o.a.k.clients.producer.ProducerConfig    : ProducerConfig values: 
	acks = -1
	auto.include.jmx.reporter = true
	batch.size = 16384
	bootstrap.servers = [localhost:9092]
	buffer.memory = 33554432
	client.dns.lookup = use_all_dns_ips
	client.id = order-creation-service-producer-1
	compression.gzip.level = -1
	compression.lz4.level = 9
	compression.type = none
	compression.zstd.level = 3
	connections.max.idle.ms = 540000
	delivery.timeout.ms = 120000
	enable.idempotence = true
	enable.metrics.push = true
	interceptor.classes = []
	key.serializer = class org.apache.kafka.common.serialization.StringSerializer
	linger.ms = 10
	max.block.ms = 60000
	max.in.flight.requests.per.connection = 5
	max.request.size = 1048576
	metadata.max.age.ms = 300000
	metadata.max.idle.ms = 300000
	metadata.recovery.strategy = none
	metric.reporters = []
	metrics.num.samples = 2
	metrics.recording.level = INFO
	metrics.sample.window.ms = 30000
	partitioner.adaptive.partitioning.enable = true
	partitioner.availability.timeout.ms = 0
	partitioner.class = null
	partitioner.ignore.keys = false
	receive.buffer.bytes = 32768
	reconnect.backoff.max.ms = 1000
	reconnect.backoff.ms = 50
	request.timeout.ms = 30000
	retries = 3
	retry.backoff.max.ms = 1000
	retry.backoff.ms = 100
	sasl.client.callback.handler.class = null
	sasl.jaas.config = null
	sasl.kerberos.kinit.cmd = /usr/bin/kinit
	sasl.kerberos.min.time.before.relogin = 60000
	sasl.kerberos.service.name = null
	sasl.kerberos.ticket.renew.jitter = 0.05
	sasl.kerberos.ticket.renew.window.factor = 0.8
	sasl.login.callback.handler.class = null
	sasl.login.class = null
	sasl.login.connect.timeout.ms = null
	sasl.login.read.timeout.ms = null
	sasl.login.refresh.buffer.seconds = 300
	sasl.login.refresh.min.period.seconds = 60
	sasl.login.refresh.window.factor = 0.8
	sasl.login.refresh.window.jitter = 0.05
	sasl.login.retry.backoff.max.ms = 10000
	sasl.login.retry.backoff.ms = 100
	sasl.mechanism = GSSAPI
	sasl.oauthbearer.clock.skew.seconds = 30
	sasl.oauthbearer.expected.audience = null
	sasl.oauthbearer.expected.issuer = null
	sasl.oauthbearer.header.urlencode = false
	sasl.oauthbearer.jwks.endpoint.refresh.ms = 3600000
	sasl.oauthbearer.jwks.endpoint.retry.backoff.max.ms = 10000
	sasl.oauthbearer.jwks.endpoint.retry.backoff.ms = 100
	sasl.oauthbearer.jwks.endpoint.url = null
	sasl.oauthbearer.scope.claim.name = scope
	sasl.oauthbearer.sub.claim.name = sub
	sasl.oauthbearer.token.endpoint.url = null
	security.protocol = PLAINTEXT
	security.providers = null
	send.buffer.bytes = 131072
	socket.connection.setup.timeout.max.ms = 30000
	socket.connection.setup.timeout.ms = 10000
	ssl.cipher.suites = null
	ssl.enabled.protocols = [TLSv1.2, TLSv1.3]
	ssl.endpoint.identification.algorithm = https
	ssl.engine.factory.class = null
	ssl.key.password = null
	ssl.keymanager.algorithm = SunX509
	ssl.keystore.certificate.chain = null
	ssl.keystore.key = null
	ssl.keystore.location = null
	ssl.keystore.password = null
	ssl.keystore.type = JKS
	ssl.protocol = TLSv1.3
	ssl.provider = null
	ssl.secure.random.implementation = null
	ssl.trustmanager.algorithm = PKIX
	ssl.truststore.certificates = null
	ssl.truststore.location = null
	ssl.truststore.password = null
	ssl.truststore.type = JKS
	transaction.timeout.ms = 60000
	transactional.id = null
	value.serializer = class org.springframework.kafka.support.serializer.JsonSerializer

2025-06-22T10:46:14.791+05:30  INFO 93836 --- [order-creation-service] [http-nio-8080-exec-1] o.a.k.c.t.i.KafkaMetricsCollector        : initializing Kafka metrics collector
2025-06-22T10:46:14.820+05:30  INFO 93836 --- [order-creation-service] [http-nio-8080-exec-1] o.a.k.clients.producer.KafkaProducer     : [Producer clientId=order-creation-service-producer-1] Instantiated an idempotent producer.
2025-06-22T10:46:14.838+05:30  INFO 93836 --- [order-creation-service] [http-nio-8080-exec-1] o.a.kafka.common.utils.AppInfoParser     : Kafka version: 3.9.1
2025-06-22T10:46:14.838+05:30  INFO 93836 --- [order-creation-service] [http-nio-8080-exec-1] o.a.kafka.common.utils.AppInfoParser     : Kafka commitId: f745dfdcee2b9851
2025-06-22T10:46:14.838+05:30  INFO 93836 --- [order-creation-service] [http-nio-8080-exec-1] o.a.kafka.common.utils.AppInfoParser     : Kafka startTimeMs: 1750569374837
2025-06-22T10:46:14.839+05:30 DEBUG 93836 --- [order-creation-service] [http-nio-8080-exec-1] o.s.k.core.DefaultKafkaProducerFactory   : Created new Producer: CloseSafeProducer [delegate=org.apache.kafka.clients.producer.KafkaProducer@39e21674]
2025-06-22T10:46:14.939+05:30  WARN 93836 --- [order-creation-service] [kafka-producer-network-thread | order-creation-service-producer-1] org.apache.kafka.clients.NetworkClient   : [Producer clientId=order-creation-service-producer-1] The metadata response from the cluster reported a recoverable issue with correlation id 1 : {orders-raw=UNKNOWN_TOPIC_OR_PARTITION}
2025-06-22T10:46:14.939+05:30  INFO 93836 --- [order-creation-service] [kafka-producer-network-thread | order-creation-service-producer-1] org.apache.kafka.clients.Metadata        : [Producer clientId=order-creation-service-producer-1] Cluster ID: hNlYf2QxS1aP3cR5tG7uZ9vB0dE4kF6j
2025-06-22T10:46:15.045+05:30  INFO 93836 --- [order-creation-service] [kafka-producer-network-thread | order-creation-service-producer-1] o.a.k.c.p.internals.TransactionManager   : [Producer clientId=order-creation-service-producer-1] ProducerId set to 0 with epoch 0
2025-06-22T10:46:15.087+05:30  INFO 93836 --- [order-creation-service] [kafka-producer-network-thread | order-creation-service-producer-1] c.m.s.service.OrderEventProducer         : Successfully published Order: basic-001 to topic: orders-raw at offset: 0
2025-06-22T10:50:14.266+05:30  INFO 93836 --- [order-creation-service] [SpringApplicationShutdownHook] o.s.b.w.e.tomcat.GracefulShutdown        : Commencing graceful shutdown. Waiting for active requests to complete
2025-06-22T10:50:16.283+05:30  INFO 93836 --- [order-creation-service] [tomcat-shutdown] o.s.b.w.e.tomcat.GracefulShutdown        : Graceful shutdown complete
2025-06-22T10:50:16.288+05:30  INFO 93836 --- [order-creation-service] [SpringApplicationShutdownHook] o.a.k.clients.producer.KafkaProducer     : [Producer clientId=order-creation-service-producer-1] Closing the Kafka producer with timeoutMillis = 30000 ms.
2025-06-22T10:50:16.295+05:30  INFO 93836 --- [order-creation-service] [SpringApplicationShutdownHook] o.apache.kafka.common.metrics.Metrics    : Metrics scheduler closed
2025-06-22T10:50:16.296+05:30  INFO 93836 --- [order-creation-service] [SpringApplicationShutdownHook] o.apache.kafka.common.metrics.Metrics    : Closing reporter org.apache.kafka.common.metrics.JmxReporter
2025-06-22T10:50:16.296+05:30  INFO 93836 --- [order-creation-service] [SpringApplicationShutdownHook] o.apache.kafka.common.metrics.Metrics    : Closing reporter org.apache.kafka.common.telemetry.internals.ClientTelemetryReporter
2025-06-22T10:50:16.296+05:30  INFO 93836 --- [order-creation-service] [SpringApplicationShutdownHook] o.apache.kafka.common.metrics.Metrics    : Metrics reporters closed
2025-06-22T10:50:16.297+05:30  INFO 93836 --- [order-creation-service] [SpringApplicationShutdownHook] o.a.kafka.common.utils.AppInfoParser     : App info kafka.producer for order-creation-service-producer-1 unregistered
2025-06-22T10:57:05.187+05:30  INFO 95729 --- [order-creation-service] [main] .StreamerOrderCreationServiceApplication : Starting StreamerOrderCreationServiceApplication using Java 24 with PID 95729 (/Users/sagar/Projects/UltraProduction/Streamer/streamer-order-creation-service/target/classes started by sagar in /Users/sagar/Projects/UltraProduction/Streamer/streamer-order-creation-service)
2025-06-22T10:57:05.188+05:30 DEBUG 95729 --- [order-creation-service] [main] .StreamerOrderCreationServiceApplication : Running with Spring Boot v3.5.3, Spring v6.2.8
2025-06-22T10:57:05.188+05:30  INFO 95729 --- [order-creation-service] [main] .StreamerOrderCreationServiceApplication : No active profile set, falling back to 1 default profile: "default"
2025-06-22T10:57:05.435+05:30  INFO 95729 --- [order-creation-service] [main] o.s.b.w.embedded.tomcat.TomcatWebServer  : Tomcat initialized with port 8080 (http)
2025-06-22T10:57:05.441+05:30  INFO 95729 --- [order-creation-service] [main] o.apache.catalina.core.StandardService   : Starting service [Tomcat]
2025-06-22T10:57:05.442+05:30  INFO 95729 --- [order-creation-service] [main] o.apache.catalina.core.StandardEngine    : Starting Servlet engine: [Apache Tomcat/10.1.42]
2025-06-22T10:57:05.458+05:30  INFO 95729 --- [order-creation-service] [main] o.a.c.c.C.[Tomcat].[localhost].[/]       : Initializing Spring embedded WebApplicationContext
2025-06-22T10:57:05.458+05:30  INFO 95729 --- [order-creation-service] [main] w.s.c.ServletWebServerApplicationContext : Root WebApplicationContext: initialization completed in 255 ms
2025-06-22T10:57:05.584+05:30  INFO 95729 --- [order-creation-service] [main] o.s.b.w.embedded.tomcat.TomcatWebServer  : Tomcat started on port 8080 (http) with context path '/'
2025-06-22T10:57:05.587+05:30  INFO 95729 --- [order-creation-service] [main] .StreamerOrderCreationServiceApplication : Started StreamerOrderCreationServiceApplication in 0.554 seconds (process running for 0.649)
2025-06-22T10:59:27.240+05:30  INFO 95729 --- [order-creation-service] [SpringApplicationShutdownHook] o.s.b.w.e.tomcat.GracefulShutdown        : Commencing graceful shutdown. Waiting for active requests to complete
2025-06-22T10:59:29.252+05:30  INFO 95729 --- [order-creation-service] [tomcat-shutdown] o.s.b.w.e.tomcat.GracefulShutdown        : Graceful shutdown complete
2025-06-22T11:06:42.844+05:30  INFO 97200 --- [order-creation-service] [main] .StreamerOrderCreationServiceApplication : Starting StreamerOrderCreationServiceApplication using Java 24 with PID 97200 (/Users/sagar/Projects/UltraProduction/Streamer/streamer-order-creation-service/target/classes started by sagar in /Users/sagar/Projects/UltraProduction/Streamer/streamer-order-creation-service)
2025-06-22T11:06:42.845+05:30 DEBUG 97200 --- [order-creation-service] [main] .StreamerOrderCreationServiceApplication : Running with Spring Boot v3.5.3, Spring v6.2.8
2025-06-22T11:06:42.845+05:30  INFO 97200 --- [order-creation-service] [main] .StreamerOrderCreationServiceApplication : No active profile set, falling back to 1 default profile: "default"
2025-06-22T11:06:43.097+05:30  INFO 97200 --- [order-creation-service] [main] o.s.b.w.embedded.tomcat.TomcatWebServer  : Tomcat initialized with port 8080 (http)
2025-06-22T11:06:43.103+05:30  INFO 97200 --- [order-creation-service] [main] o.apache.catalina.core.StandardService   : Starting service [Tomcat]
2025-06-22T11:06:43.103+05:30  INFO 97200 --- [order-creation-service] [main] o.apache.catalina.core.StandardEngine    : Starting Servlet engine: [Apache Tomcat/10.1.42]
2025-06-22T11:06:43.122+05:30  INFO 97200 --- [order-creation-service] [main] o.a.c.c.C.[Tomcat].[localhost].[/]       : Initializing Spring embedded WebApplicationContext
2025-06-22T11:06:43.122+05:30  INFO 97200 --- [order-creation-service] [main] w.s.c.ServletWebServerApplicationContext : Root WebApplicationContext: initialization completed in 260 ms
2025-06-22T11:06:43.256+05:30  INFO 97200 --- [order-creation-service] [main] o.s.b.w.embedded.tomcat.TomcatWebServer  : Tomcat started on port 8080 (http) with context path '/'
2025-06-22T11:06:43.260+05:30  INFO 97200 --- [order-creation-service] [main] .StreamerOrderCreationServiceApplication : Started StreamerOrderCreationServiceApplication in 0.565 seconds (process running for 0.657)
2025-06-22T11:08:07.163+05:30  INFO 97200 --- [order-creation-service] [http-nio-8080-exec-1] o.a.c.c.C.[Tomcat].[localhost].[/]       : Initializing Spring DispatcherServlet 'dispatcherServlet'
2025-06-22T11:08:07.164+05:30  INFO 97200 --- [order-creation-service] [http-nio-8080-exec-1] o.s.web.servlet.DispatcherServlet        : Initializing Servlet 'dispatcherServlet'
2025-06-22T11:08:07.165+05:30  INFO 97200 --- [order-creation-service] [http-nio-8080-exec-1] o.s.web.servlet.DispatcherServlet        : Completed initialization in 1 ms
2025-06-22T11:08:07.200+05:30  INFO 97200 --- [order-creation-service] [http-nio-8080-exec-1] c.m.s.service.OrderEventProducer         : Publishing order: basic-001 to topic: orders-raw
2025-06-22T11:08:07.208+05:30  INFO 97200 --- [order-creation-service] [http-nio-8080-exec-1] o.a.k.clients.producer.ProducerConfig    : ProducerConfig values: 
	acks = -1
	auto.include.jmx.reporter = true
	batch.size = 16384
	bootstrap.servers = [localhost:9092]
	buffer.memory = 33554432
	client.dns.lookup = use_all_dns_ips
	client.id = order-creation-service-producer-1
	compression.gzip.level = -1
	compression.lz4.level = 9
	compression.type = none
	compression.zstd.level = 3
	connections.max.idle.ms = 540000
	delivery.timeout.ms = 120000
	enable.idempotence = true
	enable.metrics.push = true
	interceptor.classes = []
	key.serializer = class org.apache.kafka.common.serialization.StringSerializer
	linger.ms = 10
	max.block.ms = 60000
	max.in.flight.requests.per.connection = 5
	max.request.size = 1048576
	metadata.max.age.ms = 300000
	metadata.max.idle.ms = 300000
	metadata.recovery.strategy = none
	metric.reporters = []
	metrics.num.samples = 2
	metrics.recording.level = INFO
	metrics.sample.window.ms = 30000
	partitioner.adaptive.partitioning.enable = true
	partitioner.availability.timeout.ms = 0
	partitioner.class = null
	partitioner.ignore.keys = false
	receive.buffer.bytes = 32768
	reconnect.backoff.max.ms = 1000
	reconnect.backoff.ms = 50
	request.timeout.ms = 30000
	retries = 3
	retry.backoff.max.ms = 1000
	retry.backoff.ms = 100
	sasl.client.callback.handler.class = null
	sasl.jaas.config = null
	sasl.kerberos.kinit.cmd = /usr/bin/kinit
	sasl.kerberos.min.time.before.relogin = 60000
	sasl.kerberos.service.name = null
	sasl.kerberos.ticket.renew.jitter = 0.05
	sasl.kerberos.ticket.renew.window.factor = 0.8
	sasl.login.callback.handler.class = null
	sasl.login.class = null
	sasl.login.connect.timeout.ms = null
	sasl.login.read.timeout.ms = null
	sasl.login.refresh.buffer.seconds = 300
	sasl.login.refresh.min.period.seconds = 60
	sasl.login.refresh.window.factor = 0.8
	sasl.login.refresh.window.jitter = 0.05
	sasl.login.retry.backoff.max.ms = 10000
	sasl.login.retry.backoff.ms = 100
	sasl.mechanism = GSSAPI
	sasl.oauthbearer.clock.skew.seconds = 30
	sasl.oauthbearer.expected.audience = null
	sasl.oauthbearer.expected.issuer = null
	sasl.oauthbearer.header.urlencode = false
	sasl.oauthbearer.jwks.endpoint.refresh.ms = 3600000
	sasl.oauthbearer.jwks.endpoint.retry.backoff.max.ms = 10000
	sasl.oauthbearer.jwks.endpoint.retry.backoff.ms = 100
	sasl.oauthbearer.jwks.endpoint.url = null
	sasl.oauthbearer.scope.claim.name = scope
	sasl.oauthbearer.sub.claim.name = sub
	sasl.oauthbearer.token.endpoint.url = null
	security.protocol = PLAINTEXT
	security.providers = null
	send.buffer.bytes = 131072
	socket.connection.setup.timeout.max.ms = 30000
	socket.connection.setup.timeout.ms = 10000
	ssl.cipher.suites = null
	ssl.enabled.protocols = [TLSv1.2, TLSv1.3]
	ssl.endpoint.identification.algorithm = https
	ssl.engine.factory.class = null
	ssl.key.password = null
	ssl.keymanager.algorithm = SunX509
	ssl.keystore.certificate.chain = null
	ssl.keystore.key = null
	ssl.keystore.location = null
	ssl.keystore.password = null
	ssl.keystore.type = JKS
	ssl.protocol = TLSv1.3
	ssl.provider = null
	ssl.secure.random.implementation = null
	ssl.trustmanager.algorithm = PKIX
	ssl.truststore.certificates = null
	ssl.truststore.location = null
	ssl.truststore.password = null
	ssl.truststore.type = JKS
	transaction.timeout.ms = 60000
	transactional.id = null
	value.serializer = class org.springframework.kafka.support.serializer.JsonSerializer

2025-06-22T11:08:07.216+05:30  INFO 97200 --- [order-creation-service] [http-nio-8080-exec-1] o.a.k.c.t.i.KafkaMetricsCollector        : initializing Kafka metrics collector
2025-06-22T11:08:07.245+05:30  INFO 97200 --- [order-creation-service] [http-nio-8080-exec-1] o.a.k.clients.producer.KafkaProducer     : [Producer clientId=order-creation-service-producer-1] Instantiated an idempotent producer.
2025-06-22T11:08:07.263+05:30  INFO 97200 --- [order-creation-service] [http-nio-8080-exec-1] o.a.kafka.common.utils.AppInfoParser     : Kafka version: 3.9.1
2025-06-22T11:08:07.263+05:30  INFO 97200 --- [order-creation-service] [http-nio-8080-exec-1] o.a.kafka.common.utils.AppInfoParser     : Kafka commitId: f745dfdcee2b9851
2025-06-22T11:08:07.263+05:30  INFO 97200 --- [order-creation-service] [http-nio-8080-exec-1] o.a.kafka.common.utils.AppInfoParser     : Kafka startTimeMs: 1750570687263
2025-06-22T11:08:07.264+05:30 DEBUG 97200 --- [order-creation-service] [http-nio-8080-exec-1] o.s.k.core.DefaultKafkaProducerFactory   : Created new Producer: CloseSafeProducer [delegate=org.apache.kafka.clients.producer.KafkaProducer@6f9c537a]
2025-06-22T11:08:07.359+05:30  WARN 97200 --- [order-creation-service] [kafka-producer-network-thread | order-creation-service-producer-1] org.apache.kafka.clients.NetworkClient   : [Producer clientId=order-creation-service-producer-1] The metadata response from the cluster reported a recoverable issue with correlation id 1 : {orders-raw=UNKNOWN_TOPIC_OR_PARTITION}
2025-06-22T11:08:07.359+05:30  INFO 97200 --- [order-creation-service] [kafka-producer-network-thread | order-creation-service-producer-1] org.apache.kafka.clients.Metadata        : [Producer clientId=order-creation-service-producer-1] Cluster ID: hNlYf2QxS1aP3cR5tG7uZ9vB0dE4kF6j
2025-06-22T11:08:07.469+05:30  INFO 97200 --- [order-creation-service] [kafka-producer-network-thread | order-creation-service-producer-1] o.a.k.c.p.internals.TransactionManager   : [Producer clientId=order-creation-service-producer-1] ProducerId set to 0 with epoch 0
2025-06-22T11:08:07.511+05:30  INFO 97200 --- [order-creation-service] [kafka-producer-network-thread | order-creation-service-producer-1] c.m.s.service.OrderEventProducer         : Successfully published Order: basic-001 to topic: orders-raw at offset: 0
2025-06-22T11:10:15.673+05:30  INFO 97200 --- [order-creation-service] [SpringApplicationShutdownHook] o.s.b.w.e.tomcat.GracefulShutdown        : Commencing graceful shutdown. Waiting for active requests to complete
2025-06-22T11:10:17.686+05:30  INFO 97200 --- [order-creation-service] [tomcat-shutdown] o.s.b.w.e.tomcat.GracefulShutdown        : Graceful shutdown complete
2025-06-22T11:10:17.691+05:30  INFO 97200 --- [order-creation-service] [SpringApplicationShutdownHook] o.a.k.clients.producer.KafkaProducer     : [Producer clientId=order-creation-service-producer-1] Closing the Kafka producer with timeoutMillis = 30000 ms.
2025-06-22T11:10:17.698+05:30  INFO 97200 --- [order-creation-service] [SpringApplicationShutdownHook] o.apache.kafka.common.metrics.Metrics    : Metrics scheduler closed
2025-06-22T11:10:17.698+05:30  INFO 97200 --- [order-creation-service] [SpringApplicationShutdownHook] o.apache.kafka.common.metrics.Metrics    : Closing reporter org.apache.kafka.common.metrics.JmxReporter
2025-06-22T11:10:17.698+05:30  INFO 97200 --- [order-creation-service] [SpringApplicationShutdownHook] o.apache.kafka.common.metrics.Metrics    : Closing reporter org.apache.kafka.common.telemetry.internals.ClientTelemetryReporter
2025-06-22T11:10:17.698+05:30  INFO 97200 --- [order-creation-service] [SpringApplicationShutdownHook] o.apache.kafka.common.metrics.Metrics    : Metrics reporters closed
2025-06-22T11:10:17.699+05:30  INFO 97200 --- [order-creation-service] [SpringApplicationShutdownHook] o.a.kafka.common.utils.AppInfoParser     : App info kafka.producer for order-creation-service-producer-1 unregistered
