WARNING: A restricted method in java.lang.System has been called
WARNING: java.lang.System::load has been called by org.fusesource.jansi.internal.JansiLoader in an unnamed module (file:/opt/homebrew/Cellar/maven/3.9.9/libexec/lib/jansi-2.4.1.jar)
WARNING: Use --enable-native-access=ALL-UNNAMED to avoid a warning for callers in this module
WARNING: Restricted methods will be blocked in a future release unless native access is enabled

WARNING: A terminally deprecated method in sun.misc.Unsafe has been called
WARNING: sun.misc.Unsafe::objectFieldOffset has been called by com.google.common.util.concurrent.AbstractFuture$UnsafeAtomicHelper (file:/opt/homebrew/Cellar/maven/3.9.9/libexec/lib/guava-33.2.1-jre.jar)
WARNING: Please consider reporting this to the maintainers of class com.google.common.util.concurrent.AbstractFuture$UnsafeAtomicHelper
WARNING: sun.misc.Unsafe::objectFieldOffset will be removed in a future release
[INFO] Scanning for projects...
[INFO] 
[INFO] -------------< com.mobox:streamer-order-consumer-service >--------------
[INFO] Building streamer-order-consumer-service 0.0.1-SNAPSHOT
[INFO]   from pom.xml
[INFO] --------------------------------[ jar ]---------------------------------
[INFO] 
[INFO] >>> spring-boot:3.5.3:run (default-cli) > test-compile @ streamer-order-consumer-service >>>
[INFO] 
[INFO] --- resources:3.3.1:resources (default-resources) @ streamer-order-consumer-service ---
[INFO] Copying 1 resource from src/main/resources to target/classes
[INFO] Copying 0 resource from src/main/resources to target/classes
[INFO] 
[INFO] --- compiler:3.14.0:compile (default-compile) @ streamer-order-consumer-service ---
[INFO] Recompiling the module because of added or removed source files.
[INFO] Compiling 3 source files with javac [debug parameters release 24] to target/classes
[INFO] 
[INFO] --- resources:3.3.1:testResources (default-testResources) @ streamer-order-consumer-service ---
[INFO] skip non existing resourceDirectory /Users/sagar/Projects/UltraProduction/Streamer/streamer-order-consumer-service/src/test/resources
[INFO] 
[INFO] --- compiler:3.14.0:testCompile (default-testCompile) @ streamer-order-consumer-service ---
[INFO] Recompiling the module because of changed dependency.
[INFO] Compiling 1 source file with javac [debug parameters release 24] to target/test-classes
[INFO] 
[INFO] <<< spring-boot:3.5.3:run (default-cli) < test-compile @ streamer-order-consumer-service <<<
[INFO] 
[INFO] 
[INFO] --- spring-boot:3.5.3:run (default-cli) @ streamer-order-consumer-service ---
[INFO] Attaching agents: []

  .   ____          _            __ _ _
 /\\ / ___'_ __ _ _(_)_ __  __ _ \ \ \ \
( ( )\___ | '_ | '_| | '_ \/ _` | \ \ \ \
 \\/  ___)| |_)| | | | | || (_| |  ) ) ) )
  '  |____| .__|_| |_|_| |_\__, | / / / /
 =========|_|==============|___/=/_/_/_/

 :: Spring Boot ::                (v3.5.3)

2025-06-21 17:40:46 [main] INFO  c.m.s.StreamerOrderConsumerServiceApplication - Starting StreamerOrderConsumerServiceApplication using Java 24 with PID 22324 (/Users/sagar/Projects/UltraProduction/Streamer/streamer-order-consumer-service/target/classes started by sagar in /Users/sagar/Projects/UltraProduction/Streamer/streamer-order-consumer-service)
2025-06-21 17:40:46 [main] DEBUG c.m.s.StreamerOrderConsumerServiceApplication - Running with Spring Boot v3.5.3, Spring v6.2.8
2025-06-21 17:40:46 [main] INFO  c.m.s.StreamerOrderConsumerServiceApplication - No active profile set, falling back to 1 default profile: "default"
2025-06-21 17:40:46 [main] INFO  o.s.b.w.e.tomcat.TomcatWebServer - Tomcat initialized with port 8082 (http)
2025-06-21 17:40:46 [main] INFO  o.a.catalina.core.StandardService - Starting service [Tomcat]
2025-06-21 17:40:46 [main] INFO  o.a.catalina.core.StandardEngine - Starting Servlet engine: [Apache Tomcat/10.1.42]
2025-06-21 17:40:46 [main] INFO  o.a.c.c.C.[Tomcat].[localhost].[/] - Initializing Spring embedded WebApplicationContext
2025-06-21 17:40:46 [main] INFO  o.s.b.w.s.c.ServletWebServerApplicationContext - Root WebApplicationContext: initialization completed in 224 ms
2025-06-21 17:40:46 [main] DEBUG o.s.k.a.KafkaListenerAnnotationBeanPostProcessor - No retry topic configuration found for topics [orders-processed]
2025-06-21 17:40:46 [main] DEBUG o.s.k.a.KafkaListenerAnnotationBeanPostProcessor - 1 @KafkaListener methods processed on bean 'processedOrderConsumer': {public void com.mobox.streamerorderconsumerservice.consumer.ProcessedOrderConsumer.listenProcessedOrders(com.mobox.streamerorderconsumerservice.model.ProcessedOrder)=[@org.springframework.kafka.annotation.KafkaListener(topicPattern="", contentTypeConverter="", containerFactory="", beanRef="__listener", topics={"${app.kafka.topics.orders-processed}"}, groupId="${spring.kafka.consumer.group-id}", batch="", topicPartitions={}, clientIdPrefix="", splitIterables=true, concurrency="", autoStartup="", filter="", containerGroup="", idIsGroup=true, errorHandler="", id="", containerPostProcessor="", properties={}, info="")]}
2025-06-21 17:40:46 [main] INFO  o.s.b.w.e.tomcat.TomcatWebServer - Tomcat started on port 8082 (http) with context path '/'
2025-06-21 17:40:46 [main] INFO  o.a.k.c.consumer.ConsumerConfig - ConsumerConfig values: 
	allow.auto.create.topics = true
	auto.commit.interval.ms = 5000
	auto.include.jmx.reporter = true
	auto.offset.reset = earliest
	bootstrap.servers = [localhost:9092]
	check.crcs = true
	client.dns.lookup = use_all_dns_ips
	client.id = consumer-order-notification-group-1
	client.rack = 
	connections.max.idle.ms = 540000
	default.api.timeout.ms = 60000
	enable.auto.commit = false
	enable.metrics.push = true
	exclude.internal.topics = true
	fetch.max.bytes = 52428800
	fetch.max.wait.ms = 500
	fetch.min.bytes = 1
	group.id = order-notification-group
	group.instance.id = null
	group.protocol = classic
	group.remote.assignor = null
	heartbeat.interval.ms = 3000
	interceptor.classes = []
	internal.leave.group.on.close = true
	internal.throw.on.fetch.stable.offset.unsupported = false
	isolation.level = read_uncommitted
	key.deserializer = class org.apache.kafka.common.serialization.StringDeserializer
	max.partition.fetch.bytes = 1048576
	max.poll.interval.ms = 300000
	max.poll.records = 500
	metadata.max.age.ms = 300000
	metadata.recovery.strategy = none
	metric.reporters = []
	metrics.num.samples = 2
	metrics.recording.level = INFO
	metrics.sample.window.ms = 30000
	partition.assignment.strategy = [class org.apache.kafka.clients.consumer.RangeAssignor, class org.apache.kafka.clients.consumer.CooperativeStickyAssignor]
	receive.buffer.bytes = 65536
	reconnect.backoff.max.ms = 1000
	reconnect.backoff.ms = 50
	request.timeout.ms = 30000
	retry.backoff.max.ms = 1000
	retry.backoff.ms = 100
	sasl.client.callback.handler.class = null
	sasl.jaas.config = null
	sasl.kerberos.kinit.cmd = /usr/bin/kinit
	sasl.kerberos.min.time.before.relogin = 60000
	sasl.kerberos.service.name = null
	sasl.kerberos.ticket.renew.jitter = 0.05
	sasl.kerberos.ticket.renew.window.factor = 0.8
	sasl.login.callback.handler.class = null
	sasl.login.class = null
	sasl.login.connect.timeout.ms = null
	sasl.login.read.timeout.ms = null
	sasl.login.refresh.buffer.seconds = 300
	sasl.login.refresh.min.period.seconds = 60
	sasl.login.refresh.window.factor = 0.8
	sasl.login.refresh.window.jitter = 0.05
	sasl.login.retry.backoff.max.ms = 10000
	sasl.login.retry.backoff.ms = 100
	sasl.mechanism = GSSAPI
	sasl.oauthbearer.clock.skew.seconds = 30
	sasl.oauthbearer.expected.audience = null
	sasl.oauthbearer.expected.issuer = null
	sasl.oauthbearer.header.urlencode = false
	sasl.oauthbearer.jwks.endpoint.refresh.ms = 3600000
	sasl.oauthbearer.jwks.endpoint.retry.backoff.max.ms = 10000
	sasl.oauthbearer.jwks.endpoint.retry.backoff.ms = 100
	sasl.oauthbearer.jwks.endpoint.url = null
	sasl.oauthbearer.scope.claim.name = scope
	sasl.oauthbearer.sub.claim.name = sub
	sasl.oauthbearer.token.endpoint.url = null
	security.protocol = PLAINTEXT
	security.providers = null
	send.buffer.bytes = 131072
	session.timeout.ms = 45000
	socket.connection.setup.timeout.max.ms = 30000
	socket.connection.setup.timeout.ms = 10000
	ssl.cipher.suites = null
	ssl.enabled.protocols = [TLSv1.2, TLSv1.3]
	ssl.endpoint.identification.algorithm = https
	ssl.engine.factory.class = null
	ssl.key.password = null
	ssl.keymanager.algorithm = SunX509
	ssl.keystore.certificate.chain = null
	ssl.keystore.key = null
	ssl.keystore.location = null
	ssl.keystore.password = null
	ssl.keystore.type = JKS
	ssl.protocol = TLSv1.3
	ssl.provider = null
	ssl.secure.random.implementation = null
	ssl.trustmanager.algorithm = PKIX
	ssl.truststore.certificates = null
	ssl.truststore.location = null
	ssl.truststore.password = null
	ssl.truststore.type = JKS
	value.deserializer = class org.springframework.kafka.support.serializer.JsonDeserializer

2025-06-21 17:40:46 [main] INFO  o.a.k.c.t.i.KafkaMetricsCollector - initializing Kafka metrics collector
2025-06-21 17:40:46 [main] INFO  o.a.kafka.common.utils.AppInfoParser - Kafka version: 3.9.1
2025-06-21 17:40:46 [main] INFO  o.a.kafka.common.utils.AppInfoParser - Kafka commitId: f745dfdcee2b9851
2025-06-21 17:40:46 [main] INFO  o.a.kafka.common.utils.AppInfoParser - Kafka startTimeMs: 1750507846773
2025-06-21 17:40:46 [main] INFO  o.a.k.c.c.i.ClassicKafkaConsumer - [Consumer clientId=consumer-order-notification-group-1, groupId=order-notification-group] Subscribed to topic(s): orders-processed
2025-06-21 17:40:46 [org.springframework.kafka.KafkaListenerEndpointContainer#0-0-C-1] DEBUG o.s.k.l.KafkaMessageListenerContainer - Commit list: {}
2025-06-21 17:40:46 [main] INFO  c.m.s.StreamerOrderConsumerServiceApplication - Started StreamerOrderConsumerServiceApplication in 0.576 seconds (process running for 0.658)
2025-06-21 17:40:46 [org.springframework.kafka.KafkaListenerEndpointContainer#0-0-C-1] INFO  org.apache.kafka.clients.Metadata - [Consumer clientId=consumer-order-notification-group-1, groupId=order-notification-group] Cluster ID: hNlYf2QxS1aP3cR5tG7uZ9vB0dE4kF6j
2025-06-21 17:40:51 [org.springframework.kafka.KafkaListenerEndpointContainer#0-0-C-1] DEBUG o.s.k.l.KafkaMessageListenerContainer - Received: 0 records
2025-06-21 17:40:51 [org.springframework.kafka.KafkaListenerEndpointContainer#0-0-C-1] DEBUG o.s.k.l.KafkaMessageListenerContainer - Commit list: {}
2025-06-21 17:40:56 [org.springframework.kafka.KafkaListenerEndpointContainer#0-0-C-1] DEBUG o.s.k.l.KafkaMessageListenerContainer - Received: 0 records
2025-06-21 17:40:56 [org.springframework.kafka.KafkaListenerEndpointContainer#0-0-C-1] DEBUG o.s.k.l.KafkaMessageListenerContainer - Commit list: {}
2025-06-21 17:41:01 [org.springframework.kafka.KafkaListenerEndpointContainer#0-0-C-1] DEBUG o.s.k.l.KafkaMessageListenerContainer - Received: 0 records
2025-06-21 17:41:01 [org.springframework.kafka.KafkaListenerEndpointContainer#0-0-C-1] DEBUG o.s.k.l.KafkaMessageListenerContainer - Commit list: {}
2025-06-21 17:41:06 [org.springframework.kafka.KafkaListenerEndpointContainer#0-0-C-1] DEBUG o.s.k.l.KafkaMessageListenerContainer - Received: 0 records
2025-06-21 17:41:06 [org.springframework.kafka.KafkaListenerEndpointContainer#0-0-C-1] DEBUG o.s.k.l.KafkaMessageListenerContainer - Commit list: {}
2025-06-21 17:41:11 [org.springframework.kafka.KafkaListenerEndpointContainer#0-0-C-1] DEBUG o.s.k.l.KafkaMessageListenerContainer - Received: 0 records
2025-06-21 17:41:11 [org.springframework.kafka.KafkaListenerEndpointContainer#0-0-C-1] DEBUG o.s.k.l.KafkaMessageListenerContainer - Commit list: {}
2025-06-21 17:41:16 [org.springframework.kafka.KafkaListenerEndpointContainer#0-0-C-1] DEBUG o.s.k.l.KafkaMessageListenerContainer - Received: 0 records
2025-06-21 17:41:16 [org.springframework.kafka.KafkaListenerEndpointContainer#0-0-C-1] DEBUG o.s.k.l.KafkaMessageListenerContainer - Commit list: {}
2025-06-21 17:41:21 [org.springframework.kafka.KafkaListenerEndpointContainer#0-0-C-1] DEBUG o.s.k.l.KafkaMessageListenerContainer - Received: 0 records
2025-06-21 17:41:21 [org.springframework.kafka.KafkaListenerEndpointContainer#0-0-C-1] DEBUG o.s.k.l.KafkaMessageListenerContainer - Commit list: {}
2025-06-21 17:41:26 [org.springframework.kafka.KafkaListenerEndpointContainer#0-0-C-1] DEBUG o.s.k.l.KafkaMessageListenerContainer - Received: 0 records
2025-06-21 17:41:26 [org.springframework.kafka.KafkaListenerEndpointContainer#0-0-C-1] DEBUG o.s.k.l.KafkaMessageListenerContainer - Commit list: {}
2025-06-21 17:41:31 [org.springframework.kafka.KafkaListenerEndpointContainer#0-0-C-1] DEBUG o.s.k.l.KafkaMessageListenerContainer - Received: 0 records
2025-06-21 17:41:31 [org.springframework.kafka.KafkaListenerEndpointContainer#0-0-C-1] DEBUG o.s.k.l.KafkaMessageListenerContainer - Commit list: {}
2025-06-21 17:41:36 [org.springframework.kafka.KafkaListenerEndpointContainer#0-0-C-1] DEBUG o.s.k.l.KafkaMessageListenerContainer - Received: 0 records
2025-06-21 17:41:36 [org.springframework.kafka.KafkaListenerEndpointContainer#0-0-C-1] DEBUG o.s.k.l.KafkaMessageListenerContainer - Commit list: {}
2025-06-21 17:41:41 [org.springframework.kafka.KafkaListenerEndpointContainer#0-0-C-1] DEBUG o.s.k.l.KafkaMessageListenerContainer - Received: 0 records
2025-06-21 17:41:41 [org.springframework.kafka.KafkaListenerEndpointContainer#0-0-C-1] DEBUG o.s.k.l.KafkaMessageListenerContainer - Commit list: {}
2025-06-21 17:41:46 [org.springframework.kafka.KafkaListenerEndpointContainer#0-0-C-1] DEBUG o.s.k.l.KafkaMessageListenerContainer - Received: 0 records
2025-06-21 17:41:46 [org.springframework.kafka.KafkaListenerEndpointContainer#0-0-C-1] DEBUG o.s.k.l.KafkaMessageListenerContainer - Commit list: {}
2025-06-21 17:41:51 [org.springframework.kafka.KafkaListenerEndpointContainer#0-0-C-1] DEBUG o.s.k.l.KafkaMessageListenerContainer - Received: 0 records
2025-06-21 17:41:51 [org.springframework.kafka.KafkaListenerEndpointContainer#0-0-C-1] DEBUG o.s.k.l.KafkaMessageListenerContainer - Commit list: {}
2025-06-21 17:41:56 [org.springframework.kafka.KafkaListenerEndpointContainer#0-0-C-1] DEBUG o.s.k.l.KafkaMessageListenerContainer - Received: 0 records
2025-06-21 17:41:56 [org.springframework.kafka.KafkaListenerEndpointContainer#0-0-C-1] DEBUG o.s.k.l.KafkaMessageListenerContainer - Commit list: {}
2025-06-21 17:42:01 [org.springframework.kafka.KafkaListenerEndpointContainer#0-0-C-1] DEBUG o.s.k.l.KafkaMessageListenerContainer - Received: 0 records
2025-06-21 17:42:01 [org.springframework.kafka.KafkaListenerEndpointContainer#0-0-C-1] DEBUG o.s.k.l.KafkaMessageListenerContainer - Commit list: {}
2025-06-21 17:42:06 [org.springframework.kafka.KafkaListenerEndpointContainer#0-0-C-1] DEBUG o.s.k.l.KafkaMessageListenerContainer - Received: 0 records
2025-06-21 17:42:06 [org.springframework.kafka.KafkaListenerEndpointContainer#0-0-C-1] DEBUG o.s.k.l.KafkaMessageListenerContainer - Commit list: {}
2025-06-21 17:42:11 [org.springframework.kafka.KafkaListenerEndpointContainer#0-0-C-1] DEBUG o.s.k.l.KafkaMessageListenerContainer - Received: 0 records
2025-06-21 17:42:11 [org.springframework.kafka.KafkaListenerEndpointContainer#0-0-C-1] DEBUG o.s.k.l.KafkaMessageListenerContainer - Commit list: {}
2025-06-21 17:42:16 [org.springframework.kafka.KafkaListenerEndpointContainer#0-0-C-1] DEBUG o.s.k.l.KafkaMessageListenerContainer - Received: 0 records
2025-06-21 17:42:16 [org.springframework.kafka.KafkaListenerEndpointContainer#0-0-C-1] DEBUG o.s.k.l.KafkaMessageListenerContainer - Commit list: {}
2025-06-21 17:42:21 [org.springframework.kafka.KafkaListenerEndpointContainer#0-0-C-1] DEBUG o.s.k.l.KafkaMessageListenerContainer - Received: 0 records
2025-06-21 17:42:21 [org.springframework.kafka.KafkaListenerEndpointContainer#0-0-C-1] DEBUG o.s.k.l.KafkaMessageListenerContainer - Commit list: {}
2025-06-21 17:42:26 [org.springframework.kafka.KafkaListenerEndpointContainer#0-0-C-1] DEBUG o.s.k.l.KafkaMessageListenerContainer - Received: 0 records
2025-06-21 17:42:26 [org.springframework.kafka.KafkaListenerEndpointContainer#0-0-C-1] DEBUG o.s.k.l.KafkaMessageListenerContainer - Commit list: {}
2025-06-21 17:42:31 [org.springframework.kafka.KafkaListenerEndpointContainer#0-0-C-1] DEBUG o.s.k.l.KafkaMessageListenerContainer - Received: 0 records
2025-06-21 17:42:31 [org.springframework.kafka.KafkaListenerEndpointContainer#0-0-C-1] DEBUG o.s.k.l.KafkaMessageListenerContainer - Commit list: {}
2025-06-21 17:42:36 [org.springframework.kafka.KafkaListenerEndpointContainer#0-0-C-1] DEBUG o.s.k.l.KafkaMessageListenerContainer - Received: 0 records
2025-06-21 17:42:36 [org.springframework.kafka.KafkaListenerEndpointContainer#0-0-C-1] DEBUG o.s.k.l.KafkaMessageListenerContainer - Commit list: {}
2025-06-21 17:42:41 [org.springframework.kafka.KafkaListenerEndpointContainer#0-0-C-1] DEBUG o.s.k.l.KafkaMessageListenerContainer - Received: 0 records
2025-06-21 17:42:41 [org.springframework.kafka.KafkaListenerEndpointContainer#0-0-C-1] DEBUG o.s.k.l.KafkaMessageListenerContainer - Commit list: {}
2025-06-21 17:42:46 [org.springframework.kafka.KafkaListenerEndpointContainer#0-0-C-1] DEBUG o.s.k.l.KafkaMessageListenerContainer - Received: 0 records
2025-06-21 17:42:46 [org.springframework.kafka.KafkaListenerEndpointContainer#0-0-C-1] DEBUG o.s.k.l.KafkaMessageListenerContainer - Commit list: {}
2025-06-21 17:42:51 [org.springframework.kafka.KafkaListenerEndpointContainer#0-0-C-1] DEBUG o.s.k.l.KafkaMessageListenerContainer - Received: 0 records
2025-06-21 17:42:51 [org.springframework.kafka.KafkaListenerEndpointContainer#0-0-C-1] DEBUG o.s.k.l.KafkaMessageListenerContainer - Commit list: {}
2025-06-21 17:42:56 [org.springframework.kafka.KafkaListenerEndpointContainer#0-0-C-1] DEBUG o.s.k.l.KafkaMessageListenerContainer - Received: 0 records
2025-06-21 17:42:56 [org.springframework.kafka.KafkaListenerEndpointContainer#0-0-C-1] DEBUG o.s.k.l.KafkaMessageListenerContainer - Commit list: {}
2025-06-21 17:43:01 [org.springframework.kafka.KafkaListenerEndpointContainer#0-0-C-1] DEBUG o.s.k.l.KafkaMessageListenerContainer - Received: 0 records
2025-06-21 17:43:01 [org.springframework.kafka.KafkaListenerEndpointContainer#0-0-C-1] DEBUG o.s.k.l.KafkaMessageListenerContainer - Commit list: {}
2025-06-21 17:43:06 [org.springframework.kafka.KafkaListenerEndpointContainer#0-0-C-1] DEBUG o.s.k.l.KafkaMessageListenerContainer - Received: 0 records
2025-06-21 17:43:06 [org.springframework.kafka.KafkaListenerEndpointContainer#0-0-C-1] DEBUG o.s.k.l.KafkaMessageListenerContainer - Commit list: {}
2025-06-21 17:43:11 [org.springframework.kafka.KafkaListenerEndpointContainer#0-0-C-1] DEBUG o.s.k.l.KafkaMessageListenerContainer - Received: 0 records
2025-06-21 17:43:11 [org.springframework.kafka.KafkaListenerEndpointContainer#0-0-C-1] DEBUG o.s.k.l.KafkaMessageListenerContainer - Commit list: {}
2025-06-21 17:43:16 [org.springframework.kafka.KafkaListenerEndpointContainer#0-0-C-1] DEBUG o.s.k.l.KafkaMessageListenerContainer - Received: 0 records
2025-06-21 17:43:16 [org.springframework.kafka.KafkaListenerEndpointContainer#0-0-C-1] DEBUG o.s.k.l.KafkaMessageListenerContainer - Commit list: {}
2025-06-21 17:43:21 [org.springframework.kafka.KafkaListenerEndpointContainer#0-0-C-1] DEBUG o.s.k.l.KafkaMessageListenerContainer - Received: 0 records
2025-06-21 17:43:21 [org.springframework.kafka.KafkaListenerEndpointContainer#0-0-C-1] DEBUG o.s.k.l.KafkaMessageListenerContainer - Commit list: {}
2025-06-21 17:43:26 [org.springframework.kafka.KafkaListenerEndpointContainer#0-0-C-1] DEBUG o.s.k.l.KafkaMessageListenerContainer - Received: 0 records
2025-06-21 17:43:26 [org.springframework.kafka.KafkaListenerEndpointContainer#0-0-C-1] DEBUG o.s.k.l.KafkaMessageListenerContainer - Commit list: {}
2025-06-21 17:43:31 [org.springframework.kafka.KafkaListenerEndpointContainer#0-0-C-1] DEBUG o.s.k.l.KafkaMessageListenerContainer - Received: 0 records
2025-06-21 17:43:31 [org.springframework.kafka.KafkaListenerEndpointContainer#0-0-C-1] DEBUG o.s.k.l.KafkaMessageListenerContainer - Commit list: {}
2025-06-21 17:43:36 [org.springframework.kafka.KafkaListenerEndpointContainer#0-0-C-1] DEBUG o.s.k.l.KafkaMessageListenerContainer - Received: 0 records
2025-06-21 17:43:36 [org.springframework.kafka.KafkaListenerEndpointContainer#0-0-C-1] DEBUG o.s.k.l.KafkaMessageListenerContainer - Commit list: {}
2025-06-21 17:43:41 [org.springframework.kafka.KafkaListenerEndpointContainer#0-0-C-1] DEBUG o.s.k.l.KafkaMessageListenerContainer - Received: 0 records
2025-06-21 17:43:41 [org.springframework.kafka.KafkaListenerEndpointContainer#0-0-C-1] DEBUG o.s.k.l.KafkaMessageListenerContainer - Commit list: {}
2025-06-21 17:43:46 [org.springframework.kafka.KafkaListenerEndpointContainer#0-0-C-1] DEBUG o.s.k.l.KafkaMessageListenerContainer - Received: 0 records
2025-06-21 17:43:46 [org.springframework.kafka.KafkaListenerEndpointContainer#0-0-C-1] DEBUG o.s.k.l.KafkaMessageListenerContainer - Commit list: {}
2025-06-21 17:43:51 [org.springframework.kafka.KafkaListenerEndpointContainer#0-0-C-1] DEBUG o.s.k.l.KafkaMessageListenerContainer - Received: 0 records
2025-06-21 17:43:51 [org.springframework.kafka.KafkaListenerEndpointContainer#0-0-C-1] DEBUG o.s.k.l.KafkaMessageListenerContainer - Commit list: {}
2025-06-21 17:43:56 [org.springframework.kafka.KafkaListenerEndpointContainer#0-0-C-1] DEBUG o.s.k.l.KafkaMessageListenerContainer - Received: 0 records
2025-06-21 17:43:56 [org.springframework.kafka.KafkaListenerEndpointContainer#0-0-C-1] DEBUG o.s.k.l.KafkaMessageListenerContainer - Commit list: {}
2025-06-21 17:44:01 [org.springframework.kafka.KafkaListenerEndpointContainer#0-0-C-1] DEBUG o.s.k.l.KafkaMessageListenerContainer - Received: 0 records
2025-06-21 17:44:01 [org.springframework.kafka.KafkaListenerEndpointContainer#0-0-C-1] DEBUG o.s.k.l.KafkaMessageListenerContainer - Commit list: {}
2025-06-21 17:44:06 [org.springframework.kafka.KafkaListenerEndpointContainer#0-0-C-1] DEBUG o.s.k.l.KafkaMessageListenerContainer - Received: 0 records
2025-06-21 17:44:06 [org.springframework.kafka.KafkaListenerEndpointContainer#0-0-C-1] DEBUG o.s.k.l.KafkaMessageListenerContainer - Commit list: {}
2025-06-21 17:44:11 [org.springframework.kafka.KafkaListenerEndpointContainer#0-0-C-1] DEBUG o.s.k.l.KafkaMessageListenerContainer - Received: 0 records
2025-06-21 17:44:11 [org.springframework.kafka.KafkaListenerEndpointContainer#0-0-C-1] DEBUG o.s.k.l.KafkaMessageListenerContainer - Commit list: {}
2025-06-21 17:44:16 [org.springframework.kafka.KafkaListenerEndpointContainer#0-0-C-1] DEBUG o.s.k.l.KafkaMessageListenerContainer - Received: 0 records
2025-06-21 17:44:16 [org.springframework.kafka.KafkaListenerEndpointContainer#0-0-C-1] DEBUG o.s.k.l.KafkaMessageListenerContainer - Commit list: {}
2025-06-21 17:44:21 [org.springframework.kafka.KafkaListenerEndpointContainer#0-0-C-1] DEBUG o.s.k.l.KafkaMessageListenerContainer - Received: 0 records
2025-06-21 17:44:21 [org.springframework.kafka.KafkaListenerEndpointContainer#0-0-C-1] DEBUG o.s.k.l.KafkaMessageListenerContainer - Commit list: {}
2025-06-21 17:44:26 [org.springframework.kafka.KafkaListenerEndpointContainer#0-0-C-1] DEBUG o.s.k.l.KafkaMessageListenerContainer - Received: 0 records
2025-06-21 17:44:26 [org.springframework.kafka.KafkaListenerEndpointContainer#0-0-C-1] DEBUG o.s.k.l.KafkaMessageListenerContainer - Commit list: {}
2025-06-21 17:44:31 [org.springframework.kafka.KafkaListenerEndpointContainer#0-0-C-1] DEBUG o.s.k.l.KafkaMessageListenerContainer - Received: 0 records
2025-06-21 17:44:31 [org.springframework.kafka.KafkaListenerEndpointContainer#0-0-C-1] DEBUG o.s.k.l.KafkaMessageListenerContainer - Commit list: {}
2025-06-21 17:44:36 [org.springframework.kafka.KafkaListenerEndpointContainer#0-0-C-1] DEBUG o.s.k.l.KafkaMessageListenerContainer - Received: 0 records
2025-06-21 17:44:36 [org.springframework.kafka.KafkaListenerEndpointContainer#0-0-C-1] DEBUG o.s.k.l.KafkaMessageListenerContainer - Commit list: {}
2025-06-21 17:44:42 [org.springframework.kafka.KafkaListenerEndpointContainer#0-0-C-1] DEBUG o.s.k.l.KafkaMessageListenerContainer - Received: 0 records
2025-06-21 17:44:42 [org.springframework.kafka.KafkaListenerEndpointContainer#0-0-C-1] DEBUG o.s.k.l.KafkaMessageListenerContainer - Commit list: {}
2025-06-21 17:44:47 [org.springframework.kafka.KafkaListenerEndpointContainer#0-0-C-1] DEBUG o.s.k.l.KafkaMessageListenerContainer - Received: 0 records
2025-06-21 17:44:47 [org.springframework.kafka.KafkaListenerEndpointContainer#0-0-C-1] DEBUG o.s.k.l.KafkaMessageListenerContainer - Commit list: {}
2025-06-21 17:44:52 [org.springframework.kafka.KafkaListenerEndpointContainer#0-0-C-1] DEBUG o.s.k.l.KafkaMessageListenerContainer - Received: 0 records
2025-06-21 17:44:52 [org.springframework.kafka.KafkaListenerEndpointContainer#0-0-C-1] DEBUG o.s.k.l.KafkaMessageListenerContainer - Commit list: {}
2025-06-21 17:44:57 [org.springframework.kafka.KafkaListenerEndpointContainer#0-0-C-1] DEBUG o.s.k.l.KafkaMessageListenerContainer - Received: 0 records
2025-06-21 17:44:57 [org.springframework.kafka.KafkaListenerEndpointContainer#0-0-C-1] DEBUG o.s.k.l.KafkaMessageListenerContainer - Commit list: {}
2025-06-21 17:45:02 [org.springframework.kafka.KafkaListenerEndpointContainer#0-0-C-1] DEBUG o.s.k.l.KafkaMessageListenerContainer - Received: 0 records
2025-06-21 17:45:02 [org.springframework.kafka.KafkaListenerEndpointContainer#0-0-C-1] DEBUG o.s.k.l.KafkaMessageListenerContainer - Commit list: {}
2025-06-21 17:45:07 [org.springframework.kafka.KafkaListenerEndpointContainer#0-0-C-1] DEBUG o.s.k.l.KafkaMessageListenerContainer - Received: 0 records
2025-06-21 17:45:07 [org.springframework.kafka.KafkaListenerEndpointContainer#0-0-C-1] DEBUG o.s.k.l.KafkaMessageListenerContainer - Commit list: {}
2025-06-21 17:45:12 [org.springframework.kafka.KafkaListenerEndpointContainer#0-0-C-1] DEBUG o.s.k.l.KafkaMessageListenerContainer - Received: 0 records
2025-06-21 17:45:12 [org.springframework.kafka.KafkaListenerEndpointContainer#0-0-C-1] DEBUG o.s.k.l.KafkaMessageListenerContainer - Commit list: {}
2025-06-21 17:45:17 [org.springframework.kafka.KafkaListenerEndpointContainer#0-0-C-1] DEBUG o.s.k.l.KafkaMessageListenerContainer - Received: 0 records
2025-06-21 17:45:17 [org.springframework.kafka.KafkaListenerEndpointContainer#0-0-C-1] DEBUG o.s.k.l.KafkaMessageListenerContainer - Commit list: {}
2025-06-21 17:45:22 [org.springframework.kafka.KafkaListenerEndpointContainer#0-0-C-1] DEBUG o.s.k.l.KafkaMessageListenerContainer - Received: 0 records
2025-06-21 17:45:22 [org.springframework.kafka.KafkaListenerEndpointContainer#0-0-C-1] DEBUG o.s.k.l.KafkaMessageListenerContainer - Commit list: {}
2025-06-21 17:45:27 [org.springframework.kafka.KafkaListenerEndpointContainer#0-0-C-1] DEBUG o.s.k.l.KafkaMessageListenerContainer - Received: 0 records
2025-06-21 17:45:27 [org.springframework.kafka.KafkaListenerEndpointContainer#0-0-C-1] DEBUG o.s.k.l.KafkaMessageListenerContainer - Commit list: {}
2025-06-21 17:45:32 [org.springframework.kafka.KafkaListenerEndpointContainer#0-0-C-1] DEBUG o.s.k.l.KafkaMessageListenerContainer - Received: 0 records
2025-06-21 17:45:32 [org.springframework.kafka.KafkaListenerEndpointContainer#0-0-C-1] DEBUG o.s.k.l.KafkaMessageListenerContainer - Commit list: {}
2025-06-21 17:45:37 [org.springframework.kafka.KafkaListenerEndpointContainer#0-0-C-1] DEBUG o.s.k.l.KafkaMessageListenerContainer - Received: 0 records
2025-06-21 17:45:37 [org.springframework.kafka.KafkaListenerEndpointContainer#0-0-C-1] DEBUG o.s.k.l.KafkaMessageListenerContainer - Commit list: {}
2025-06-21 17:45:42 [org.springframework.kafka.KafkaListenerEndpointContainer#0-0-C-1] DEBUG o.s.k.l.KafkaMessageListenerContainer - Received: 0 records
2025-06-21 17:45:42 [org.springframework.kafka.KafkaListenerEndpointContainer#0-0-C-1] DEBUG o.s.k.l.KafkaMessageListenerContainer - Commit list: {}
2025-06-21 17:45:47 [org.springframework.kafka.KafkaListenerEndpointContainer#0-0-C-1] DEBUG o.s.k.l.KafkaMessageListenerContainer - Received: 0 records
2025-06-21 17:45:47 [org.springframework.kafka.KafkaListenerEndpointContainer#0-0-C-1] DEBUG o.s.k.l.KafkaMessageListenerContainer - Commit list: {}
2025-06-21 17:45:52 [org.springframework.kafka.KafkaListenerEndpointContainer#0-0-C-1] DEBUG o.s.k.l.KafkaMessageListenerContainer - Received: 0 records
2025-06-21 17:45:52 [org.springframework.kafka.KafkaListenerEndpointContainer#0-0-C-1] DEBUG o.s.k.l.KafkaMessageListenerContainer - Commit list: {}
2025-06-21 17:45:57 [org.springframework.kafka.KafkaListenerEndpointContainer#0-0-C-1] DEBUG o.s.k.l.KafkaMessageListenerContainer - Received: 0 records
2025-06-21 17:45:57 [org.springframework.kafka.KafkaListenerEndpointContainer#0-0-C-1] DEBUG o.s.k.l.KafkaMessageListenerContainer - Commit list: {}
2025-06-21 17:46:02 [org.springframework.kafka.KafkaListenerEndpointContainer#0-0-C-1] DEBUG o.s.k.l.KafkaMessageListenerContainer - Received: 0 records
2025-06-21 17:46:02 [org.springframework.kafka.KafkaListenerEndpointContainer#0-0-C-1] DEBUG o.s.k.l.KafkaMessageListenerContainer - Commit list: {}
2025-06-21 17:46:07 [org.springframework.kafka.KafkaListenerEndpointContainer#0-0-C-1] DEBUG o.s.k.l.KafkaMessageListenerContainer - Received: 0 records
2025-06-21 17:46:07 [org.springframework.kafka.KafkaListenerEndpointContainer#0-0-C-1] DEBUG o.s.k.l.KafkaMessageListenerContainer - Commit list: {}
2025-06-21 17:46:12 [org.springframework.kafka.KafkaListenerEndpointContainer#0-0-C-1] DEBUG o.s.k.l.KafkaMessageListenerContainer - Received: 0 records
2025-06-21 17:46:12 [org.springframework.kafka.KafkaListenerEndpointContainer#0-0-C-1] DEBUG o.s.k.l.KafkaMessageListenerContainer - Commit list: {}
2025-06-21 17:46:17 [org.springframework.kafka.KafkaListenerEndpointContainer#0-0-C-1] DEBUG o.s.k.l.KafkaMessageListenerContainer - Received: 0 records
2025-06-21 17:46:17 [org.springframework.kafka.KafkaListenerEndpointContainer#0-0-C-1] DEBUG o.s.k.l.KafkaMessageListenerContainer - Commit list: {}
2025-06-21 17:46:22 [org.springframework.kafka.KafkaListenerEndpointContainer#0-0-C-1] DEBUG o.s.k.l.KafkaMessageListenerContainer - Received: 0 records
2025-06-21 17:46:22 [org.springframework.kafka.KafkaListenerEndpointContainer#0-0-C-1] DEBUG o.s.k.l.KafkaMessageListenerContainer - Commit list: {}
2025-06-21 17:46:27 [org.springframework.kafka.KafkaListenerEndpointContainer#0-0-C-1] DEBUG o.s.k.l.KafkaMessageListenerContainer - Received: 0 records
2025-06-21 17:46:27 [org.springframework.kafka.KafkaListenerEndpointContainer#0-0-C-1] DEBUG o.s.k.l.KafkaMessageListenerContainer - Commit list: {}
2025-06-21 17:46:32 [org.springframework.kafka.KafkaListenerEndpointContainer#0-0-C-1] DEBUG o.s.k.l.KafkaMessageListenerContainer - Received: 0 records
2025-06-21 17:46:32 [org.springframework.kafka.KafkaListenerEndpointContainer#0-0-C-1] DEBUG o.s.k.l.KafkaMessageListenerContainer - Commit list: {}
2025-06-21 17:46:37 [org.springframework.kafka.KafkaListenerEndpointContainer#0-0-C-1] DEBUG o.s.k.l.KafkaMessageListenerContainer - Received: 0 records
2025-06-21 17:46:37 [org.springframework.kafka.KafkaListenerEndpointContainer#0-0-C-1] DEBUG o.s.k.l.KafkaMessageListenerContainer - Commit list: {}
2025-06-21 17:46:42 [org.springframework.kafka.KafkaListenerEndpointContainer#0-0-C-1] DEBUG o.s.k.l.KafkaMessageListenerContainer - Received: 0 records
2025-06-21 17:46:42 [org.springframework.kafka.KafkaListenerEndpointContainer#0-0-C-1] DEBUG o.s.k.l.KafkaMessageListenerContainer - Commit list: {}
2025-06-21 17:46:47 [org.springframework.kafka.KafkaListenerEndpointContainer#0-0-C-1] DEBUG o.s.k.l.KafkaMessageListenerContainer - Received: 0 records
2025-06-21 17:46:47 [org.springframework.kafka.KafkaListenerEndpointContainer#0-0-C-1] DEBUG o.s.k.l.KafkaMessageListenerContainer - Commit list: {}
2025-06-21 17:46:52 [org.springframework.kafka.KafkaListenerEndpointContainer#0-0-C-1] DEBUG o.s.k.l.KafkaMessageListenerContainer - Received: 0 records
2025-06-21 17:46:52 [org.springframework.kafka.KafkaListenerEndpointContainer#0-0-C-1] DEBUG o.s.k.l.KafkaMessageListenerContainer - Commit list: {}
2025-06-21 17:46:57 [org.springframework.kafka.KafkaListenerEndpointContainer#0-0-C-1] DEBUG o.s.k.l.KafkaMessageListenerContainer - Received: 0 records
2025-06-21 17:46:57 [org.springframework.kafka.KafkaListenerEndpointContainer#0-0-C-1] DEBUG o.s.k.l.KafkaMessageListenerContainer - Commit list: {}
2025-06-21 17:47:02 [org.springframework.kafka.KafkaListenerEndpointContainer#0-0-C-1] DEBUG o.s.k.l.KafkaMessageListenerContainer - Received: 0 records
2025-06-21 17:47:02 [org.springframework.kafka.KafkaListenerEndpointContainer#0-0-C-1] DEBUG o.s.k.l.KafkaMessageListenerContainer - Commit list: {}
2025-06-21 17:47:07 [org.springframework.kafka.KafkaListenerEndpointContainer#0-0-C-1] DEBUG o.s.k.l.KafkaMessageListenerContainer - Received: 0 records
2025-06-21 17:47:07 [org.springframework.kafka.KafkaListenerEndpointContainer#0-0-C-1] DEBUG o.s.k.l.KafkaMessageListenerContainer - Commit list: {}
2025-06-21 17:47:12 [org.springframework.kafka.KafkaListenerEndpointContainer#0-0-C-1] DEBUG o.s.k.l.KafkaMessageListenerContainer - Received: 0 records
2025-06-21 17:47:12 [org.springframework.kafka.KafkaListenerEndpointContainer#0-0-C-1] DEBUG o.s.k.l.KafkaMessageListenerContainer - Commit list: {}
2025-06-21 17:47:17 [org.springframework.kafka.KafkaListenerEndpointContainer#0-0-C-1] DEBUG o.s.k.l.KafkaMessageListenerContainer - Received: 0 records
2025-06-21 17:47:17 [org.springframework.kafka.KafkaListenerEndpointContainer#0-0-C-1] DEBUG o.s.k.l.KafkaMessageListenerContainer - Commit list: {}
2025-06-21 17:47:22 [org.springframework.kafka.KafkaListenerEndpointContainer#0-0-C-1] DEBUG o.s.k.l.KafkaMessageListenerContainer - Received: 0 records
2025-06-21 17:47:22 [org.springframework.kafka.KafkaListenerEndpointContainer#0-0-C-1] DEBUG o.s.k.l.KafkaMessageListenerContainer - Commit list: {}
2025-06-21 17:47:27 [org.springframework.kafka.KafkaListenerEndpointContainer#0-0-C-1] DEBUG o.s.k.l.KafkaMessageListenerContainer - Received: 0 records
2025-06-21 17:47:27 [org.springframework.kafka.KafkaListenerEndpointContainer#0-0-C-1] DEBUG o.s.k.l.KafkaMessageListenerContainer - Commit list: {}
2025-06-21 17:47:32 [org.springframework.kafka.KafkaListenerEndpointContainer#0-0-C-1] DEBUG o.s.k.l.KafkaMessageListenerContainer - Received: 0 records
2025-06-21 17:47:32 [org.springframework.kafka.KafkaListenerEndpointContainer#0-0-C-1] DEBUG o.s.k.l.KafkaMessageListenerContainer - Commit list: {}
2025-06-21 17:47:37 [org.springframework.kafka.KafkaListenerEndpointContainer#0-0-C-1] DEBUG o.s.k.l.KafkaMessageListenerContainer - Received: 0 records
2025-06-21 17:47:37 [org.springframework.kafka.KafkaListenerEndpointContainer#0-0-C-1] DEBUG o.s.k.l.KafkaMessageListenerContainer - Commit list: {}
2025-06-21 17:47:42 [org.springframework.kafka.KafkaListenerEndpointContainer#0-0-C-1] DEBUG o.s.k.l.KafkaMessageListenerContainer - Received: 0 records
2025-06-21 17:47:42 [org.springframework.kafka.KafkaListenerEndpointContainer#0-0-C-1] DEBUG o.s.k.l.KafkaMessageListenerContainer - Commit list: {}
2025-06-21 17:47:47 [org.springframework.kafka.KafkaListenerEndpointContainer#0-0-C-1] DEBUG o.s.k.l.KafkaMessageListenerContainer - Received: 0 records
2025-06-21 17:47:47 [org.springframework.kafka.KafkaListenerEndpointContainer#0-0-C-1] DEBUG o.s.k.l.KafkaMessageListenerContainer - Commit list: {}
2025-06-21 17:47:52 [org.springframework.kafka.KafkaListenerEndpointContainer#0-0-C-1] DEBUG o.s.k.l.KafkaMessageListenerContainer - Received: 0 records
2025-06-21 17:47:52 [org.springframework.kafka.KafkaListenerEndpointContainer#0-0-C-1] DEBUG o.s.k.l.KafkaMessageListenerContainer - Commit list: {}
2025-06-21 17:47:57 [org.springframework.kafka.KafkaListenerEndpointContainer#0-0-C-1] DEBUG o.s.k.l.KafkaMessageListenerContainer - Received: 0 records
2025-06-21 17:47:57 [org.springframework.kafka.KafkaListenerEndpointContainer#0-0-C-1] DEBUG o.s.k.l.KafkaMessageListenerContainer - Commit list: {}
2025-06-21 17:48:02 [org.springframework.kafka.KafkaListenerEndpointContainer#0-0-C-1] DEBUG o.s.k.l.KafkaMessageListenerContainer - Received: 0 records
2025-06-21 17:48:02 [org.springframework.kafka.KafkaListenerEndpointContainer#0-0-C-1] DEBUG o.s.k.l.KafkaMessageListenerContainer - Commit list: {}
2025-06-21 17:48:07 [org.springframework.kafka.KafkaListenerEndpointContainer#0-0-C-1] DEBUG o.s.k.l.KafkaMessageListenerContainer - Received: 0 records
2025-06-21 17:48:07 [org.springframework.kafka.KafkaListenerEndpointContainer#0-0-C-1] DEBUG o.s.k.l.KafkaMessageListenerContainer - Commit list: {}
2025-06-21 17:48:12 [org.springframework.kafka.KafkaListenerEndpointContainer#0-0-C-1] DEBUG o.s.k.l.KafkaMessageListenerContainer - Received: 0 records
2025-06-21 17:48:12 [org.springframework.kafka.KafkaListenerEndpointContainer#0-0-C-1] DEBUG o.s.k.l.KafkaMessageListenerContainer - Commit list: {}
2025-06-21 17:48:17 [org.springframework.kafka.KafkaListenerEndpointContainer#0-0-C-1] DEBUG o.s.k.l.KafkaMessageListenerContainer - Received: 0 records
2025-06-21 17:48:17 [org.springframework.kafka.KafkaListenerEndpointContainer#0-0-C-1] DEBUG o.s.k.l.KafkaMessageListenerContainer - Commit list: {}
2025-06-21 17:48:22 [org.springframework.kafka.KafkaListenerEndpointContainer#0-0-C-1] DEBUG o.s.k.l.KafkaMessageListenerContainer - Received: 0 records
2025-06-21 17:48:22 [org.springframework.kafka.KafkaListenerEndpointContainer#0-0-C-1] DEBUG o.s.k.l.KafkaMessageListenerContainer - Commit list: {}
2025-06-21 17:48:27 [org.springframework.kafka.KafkaListenerEndpointContainer#0-0-C-1] DEBUG o.s.k.l.KafkaMessageListenerContainer - Received: 0 records
2025-06-21 17:48:27 [org.springframework.kafka.KafkaListenerEndpointContainer#0-0-C-1] DEBUG o.s.k.l.KafkaMessageListenerContainer - Commit list: {}
2025-06-21 17:48:32 [org.springframework.kafka.KafkaListenerEndpointContainer#0-0-C-1] DEBUG o.s.k.l.KafkaMessageListenerContainer - Received: 0 records
2025-06-21 17:48:32 [org.springframework.kafka.KafkaListenerEndpointContainer#0-0-C-1] DEBUG o.s.k.l.KafkaMessageListenerContainer - Commit list: {}
2025-06-21 17:48:37 [org.springframework.kafka.KafkaListenerEndpointContainer#0-0-C-1] DEBUG o.s.k.l.KafkaMessageListenerContainer - Received: 0 records
2025-06-21 17:48:37 [org.springframework.kafka.KafkaListenerEndpointContainer#0-0-C-1] DEBUG o.s.k.l.KafkaMessageListenerContainer - Commit list: {}
2025-06-21 17:48:42 [org.springframework.kafka.KafkaListenerEndpointContainer#0-0-C-1] DEBUG o.s.k.l.KafkaMessageListenerContainer - Received: 0 records
2025-06-21 17:48:42 [org.springframework.kafka.KafkaListenerEndpointContainer#0-0-C-1] DEBUG o.s.k.l.KafkaMessageListenerContainer - Commit list: {}
2025-06-21 17:48:47 [org.springframework.kafka.KafkaListenerEndpointContainer#0-0-C-1] DEBUG o.s.k.l.KafkaMessageListenerContainer - Received: 0 records
2025-06-21 17:48:47 [org.springframework.kafka.KafkaListenerEndpointContainer#0-0-C-1] DEBUG o.s.k.l.KafkaMessageListenerContainer - Commit list: {}
2025-06-21 17:48:52 [org.springframework.kafka.KafkaListenerEndpointContainer#0-0-C-1] DEBUG o.s.k.l.KafkaMessageListenerContainer - Received: 0 records
2025-06-21 17:48:52 [org.springframework.kafka.KafkaListenerEndpointContainer#0-0-C-1] DEBUG o.s.k.l.KafkaMessageListenerContainer - Commit list: {}
2025-06-21 17:48:57 [org.springframework.kafka.KafkaListenerEndpointContainer#0-0-C-1] DEBUG o.s.k.l.KafkaMessageListenerContainer - Received: 0 records
2025-06-21 17:48:57 [org.springframework.kafka.KafkaListenerEndpointContainer#0-0-C-1] DEBUG o.s.k.l.KafkaMessageListenerContainer - Commit list: {}
2025-06-21 17:49:02 [org.springframework.kafka.KafkaListenerEndpointContainer#0-0-C-1] DEBUG o.s.k.l.KafkaMessageListenerContainer - Received: 0 records
2025-06-21 17:49:02 [org.springframework.kafka.KafkaListenerEndpointContainer#0-0-C-1] DEBUG o.s.k.l.KafkaMessageListenerContainer - Commit list: {}
2025-06-21 17:49:07 [org.springframework.kafka.KafkaListenerEndpointContainer#0-0-C-1] DEBUG o.s.k.l.KafkaMessageListenerContainer - Received: 0 records
2025-06-21 17:49:07 [org.springframework.kafka.KafkaListenerEndpointContainer#0-0-C-1] DEBUG o.s.k.l.KafkaMessageListenerContainer - Commit list: {}
2025-06-21 17:49:12 [org.springframework.kafka.KafkaListenerEndpointContainer#0-0-C-1] DEBUG o.s.k.l.KafkaMessageListenerContainer - Received: 0 records
2025-06-21 17:49:12 [org.springframework.kafka.KafkaListenerEndpointContainer#0-0-C-1] DEBUG o.s.k.l.KafkaMessageListenerContainer - Commit list: {}
2025-06-21 17:49:17 [org.springframework.kafka.KafkaListenerEndpointContainer#0-0-C-1] DEBUG o.s.k.l.KafkaMessageListenerContainer - Received: 0 records
2025-06-21 17:49:17 [org.springframework.kafka.KafkaListenerEndpointContainer#0-0-C-1] DEBUG o.s.k.l.KafkaMessageListenerContainer - Commit list: {}
2025-06-21 17:49:22 [org.springframework.kafka.KafkaListenerEndpointContainer#0-0-C-1] DEBUG o.s.k.l.KafkaMessageListenerContainer - Received: 0 records
2025-06-21 17:49:22 [org.springframework.kafka.KafkaListenerEndpointContainer#0-0-C-1] DEBUG o.s.k.l.KafkaMessageListenerContainer - Commit list: {}
2025-06-21 17:49:27 [org.springframework.kafka.KafkaListenerEndpointContainer#0-0-C-1] DEBUG o.s.k.l.KafkaMessageListenerContainer - Received: 0 records
2025-06-21 17:49:27 [org.springframework.kafka.KafkaListenerEndpointContainer#0-0-C-1] DEBUG o.s.k.l.KafkaMessageListenerContainer - Commit list: {}
2025-06-21 17:49:32 [org.springframework.kafka.KafkaListenerEndpointContainer#0-0-C-1] DEBUG o.s.k.l.KafkaMessageListenerContainer - Received: 0 records
2025-06-21 17:49:32 [org.springframework.kafka.KafkaListenerEndpointContainer#0-0-C-1] DEBUG o.s.k.l.KafkaMessageListenerContainer - Commit list: {}
2025-06-21 17:49:37 [org.springframework.kafka.KafkaListenerEndpointContainer#0-0-C-1] DEBUG o.s.k.l.KafkaMessageListenerContainer - Received: 0 records
2025-06-21 17:49:37 [org.springframework.kafka.KafkaListenerEndpointContainer#0-0-C-1] DEBUG o.s.k.l.KafkaMessageListenerContainer - Commit list: {}
2025-06-21 17:49:42 [org.springframework.kafka.KafkaListenerEndpointContainer#0-0-C-1] DEBUG o.s.k.l.KafkaMessageListenerContainer - Received: 0 records
2025-06-21 17:49:42 [org.springframework.kafka.KafkaListenerEndpointContainer#0-0-C-1] DEBUG o.s.k.l.KafkaMessageListenerContainer - Commit list: {}
2025-06-21 17:49:47 [org.springframework.kafka.KafkaListenerEndpointContainer#0-0-C-1] DEBUG o.s.k.l.KafkaMessageListenerContainer - Received: 0 records
2025-06-21 17:49:47 [org.springframework.kafka.KafkaListenerEndpointContainer#0-0-C-1] DEBUG o.s.k.l.KafkaMessageListenerContainer - Commit list: {}
2025-06-21 17:49:52 [org.springframework.kafka.KafkaListenerEndpointContainer#0-0-C-1] DEBUG o.s.k.l.KafkaMessageListenerContainer - Received: 0 records
2025-06-21 17:49:52 [org.springframework.kafka.KafkaListenerEndpointContainer#0-0-C-1] DEBUG o.s.k.l.KafkaMessageListenerContainer - Commit list: {}
2025-06-21 17:49:57 [org.springframework.kafka.KafkaListenerEndpointContainer#0-0-C-1] DEBUG o.s.k.l.KafkaMessageListenerContainer - Received: 0 records
2025-06-21 17:49:57 [org.springframework.kafka.KafkaListenerEndpointContainer#0-0-C-1] DEBUG o.s.k.l.KafkaMessageListenerContainer - Commit list: {}
2025-06-21 17:50:02 [org.springframework.kafka.KafkaListenerEndpointContainer#0-0-C-1] DEBUG o.s.k.l.KafkaMessageListenerContainer - Received: 0 records
2025-06-21 17:50:02 [org.springframework.kafka.KafkaListenerEndpointContainer#0-0-C-1] DEBUG o.s.k.l.KafkaMessageListenerContainer - Commit list: {}
2025-06-21 17:50:07 [org.springframework.kafka.KafkaListenerEndpointContainer#0-0-C-1] DEBUG o.s.k.l.KafkaMessageListenerContainer - Received: 0 records
2025-06-21 17:50:07 [org.springframework.kafka.KafkaListenerEndpointContainer#0-0-C-1] DEBUG o.s.k.l.KafkaMessageListenerContainer - Commit list: {}
2025-06-21 17:50:12 [org.springframework.kafka.KafkaListenerEndpointContainer#0-0-C-1] DEBUG o.s.k.l.KafkaMessageListenerContainer - Received: 0 records
2025-06-21 17:50:12 [org.springframework.kafka.KafkaListenerEndpointContainer#0-0-C-1] DEBUG o.s.k.l.KafkaMessageListenerContainer - Commit list: {}
2025-06-21 17:50:17 [org.springframework.kafka.KafkaListenerEndpointContainer#0-0-C-1] DEBUG o.s.k.l.KafkaMessageListenerContainer - Received: 0 records
2025-06-21 17:50:17 [org.springframework.kafka.KafkaListenerEndpointContainer#0-0-C-1] DEBUG o.s.k.l.KafkaMessageListenerContainer - Commit list: {}
2025-06-21 17:50:22 [org.springframework.kafka.KafkaListenerEndpointContainer#0-0-C-1] DEBUG o.s.k.l.KafkaMessageListenerContainer - Received: 0 records
2025-06-21 17:50:22 [org.springframework.kafka.KafkaListenerEndpointContainer#0-0-C-1] DEBUG o.s.k.l.KafkaMessageListenerContainer - Commit list: {}
2025-06-21 17:50:27 [org.springframework.kafka.KafkaListenerEndpointContainer#0-0-C-1] DEBUG o.s.k.l.KafkaMessageListenerContainer - Received: 0 records
2025-06-21 17:50:27 [org.springframework.kafka.KafkaListenerEndpointContainer#0-0-C-1] DEBUG o.s.k.l.KafkaMessageListenerContainer - Commit list: {}
2025-06-21 17:50:32 [org.springframework.kafka.KafkaListenerEndpointContainer#0-0-C-1] DEBUG o.s.k.l.KafkaMessageListenerContainer - Received: 0 records
2025-06-21 17:50:32 [org.springframework.kafka.KafkaListenerEndpointContainer#0-0-C-1] DEBUG o.s.k.l.KafkaMessageListenerContainer - Commit list: {}
2025-06-21 17:50:37 [org.springframework.kafka.KafkaListenerEndpointContainer#0-0-C-1] DEBUG o.s.k.l.KafkaMessageListenerContainer - Received: 0 records
2025-06-21 17:50:37 [org.springframework.kafka.KafkaListenerEndpointContainer#0-0-C-1] DEBUG o.s.k.l.KafkaMessageListenerContainer - Commit list: {}
2025-06-21 17:50:42 [org.springframework.kafka.KafkaListenerEndpointContainer#0-0-C-1] DEBUG o.s.k.l.KafkaMessageListenerContainer - Received: 0 records
2025-06-21 17:50:42 [org.springframework.kafka.KafkaListenerEndpointContainer#0-0-C-1] DEBUG o.s.k.l.KafkaMessageListenerContainer - Commit list: {}
2025-06-21 17:50:47 [org.springframework.kafka.KafkaListenerEndpointContainer#0-0-C-1] DEBUG o.s.k.l.KafkaMessageListenerContainer - Received: 0 records
2025-06-21 17:50:47 [org.springframework.kafka.KafkaListenerEndpointContainer#0-0-C-1] DEBUG o.s.k.l.KafkaMessageListenerContainer - Commit list: {}
2025-06-21 17:50:52 [org.springframework.kafka.KafkaListenerEndpointContainer#0-0-C-1] DEBUG o.s.k.l.KafkaMessageListenerContainer - Received: 0 records
2025-06-21 17:50:52 [org.springframework.kafka.KafkaListenerEndpointContainer#0-0-C-1] DEBUG o.s.k.l.KafkaMessageListenerContainer - Commit list: {}
2025-06-21 17:50:57 [org.springframework.kafka.KafkaListenerEndpointContainer#0-0-C-1] DEBUG o.s.k.l.KafkaMessageListenerContainer - Received: 0 records
2025-06-21 17:50:57 [org.springframework.kafka.KafkaListenerEndpointContainer#0-0-C-1] DEBUG o.s.k.l.KafkaMessageListenerContainer - Commit list: {}
2025-06-21 17:51:02 [org.springframework.kafka.KafkaListenerEndpointContainer#0-0-C-1] DEBUG o.s.k.l.KafkaMessageListenerContainer - Received: 0 records
2025-06-21 17:51:02 [org.springframework.kafka.KafkaListenerEndpointContainer#0-0-C-1] DEBUG o.s.k.l.KafkaMessageListenerContainer - Commit list: {}
2025-06-21 17:51:07 [org.springframework.kafka.KafkaListenerEndpointContainer#0-0-C-1] DEBUG o.s.k.l.KafkaMessageListenerContainer - Received: 0 records
2025-06-21 17:51:07 [org.springframework.kafka.KafkaListenerEndpointContainer#0-0-C-1] DEBUG o.s.k.l.KafkaMessageListenerContainer - Commit list: {}
2025-06-21 17:51:12 [org.springframework.kafka.KafkaListenerEndpointContainer#0-0-C-1] DEBUG o.s.k.l.KafkaMessageListenerContainer - Received: 0 records
2025-06-21 17:51:12 [org.springframework.kafka.KafkaListenerEndpointContainer#0-0-C-1] DEBUG o.s.k.l.KafkaMessageListenerContainer - Commit list: {}
2025-06-21 17:51:17 [org.springframework.kafka.KafkaListenerEndpointContainer#0-0-C-1] DEBUG o.s.k.l.KafkaMessageListenerContainer - Received: 0 records
2025-06-21 17:51:17 [org.springframework.kafka.KafkaListenerEndpointContainer#0-0-C-1] DEBUG o.s.k.l.KafkaMessageListenerContainer - Commit list: {}
2025-06-21 17:51:22 [org.springframework.kafka.KafkaListenerEndpointContainer#0-0-C-1] DEBUG o.s.k.l.KafkaMessageListenerContainer - Received: 0 records
2025-06-21 17:51:22 [org.springframework.kafka.KafkaListenerEndpointContainer#0-0-C-1] DEBUG o.s.k.l.KafkaMessageListenerContainer - Commit list: {}
2025-06-21 17:51:27 [org.springframework.kafka.KafkaListenerEndpointContainer#0-0-C-1] DEBUG o.s.k.l.KafkaMessageListenerContainer - Received: 0 records
2025-06-21 17:51:27 [org.springframework.kafka.KafkaListenerEndpointContainer#0-0-C-1] DEBUG o.s.k.l.KafkaMessageListenerContainer - Commit list: {}
2025-06-21 17:51:32 [org.springframework.kafka.KafkaListenerEndpointContainer#0-0-C-1] DEBUG o.s.k.l.KafkaMessageListenerContainer - Received: 0 records
2025-06-21 17:51:32 [org.springframework.kafka.KafkaListenerEndpointContainer#0-0-C-1] DEBUG o.s.k.l.KafkaMessageListenerContainer - Commit list: {}
2025-06-21 17:51:37 [org.springframework.kafka.KafkaListenerEndpointContainer#0-0-C-1] DEBUG o.s.k.l.KafkaMessageListenerContainer - Received: 0 records
2025-06-21 17:51:37 [org.springframework.kafka.KafkaListenerEndpointContainer#0-0-C-1] DEBUG o.s.k.l.KafkaMessageListenerContainer - Commit list: {}
2025-06-21 17:51:42 [org.springframework.kafka.KafkaListenerEndpointContainer#0-0-C-1] DEBUG o.s.k.l.KafkaMessageListenerContainer - Received: 0 records
2025-06-21 17:51:42 [org.springframework.kafka.KafkaListenerEndpointContainer#0-0-C-1] DEBUG o.s.k.l.KafkaMessageListenerContainer - Commit list: {}
2025-06-21 17:51:47 [org.springframework.kafka.KafkaListenerEndpointContainer#0-0-C-1] DEBUG o.s.k.l.KafkaMessageListenerContainer - Received: 0 records
2025-06-21 17:51:47 [org.springframework.kafka.KafkaListenerEndpointContainer#0-0-C-1] DEBUG o.s.k.l.KafkaMessageListenerContainer - Commit list: {}
2025-06-21 17:51:52 [org.springframework.kafka.KafkaListenerEndpointContainer#0-0-C-1] DEBUG o.s.k.l.KafkaMessageListenerContainer - Received: 0 records
2025-06-21 17:51:52 [org.springframework.kafka.KafkaListenerEndpointContainer#0-0-C-1] DEBUG o.s.k.l.KafkaMessageListenerContainer - Commit list: {}
2025-06-21 17:51:57 [org.springframework.kafka.KafkaListenerEndpointContainer#0-0-C-1] DEBUG o.s.k.l.KafkaMessageListenerContainer - Received: 0 records
2025-06-21 17:51:57 [org.springframework.kafka.KafkaListenerEndpointContainer#0-0-C-1] DEBUG o.s.k.l.KafkaMessageListenerContainer - Commit list: {}
2025-06-21 17:52:02 [org.springframework.kafka.KafkaListenerEndpointContainer#0-0-C-1] DEBUG o.s.k.l.KafkaMessageListenerContainer - Received: 0 records
2025-06-21 17:52:02 [org.springframework.kafka.KafkaListenerEndpointContainer#0-0-C-1] DEBUG o.s.k.l.KafkaMessageListenerContainer - Commit list: {}
2025-06-21 17:52:07 [org.springframework.kafka.KafkaListenerEndpointContainer#0-0-C-1] DEBUG o.s.k.l.KafkaMessageListenerContainer - Received: 0 records
2025-06-21 17:52:07 [org.springframework.kafka.KafkaListenerEndpointContainer#0-0-C-1] DEBUG o.s.k.l.KafkaMessageListenerContainer - Commit list: {}
2025-06-21 17:52:12 [org.springframework.kafka.KafkaListenerEndpointContainer#0-0-C-1] DEBUG o.s.k.l.KafkaMessageListenerContainer - Received: 0 records
2025-06-21 17:52:12 [org.springframework.kafka.KafkaListenerEndpointContainer#0-0-C-1] DEBUG o.s.k.l.KafkaMessageListenerContainer - Commit list: {}
2025-06-21 17:52:17 [org.springframework.kafka.KafkaListenerEndpointContainer#0-0-C-1] DEBUG o.s.k.l.KafkaMessageListenerContainer - Received: 0 records
2025-06-21 17:52:17 [org.springframework.kafka.KafkaListenerEndpointContainer#0-0-C-1] DEBUG o.s.k.l.KafkaMessageListenerContainer - Commit list: {}
2025-06-21 17:52:22 [org.springframework.kafka.KafkaListenerEndpointContainer#0-0-C-1] DEBUG o.s.k.l.KafkaMessageListenerContainer - Received: 0 records
2025-06-21 17:52:22 [org.springframework.kafka.KafkaListenerEndpointContainer#0-0-C-1] DEBUG o.s.k.l.KafkaMessageListenerContainer - Commit list: {}
2025-06-21 17:52:27 [org.springframework.kafka.KafkaListenerEndpointContainer#0-0-C-1] DEBUG o.s.k.l.KafkaMessageListenerContainer - Received: 0 records
2025-06-21 17:52:27 [org.springframework.kafka.KafkaListenerEndpointContainer#0-0-C-1] DEBUG o.s.k.l.KafkaMessageListenerContainer - Commit list: {}
2025-06-21 17:52:32 [org.springframework.kafka.KafkaListenerEndpointContainer#0-0-C-1] DEBUG o.s.k.l.KafkaMessageListenerContainer - Received: 0 records
2025-06-21 17:52:32 [org.springframework.kafka.KafkaListenerEndpointContainer#0-0-C-1] DEBUG o.s.k.l.KafkaMessageListenerContainer - Commit list: {}
2025-06-21 17:52:37 [org.springframework.kafka.KafkaListenerEndpointContainer#0-0-C-1] DEBUG o.s.k.l.KafkaMessageListenerContainer - Received: 0 records
2025-06-21 17:52:37 [org.springframework.kafka.KafkaListenerEndpointContainer#0-0-C-1] DEBUG o.s.k.l.KafkaMessageListenerContainer - Commit list: {}
2025-06-21 17:52:42 [org.springframework.kafka.KafkaListenerEndpointContainer#0-0-C-1] DEBUG o.s.k.l.KafkaMessageListenerContainer - Received: 0 records
2025-06-21 17:52:42 [org.springframework.kafka.KafkaListenerEndpointContainer#0-0-C-1] DEBUG o.s.k.l.KafkaMessageListenerContainer - Commit list: {}
2025-06-21 17:52:47 [org.springframework.kafka.KafkaListenerEndpointContainer#0-0-C-1] DEBUG o.s.k.l.KafkaMessageListenerContainer - Received: 0 records
2025-06-21 17:52:47 [org.springframework.kafka.KafkaListenerEndpointContainer#0-0-C-1] DEBUG o.s.k.l.KafkaMessageListenerContainer - Commit list: {}
2025-06-21 17:52:52 [org.springframework.kafka.KafkaListenerEndpointContainer#0-0-C-1] DEBUG o.s.k.l.KafkaMessageListenerContainer - Received: 0 records
2025-06-21 17:52:52 [org.springframework.kafka.KafkaListenerEndpointContainer#0-0-C-1] DEBUG o.s.k.l.KafkaMessageListenerContainer - Commit list: {}
2025-06-21 17:52:57 [org.springframework.kafka.KafkaListenerEndpointContainer#0-0-C-1] DEBUG o.s.k.l.KafkaMessageListenerContainer - Received: 0 records
2025-06-21 17:52:57 [org.springframework.kafka.KafkaListenerEndpointContainer#0-0-C-1] DEBUG o.s.k.l.KafkaMessageListenerContainer - Commit list: {}
2025-06-21 17:53:02 [org.springframework.kafka.KafkaListenerEndpointContainer#0-0-C-1] DEBUG o.s.k.l.KafkaMessageListenerContainer - Received: 0 records
2025-06-21 17:53:02 [org.springframework.kafka.KafkaListenerEndpointContainer#0-0-C-1] DEBUG o.s.k.l.KafkaMessageListenerContainer - Commit list: {}
2025-06-21 17:53:07 [org.springframework.kafka.KafkaListenerEndpointContainer#0-0-C-1] DEBUG o.s.k.l.KafkaMessageListenerContainer - Received: 0 records
2025-06-21 17:53:07 [org.springframework.kafka.KafkaListenerEndpointContainer#0-0-C-1] DEBUG o.s.k.l.KafkaMessageListenerContainer - Commit list: {}
2025-06-21 17:53:12 [org.springframework.kafka.KafkaListenerEndpointContainer#0-0-C-1] DEBUG o.s.k.l.KafkaMessageListenerContainer - Received: 0 records
2025-06-21 17:53:12 [org.springframework.kafka.KafkaListenerEndpointContainer#0-0-C-1] DEBUG o.s.k.l.KafkaMessageListenerContainer - Commit list: {}
2025-06-21 17:53:17 [org.springframework.kafka.KafkaListenerEndpointContainer#0-0-C-1] DEBUG o.s.k.l.KafkaMessageListenerContainer - Received: 0 records
2025-06-21 17:53:17 [org.springframework.kafka.KafkaListenerEndpointContainer#0-0-C-1] DEBUG o.s.k.l.KafkaMessageListenerContainer - Commit list: {}
2025-06-21 17:53:22 [org.springframework.kafka.KafkaListenerEndpointContainer#0-0-C-1] DEBUG o.s.k.l.KafkaMessageListenerContainer - Received: 0 records
2025-06-21 17:53:22 [org.springframework.kafka.KafkaListenerEndpointContainer#0-0-C-1] DEBUG o.s.k.l.KafkaMessageListenerContainer - Commit list: {}
2025-06-21 17:53:27 [org.springframework.kafka.KafkaListenerEndpointContainer#0-0-C-1] DEBUG o.s.k.l.KafkaMessageListenerContainer - Received: 0 records
2025-06-21 17:53:27 [org.springframework.kafka.KafkaListenerEndpointContainer#0-0-C-1] DEBUG o.s.k.l.KafkaMessageListenerContainer - Commit list: {}
2025-06-21 17:53:32 [org.springframework.kafka.KafkaListenerEndpointContainer#0-0-C-1] DEBUG o.s.k.l.KafkaMessageListenerContainer - Received: 0 records
2025-06-21 17:53:32 [org.springframework.kafka.KafkaListenerEndpointContainer#0-0-C-1] DEBUG o.s.k.l.KafkaMessageListenerContainer - Commit list: {}
2025-06-21 17:53:37 [org.springframework.kafka.KafkaListenerEndpointContainer#0-0-C-1] DEBUG o.s.k.l.KafkaMessageListenerContainer - Received: 0 records
2025-06-21 17:53:37 [org.springframework.kafka.KafkaListenerEndpointContainer#0-0-C-1] DEBUG o.s.k.l.KafkaMessageListenerContainer - Commit list: {}
2025-06-21 17:53:42 [org.springframework.kafka.KafkaListenerEndpointContainer#0-0-C-1] DEBUG o.s.k.l.KafkaMessageListenerContainer - Received: 0 records
2025-06-21 17:53:42 [org.springframework.kafka.KafkaListenerEndpointContainer#0-0-C-1] DEBUG o.s.k.l.KafkaMessageListenerContainer - Commit list: {}
2025-06-21 17:53:47 [org.springframework.kafka.KafkaListenerEndpointContainer#0-0-C-1] DEBUG o.s.k.l.KafkaMessageListenerContainer - Received: 0 records
2025-06-21 17:53:47 [org.springframework.kafka.KafkaListenerEndpointContainer#0-0-C-1] DEBUG o.s.k.l.KafkaMessageListenerContainer - Commit list: {}
2025-06-21 17:53:52 [org.springframework.kafka.KafkaListenerEndpointContainer#0-0-C-1] DEBUG o.s.k.l.KafkaMessageListenerContainer - Received: 0 records
2025-06-21 17:53:52 [org.springframework.kafka.KafkaListenerEndpointContainer#0-0-C-1] DEBUG o.s.k.l.KafkaMessageListenerContainer - Commit list: {}
2025-06-21 17:53:57 [org.springframework.kafka.KafkaListenerEndpointContainer#0-0-C-1] DEBUG o.s.k.l.KafkaMessageListenerContainer - Received: 0 records
2025-06-21 17:53:57 [org.springframework.kafka.KafkaListenerEndpointContainer#0-0-C-1] DEBUG o.s.k.l.KafkaMessageListenerContainer - Commit list: {}
2025-06-21 17:54:02 [org.springframework.kafka.KafkaListenerEndpointContainer#0-0-C-1] DEBUG o.s.k.l.KafkaMessageListenerContainer - Received: 0 records
2025-06-21 17:54:02 [org.springframework.kafka.KafkaListenerEndpointContainer#0-0-C-1] DEBUG o.s.k.l.KafkaMessageListenerContainer - Commit list: {}
2025-06-21 17:54:07 [org.springframework.kafka.KafkaListenerEndpointContainer#0-0-C-1] DEBUG o.s.k.l.KafkaMessageListenerContainer - Received: 0 records
2025-06-21 17:54:07 [org.springframework.kafka.KafkaListenerEndpointContainer#0-0-C-1] DEBUG o.s.k.l.KafkaMessageListenerContainer - Commit list: {}
2025-06-21 17:54:12 [org.springframework.kafka.KafkaListenerEndpointContainer#0-0-C-1] DEBUG o.s.k.l.KafkaMessageListenerContainer - Received: 0 records
2025-06-21 17:54:12 [org.springframework.kafka.KafkaListenerEndpointContainer#0-0-C-1] DEBUG o.s.k.l.KafkaMessageListenerContainer - Commit list: {}
2025-06-21 17:54:17 [org.springframework.kafka.KafkaListenerEndpointContainer#0-0-C-1] DEBUG o.s.k.l.KafkaMessageListenerContainer - Received: 0 records
2025-06-21 17:54:17 [org.springframework.kafka.KafkaListenerEndpointContainer#0-0-C-1] DEBUG o.s.k.l.KafkaMessageListenerContainer - Commit list: {}
2025-06-21 17:54:22 [org.springframework.kafka.KafkaListenerEndpointContainer#0-0-C-1] DEBUG o.s.k.l.KafkaMessageListenerContainer - Received: 0 records
2025-06-21 17:54:22 [org.springframework.kafka.KafkaListenerEndpointContainer#0-0-C-1] DEBUG o.s.k.l.KafkaMessageListenerContainer - Commit list: {}
2025-06-21 17:54:27 [org.springframework.kafka.KafkaListenerEndpointContainer#0-0-C-1] DEBUG o.s.k.l.KafkaMessageListenerContainer - Received: 0 records
2025-06-21 17:54:27 [org.springframework.kafka.KafkaListenerEndpointContainer#0-0-C-1] DEBUG o.s.k.l.KafkaMessageListenerContainer - Commit list: {}
2025-06-21 17:54:32 [org.springframework.kafka.KafkaListenerEndpointContainer#0-0-C-1] DEBUG o.s.k.l.KafkaMessageListenerContainer - Received: 0 records
2025-06-21 17:54:32 [org.springframework.kafka.KafkaListenerEndpointContainer#0-0-C-1] DEBUG o.s.k.l.KafkaMessageListenerContainer - Commit list: {}
2025-06-21 17:54:37 [org.springframework.kafka.KafkaListenerEndpointContainer#0-0-C-1] DEBUG o.s.k.l.KafkaMessageListenerContainer - Received: 0 records
2025-06-21 17:54:37 [org.springframework.kafka.KafkaListenerEndpointContainer#0-0-C-1] DEBUG o.s.k.l.KafkaMessageListenerContainer - Commit list: {}
2025-06-21 17:54:42 [org.springframework.kafka.KafkaListenerEndpointContainer#0-0-C-1] DEBUG o.s.k.l.KafkaMessageListenerContainer - Received: 0 records
2025-06-21 17:54:42 [org.springframework.kafka.KafkaListenerEndpointContainer#0-0-C-1] DEBUG o.s.k.l.KafkaMessageListenerContainer - Commit list: {}
2025-06-21 17:54:47 [org.springframework.kafka.KafkaListenerEndpointContainer#0-0-C-1] DEBUG o.s.k.l.KafkaMessageListenerContainer - Received: 0 records
2025-06-21 17:54:47 [org.springframework.kafka.KafkaListenerEndpointContainer#0-0-C-1] DEBUG o.s.k.l.KafkaMessageListenerContainer - Commit list: {}
2025-06-21 17:54:52 [org.springframework.kafka.KafkaListenerEndpointContainer#0-0-C-1] DEBUG o.s.k.l.KafkaMessageListenerContainer - Received: 0 records
2025-06-21 17:54:52 [org.springframework.kafka.KafkaListenerEndpointContainer#0-0-C-1] DEBUG o.s.k.l.KafkaMessageListenerContainer - Commit list: {}
2025-06-21 17:54:57 [org.springframework.kafka.KafkaListenerEndpointContainer#0-0-C-1] DEBUG o.s.k.l.KafkaMessageListenerContainer - Received: 0 records
2025-06-21 17:54:57 [org.springframework.kafka.KafkaListenerEndpointContainer#0-0-C-1] DEBUG o.s.k.l.KafkaMessageListenerContainer - Commit list: {}
2025-06-21 17:55:02 [org.springframework.kafka.KafkaListenerEndpointContainer#0-0-C-1] DEBUG o.s.k.l.KafkaMessageListenerContainer - Received: 0 records
2025-06-21 17:55:02 [org.springframework.kafka.KafkaListenerEndpointContainer#0-0-C-1] DEBUG o.s.k.l.KafkaMessageListenerContainer - Commit list: {}
2025-06-21 17:55:07 [org.springframework.kafka.KafkaListenerEndpointContainer#0-0-C-1] DEBUG o.s.k.l.KafkaMessageListenerContainer - Received: 0 records
2025-06-21 17:55:07 [org.springframework.kafka.KafkaListenerEndpointContainer#0-0-C-1] DEBUG o.s.k.l.KafkaMessageListenerContainer - Commit list: {}
2025-06-21 17:55:12 [org.springframework.kafka.KafkaListenerEndpointContainer#0-0-C-1] DEBUG o.s.k.l.KafkaMessageListenerContainer - Received: 0 records
2025-06-21 17:55:12 [org.springframework.kafka.KafkaListenerEndpointContainer#0-0-C-1] DEBUG o.s.k.l.KafkaMessageListenerContainer - Commit list: {}
2025-06-21 17:55:17 [org.springframework.kafka.KafkaListenerEndpointContainer#0-0-C-1] DEBUG o.s.k.l.KafkaMessageListenerContainer - Received: 0 records
2025-06-21 17:55:17 [org.springframework.kafka.KafkaListenerEndpointContainer#0-0-C-1] DEBUG o.s.k.l.KafkaMessageListenerContainer - Commit list: {}
2025-06-21 17:55:22 [org.springframework.kafka.KafkaListenerEndpointContainer#0-0-C-1] DEBUG o.s.k.l.KafkaMessageListenerContainer - Received: 0 records
2025-06-21 17:55:22 [org.springframework.kafka.KafkaListenerEndpointContainer#0-0-C-1] DEBUG o.s.k.l.KafkaMessageListenerContainer - Commit list: {}
2025-06-21 17:55:27 [org.springframework.kafka.KafkaListenerEndpointContainer#0-0-C-1] DEBUG o.s.k.l.KafkaMessageListenerContainer - Received: 0 records
2025-06-21 17:55:27 [org.springframework.kafka.KafkaListenerEndpointContainer#0-0-C-1] DEBUG o.s.k.l.KafkaMessageListenerContainer - Commit list: {}
2025-06-21 17:55:32 [org.springframework.kafka.KafkaListenerEndpointContainer#0-0-C-1] DEBUG o.s.k.l.KafkaMessageListenerContainer - Received: 0 records
2025-06-21 17:55:32 [org.springframework.kafka.KafkaListenerEndpointContainer#0-0-C-1] DEBUG o.s.k.l.KafkaMessageListenerContainer - Commit list: {}
2025-06-21 17:55:37 [org.springframework.kafka.KafkaListenerEndpointContainer#0-0-C-1] DEBUG o.s.k.l.KafkaMessageListenerContainer - Received: 0 records
2025-06-21 17:55:37 [org.springframework.kafka.KafkaListenerEndpointContainer#0-0-C-1] DEBUG o.s.k.l.KafkaMessageListenerContainer - Commit list: {}
2025-06-21 17:55:42 [org.springframework.kafka.KafkaListenerEndpointContainer#0-0-C-1] DEBUG o.s.k.l.KafkaMessageListenerContainer - Received: 0 records
2025-06-21 17:55:42 [org.springframework.kafka.KafkaListenerEndpointContainer#0-0-C-1] DEBUG o.s.k.l.KafkaMessageListenerContainer - Commit list: {}
2025-06-21 17:55:47 [org.springframework.kafka.KafkaListenerEndpointContainer#0-0-C-1] DEBUG o.s.k.l.KafkaMessageListenerContainer - Received: 0 records
2025-06-21 17:55:47 [org.springframework.kafka.KafkaListenerEndpointContainer#0-0-C-1] DEBUG o.s.k.l.KafkaMessageListenerContainer - Commit list: {}
2025-06-21 17:55:52 [org.springframework.kafka.KafkaListenerEndpointContainer#0-0-C-1] DEBUG o.s.k.l.KafkaMessageListenerContainer - Received: 0 records
2025-06-21 17:55:52 [org.springframework.kafka.KafkaListenerEndpointContainer#0-0-C-1] DEBUG o.s.k.l.KafkaMessageListenerContainer - Commit list: {}
2025-06-21 17:55:57 [org.springframework.kafka.KafkaListenerEndpointContainer#0-0-C-1] DEBUG o.s.k.l.KafkaMessageListenerContainer - Received: 0 records
2025-06-21 17:55:57 [org.springframework.kafka.KafkaListenerEndpointContainer#0-0-C-1] DEBUG o.s.k.l.KafkaMessageListenerContainer - Commit list: {}
2025-06-21 17:56:02 [org.springframework.kafka.KafkaListenerEndpointContainer#0-0-C-1] DEBUG o.s.k.l.KafkaMessageListenerContainer - Received: 0 records
2025-06-21 17:56:02 [org.springframework.kafka.KafkaListenerEndpointContainer#0-0-C-1] DEBUG o.s.k.l.KafkaMessageListenerContainer - Commit list: {}
2025-06-21 17:56:07 [org.springframework.kafka.KafkaListenerEndpointContainer#0-0-C-1] DEBUG o.s.k.l.KafkaMessageListenerContainer - Received: 0 records
2025-06-21 17:56:07 [org.springframework.kafka.KafkaListenerEndpointContainer#0-0-C-1] DEBUG o.s.k.l.KafkaMessageListenerContainer - Commit list: {}
2025-06-21 17:56:12 [org.springframework.kafka.KafkaListenerEndpointContainer#0-0-C-1] DEBUG o.s.k.l.KafkaMessageListenerContainer - Received: 0 records
2025-06-21 17:56:12 [org.springframework.kafka.KafkaListenerEndpointContainer#0-0-C-1] DEBUG o.s.k.l.KafkaMessageListenerContainer - Commit list: {}
2025-06-21 17:56:17 [org.springframework.kafka.KafkaListenerEndpointContainer#0-0-C-1] DEBUG o.s.k.l.KafkaMessageListenerContainer - Received: 0 records
2025-06-21 17:56:17 [org.springframework.kafka.KafkaListenerEndpointContainer#0-0-C-1] DEBUG o.s.k.l.KafkaMessageListenerContainer - Commit list: {}
2025-06-21 17:56:22 [org.springframework.kafka.KafkaListenerEndpointContainer#0-0-C-1] DEBUG o.s.k.l.KafkaMessageListenerContainer - Received: 0 records
2025-06-21 17:56:22 [org.springframework.kafka.KafkaListenerEndpointContainer#0-0-C-1] DEBUG o.s.k.l.KafkaMessageListenerContainer - Commit list: {}
2025-06-21 17:56:27 [org.springframework.kafka.KafkaListenerEndpointContainer#0-0-C-1] DEBUG o.s.k.l.KafkaMessageListenerContainer - Received: 0 records
2025-06-21 17:56:27 [org.springframework.kafka.KafkaListenerEndpointContainer#0-0-C-1] DEBUG o.s.k.l.KafkaMessageListenerContainer - Commit list: {}
2025-06-21 17:56:32 [org.springframework.kafka.KafkaListenerEndpointContainer#0-0-C-1] DEBUG o.s.k.l.KafkaMessageListenerContainer - Received: 0 records
2025-06-21 17:56:32 [org.springframework.kafka.KafkaListenerEndpointContainer#0-0-C-1] DEBUG o.s.k.l.KafkaMessageListenerContainer - Commit list: {}
2025-06-21 17:56:37 [org.springframework.kafka.KafkaListenerEndpointContainer#0-0-C-1] DEBUG o.s.k.l.KafkaMessageListenerContainer - Received: 0 records
2025-06-21 17:56:37 [org.springframework.kafka.KafkaListenerEndpointContainer#0-0-C-1] DEBUG o.s.k.l.KafkaMessageListenerContainer - Commit list: {}
2025-06-21 17:56:42 [org.springframework.kafka.KafkaListenerEndpointContainer#0-0-C-1] DEBUG o.s.k.l.KafkaMessageListenerContainer - Received: 0 records
2025-06-21 17:56:42 [org.springframework.kafka.KafkaListenerEndpointContainer#0-0-C-1] DEBUG o.s.k.l.KafkaMessageListenerContainer - Commit list: {}
2025-06-21 17:56:47 [org.springframework.kafka.KafkaListenerEndpointContainer#0-0-C-1] DEBUG o.s.k.l.KafkaMessageListenerContainer - Received: 0 records
2025-06-21 17:56:47 [org.springframework.kafka.KafkaListenerEndpointContainer#0-0-C-1] DEBUG o.s.k.l.KafkaMessageListenerContainer - Commit list: {}
2025-06-21 17:56:52 [org.springframework.kafka.KafkaListenerEndpointContainer#0-0-C-1] DEBUG o.s.k.l.KafkaMessageListenerContainer - Received: 0 records
2025-06-21 17:56:52 [org.springframework.kafka.KafkaListenerEndpointContainer#0-0-C-1] DEBUG o.s.k.l.KafkaMessageListenerContainer - Commit list: {}
2025-06-21 17:56:57 [org.springframework.kafka.KafkaListenerEndpointContainer#0-0-C-1] DEBUG o.s.k.l.KafkaMessageListenerContainer - Received: 0 records
2025-06-21 17:56:57 [org.springframework.kafka.KafkaListenerEndpointContainer#0-0-C-1] DEBUG o.s.k.l.KafkaMessageListenerContainer - Commit list: {}
2025-06-21 17:57:02 [org.springframework.kafka.KafkaListenerEndpointContainer#0-0-C-1] DEBUG o.s.k.l.KafkaMessageListenerContainer - Received: 0 records
2025-06-21 17:57:02 [org.springframework.kafka.KafkaListenerEndpointContainer#0-0-C-1] DEBUG o.s.k.l.KafkaMessageListenerContainer - Commit list: {}
2025-06-21 17:57:04 [org.springframework.kafka.KafkaListenerEndpointContainer#0-0-C-1] INFO  o.apache.kafka.clients.NetworkClient - [Consumer clientId=consumer-order-notification-group-1, groupId=order-notification-group] Node -1 disconnected.
2025-06-21 17:57:04 [org.springframework.kafka.KafkaListenerEndpointContainer#0-0-C-1] INFO  o.apache.kafka.clients.NetworkClient - [Consumer clientId=consumer-order-notification-group-1, groupId=order-notification-group] Node 1 disconnected.
2025-06-21 17:57:04 [org.springframework.kafka.KafkaListenerEndpointContainer#0-0-C-1] INFO  o.apache.kafka.clients.NetworkClient - [Consumer clientId=consumer-order-notification-group-1, groupId=order-notification-group] Node 1 disconnected.
2025-06-21 17:57:04 [org.springframework.kafka.KafkaListenerEndpointContainer#0-0-C-1] INFO  o.apache.kafka.clients.NetworkClient - [Consumer clientId=consumer-order-notification-group-1, groupId=order-notification-group] Cancelled in-flight API_VERSIONS request with correlation id 2211 due to node 1 being disconnected (elapsed time since creation: 0ms, elapsed time since send: 0ms, throttle time: 0ms, request timeout: 30000ms)
2025-06-21 17:57:04 [org.springframework.kafka.KafkaListenerEndpointContainer#0-0-C-1] INFO  o.apache.kafka.clients.NetworkClient - [Consumer clientId=consumer-order-notification-group-1, groupId=order-notification-group] Node 1 disconnected.
2025-06-21 17:57:04 [org.springframework.kafka.KafkaListenerEndpointContainer#0-0-C-1] INFO  o.apache.kafka.clients.NetworkClient - [Consumer clientId=consumer-order-notification-group-1, groupId=order-notification-group] Cancelled in-flight API_VERSIONS request with correlation id 2212 due to node 1 being disconnected (elapsed time since creation: 1ms, elapsed time since send: 1ms, throttle time: 0ms, request timeout: 30000ms)
2025-06-21 17:57:04 [org.springframework.kafka.KafkaListenerEndpointContainer#0-0-C-1] INFO  o.apache.kafka.clients.NetworkClient - [Consumer clientId=consumer-order-notification-group-1, groupId=order-notification-group] Node 1 disconnected.
2025-06-21 17:57:04 [org.springframework.kafka.KafkaListenerEndpointContainer#0-0-C-1] INFO  o.apache.kafka.clients.NetworkClient - [Consumer clientId=consumer-order-notification-group-1, groupId=order-notification-group] Cancelled in-flight API_VERSIONS request with correlation id 2213 due to node 1 being disconnected (elapsed time since creation: 0ms, elapsed time since send: 0ms, throttle time: 0ms, request timeout: 30000ms)
2025-06-21 17:57:05 [org.springframework.kafka.KafkaListenerEndpointContainer#0-0-C-1] INFO  o.apache.kafka.clients.NetworkClient - [Consumer clientId=consumer-order-notification-group-1, groupId=order-notification-group] Node 1 disconnected.
2025-06-21 17:57:05 [org.springframework.kafka.KafkaListenerEndpointContainer#0-0-C-1] WARN  o.apache.kafka.clients.NetworkClient - [Consumer clientId=consumer-order-notification-group-1, groupId=order-notification-group] Connection to node 1 (localhost/127.0.0.1:9092) could not be established. Node may not be available.
2025-06-21 17:57:06 [org.springframework.kafka.KafkaListenerEndpointContainer#0-0-C-1] INFO  o.apache.kafka.clients.NetworkClient - [Consumer clientId=consumer-order-notification-group-1, groupId=order-notification-group] Node 1 disconnected.
2025-06-21 17:57:06 [org.springframework.kafka.KafkaListenerEndpointContainer#0-0-C-1] WARN  o.apache.kafka.clients.NetworkClient - [Consumer clientId=consumer-order-notification-group-1, groupId=order-notification-group] Connection to node 1 (localhost/127.0.0.1:9092) could not be established. Node may not be available.
2025-06-21 17:57:07 [org.springframework.kafka.KafkaListenerEndpointContainer#0-0-C-1] INFO  o.apache.kafka.clients.NetworkClient - [Consumer clientId=consumer-order-notification-group-1, groupId=order-notification-group] Node 1 disconnected.
2025-06-21 17:57:07 [org.springframework.kafka.KafkaListenerEndpointContainer#0-0-C-1] WARN  o.apache.kafka.clients.NetworkClient - [Consumer clientId=consumer-order-notification-group-1, groupId=order-notification-group] Connection to node 1 (localhost/127.0.0.1:9092) could not be established. Node may not be available.
2025-06-21 17:57:07 [org.springframework.kafka.KafkaListenerEndpointContainer#0-0-C-1] DEBUG o.s.k.l.KafkaMessageListenerContainer - Received: 0 records
2025-06-21 17:57:07 [org.springframework.kafka.KafkaListenerEndpointContainer#0-0-C-1] DEBUG o.s.k.l.KafkaMessageListenerContainer - Commit list: {}
2025-06-21 17:57:08 [org.springframework.kafka.KafkaListenerEndpointContainer#0-0-C-1] INFO  o.apache.kafka.clients.NetworkClient - [Consumer clientId=consumer-order-notification-group-1, groupId=order-notification-group] Node 1 disconnected.
2025-06-21 17:57:08 [org.springframework.kafka.KafkaListenerEndpointContainer#0-0-C-1] WARN  o.apache.kafka.clients.NetworkClient - [Consumer clientId=consumer-order-notification-group-1, groupId=order-notification-group] Connection to node 1 (localhost/127.0.0.1:9092) could not be established. Node may not be available.
2025-06-21 17:57:09 [org.springframework.kafka.KafkaListenerEndpointContainer#0-0-C-1] INFO  o.apache.kafka.clients.NetworkClient - [Consumer clientId=consumer-order-notification-group-1, groupId=order-notification-group] Node 1 disconnected.
2025-06-21 17:57:09 [org.springframework.kafka.KafkaListenerEndpointContainer#0-0-C-1] WARN  o.apache.kafka.clients.NetworkClient - [Consumer clientId=consumer-order-notification-group-1, groupId=order-notification-group] Connection to node 1 (localhost/127.0.0.1:9092) could not be established. Node may not be available.
2025-06-21 17:57:10 [org.springframework.kafka.KafkaListenerEndpointContainer#0-0-C-1] INFO  o.apache.kafka.clients.NetworkClient - [Consumer clientId=consumer-order-notification-group-1, groupId=order-notification-group] Node 1 disconnected.
2025-06-21 17:57:10 [org.springframework.kafka.KafkaListenerEndpointContainer#0-0-C-1] INFO  o.apache.kafka.clients.NetworkClient - [Consumer clientId=consumer-order-notification-group-1, groupId=order-notification-group] Cancelled in-flight API_VERSIONS request with correlation id 2214 due to node 1 being disconnected (elapsed time since creation: 0ms, elapsed time since send: 0ms, throttle time: 0ms, request timeout: 30000ms)
2025-06-21 17:57:11 [org.springframework.kafka.KafkaListenerEndpointContainer#0-0-C-1] INFO  o.apache.kafka.clients.NetworkClient - [Consumer clientId=consumer-order-notification-group-1, groupId=order-notification-group] Node 1 disconnected.
2025-06-21 17:57:11 [org.springframework.kafka.KafkaListenerEndpointContainer#0-0-C-1] INFO  o.apache.kafka.clients.NetworkClient - [Consumer clientId=consumer-order-notification-group-1, groupId=order-notification-group] Cancelled in-flight API_VERSIONS request with correlation id 2215 due to node 1 being disconnected (elapsed time since creation: 1ms, elapsed time since send: 1ms, throttle time: 0ms, request timeout: 30000ms)
2025-06-21 17:57:12 [org.springframework.kafka.KafkaListenerEndpointContainer#0-0-C-1] INFO  o.apache.kafka.clients.NetworkClient - [Consumer clientId=consumer-order-notification-group-1, groupId=order-notification-group] Node 1 disconnected.
2025-06-21 17:57:12 [org.springframework.kafka.KafkaListenerEndpointContainer#0-0-C-1] INFO  o.apache.kafka.clients.NetworkClient - [Consumer clientId=consumer-order-notification-group-1, groupId=order-notification-group] Cancelled in-flight API_VERSIONS request with correlation id 2216 due to node 1 being disconnected (elapsed time since creation: 0ms, elapsed time since send: 0ms, throttle time: 0ms, request timeout: 30000ms)
2025-06-21 17:57:12 [org.springframework.kafka.KafkaListenerEndpointContainer#0-0-C-1] DEBUG o.s.k.l.KafkaMessageListenerContainer - Received: 0 records
2025-06-21 17:57:12 [org.springframework.kafka.KafkaListenerEndpointContainer#0-0-C-1] DEBUG o.s.k.l.KafkaMessageListenerContainer - Commit list: {}
2025-06-21 17:57:13 [org.springframework.kafka.KafkaListenerEndpointContainer#0-0-C-1] INFO  o.apache.kafka.clients.NetworkClient - [Consumer clientId=consumer-order-notification-group-1, groupId=order-notification-group] Node 1 disconnected.
2025-06-21 17:57:13 [org.springframework.kafka.KafkaListenerEndpointContainer#0-0-C-1] INFO  o.apache.kafka.clients.NetworkClient - [Consumer clientId=consumer-order-notification-group-1, groupId=order-notification-group] Cancelled in-flight API_VERSIONS request with correlation id 2217 due to node 1 being disconnected (elapsed time since creation: 0ms, elapsed time since send: 0ms, throttle time: 0ms, request timeout: 30000ms)
2025-06-21 17:57:14 [org.springframework.kafka.KafkaListenerEndpointContainer#0-0-C-1] INFO  o.apache.kafka.clients.NetworkClient - [Consumer clientId=consumer-order-notification-group-1, groupId=order-notification-group] Node 1 disconnected.
2025-06-21 17:57:14 [org.springframework.kafka.KafkaListenerEndpointContainer#0-0-C-1] INFO  o.apache.kafka.clients.NetworkClient - [Consumer clientId=consumer-order-notification-group-1, groupId=order-notification-group] Cancelled in-flight API_VERSIONS request with correlation id 2218 due to node 1 being disconnected (elapsed time since creation: 1ms, elapsed time since send: 1ms, throttle time: 0ms, request timeout: 30000ms)
2025-06-21 17:57:15 [org.springframework.kafka.KafkaListenerEndpointContainer#0-0-C-1] INFO  o.apache.kafka.clients.NetworkClient - [Consumer clientId=consumer-order-notification-group-1, groupId=order-notification-group] Node 1 disconnected.
2025-06-21 17:57:15 [org.springframework.kafka.KafkaListenerEndpointContainer#0-0-C-1] INFO  o.apache.kafka.clients.NetworkClient - [Consumer clientId=consumer-order-notification-group-1, groupId=order-notification-group] Cancelled in-flight API_VERSIONS request with correlation id 2219 due to node 1 being disconnected (elapsed time since creation: 1ms, elapsed time since send: 1ms, throttle time: 0ms, request timeout: 30000ms)
2025-06-21 17:57:16 [org.springframework.kafka.KafkaListenerEndpointContainer#0-0-C-1] INFO  o.apache.kafka.clients.NetworkClient - [Consumer clientId=consumer-order-notification-group-1, groupId=order-notification-group] Node 1 disconnected.
2025-06-21 17:57:16 [org.springframework.kafka.KafkaListenerEndpointContainer#0-0-C-1] INFO  o.apache.kafka.clients.NetworkClient - [Consumer clientId=consumer-order-notification-group-1, groupId=order-notification-group] Cancelled in-flight API_VERSIONS request with correlation id 2220 due to node 1 being disconnected (elapsed time since creation: 1ms, elapsed time since send: 1ms, throttle time: 0ms, request timeout: 30000ms)
2025-06-21 17:57:17 [org.springframework.kafka.KafkaListenerEndpointContainer#0-0-C-1] INFO  o.apache.kafka.clients.NetworkClient - [Consumer clientId=consumer-order-notification-group-1, groupId=order-notification-group] Node 1 disconnected.
2025-06-21 17:57:17 [org.springframework.kafka.KafkaListenerEndpointContainer#0-0-C-1] INFO  o.apache.kafka.clients.NetworkClient - [Consumer clientId=consumer-order-notification-group-1, groupId=order-notification-group] Cancelled in-flight API_VERSIONS request with correlation id 2221 due to node 1 being disconnected (elapsed time since creation: 1ms, elapsed time since send: 1ms, throttle time: 0ms, request timeout: 30000ms)
2025-06-21 17:57:17 [org.springframework.kafka.KafkaListenerEndpointContainer#0-0-C-1] DEBUG o.s.k.l.KafkaMessageListenerContainer - Received: 0 records
2025-06-21 17:57:17 [org.springframework.kafka.KafkaListenerEndpointContainer#0-0-C-1] DEBUG o.s.k.l.KafkaMessageListenerContainer - Commit list: {}
2025-06-21 17:57:18 [org.springframework.kafka.KafkaListenerEndpointContainer#0-0-C-1] INFO  o.apache.kafka.clients.NetworkClient - [Consumer clientId=consumer-order-notification-group-1, groupId=order-notification-group] Node 1 disconnected.
2025-06-21 17:57:18 [org.springframework.kafka.KafkaListenerEndpointContainer#0-0-C-1] INFO  o.apache.kafka.clients.NetworkClient - [Consumer clientId=consumer-order-notification-group-1, groupId=order-notification-group] Cancelled in-flight API_VERSIONS request with correlation id 2222 due to node 1 being disconnected (elapsed time since creation: 1ms, elapsed time since send: 1ms, throttle time: 0ms, request timeout: 30000ms)
2025-06-21 17:57:19 [org.springframework.kafka.KafkaListenerEndpointContainer#0-0-C-1] INFO  o.apache.kafka.clients.NetworkClient - [Consumer clientId=consumer-order-notification-group-1, groupId=order-notification-group] Node 1 disconnected.
2025-06-21 17:57:19 [org.springframework.kafka.KafkaListenerEndpointContainer#0-0-C-1] INFO  o.apache.kafka.clients.NetworkClient - [Consumer clientId=consumer-order-notification-group-1, groupId=order-notification-group] Cancelled in-flight API_VERSIONS request with correlation id 2223 due to node 1 being disconnected (elapsed time since creation: 1ms, elapsed time since send: 1ms, throttle time: 0ms, request timeout: 30000ms)
2025-06-21 17:57:20 [org.springframework.kafka.KafkaListenerEndpointContainer#0-0-C-1] INFO  o.apache.kafka.clients.NetworkClient - [Consumer clientId=consumer-order-notification-group-1, groupId=order-notification-group] Node 1 disconnected.
2025-06-21 17:57:20 [org.springframework.kafka.KafkaListenerEndpointContainer#0-0-C-1] INFO  o.apache.kafka.clients.NetworkClient - [Consumer clientId=consumer-order-notification-group-1, groupId=order-notification-group] Cancelled in-flight API_VERSIONS request with correlation id 2224 due to node 1 being disconnected (elapsed time since creation: 0ms, elapsed time since send: 0ms, throttle time: 0ms, request timeout: 30000ms)
2025-06-21 17:57:21 [org.springframework.kafka.KafkaListenerEndpointContainer#0-0-C-1] INFO  o.apache.kafka.clients.NetworkClient - [Consumer clientId=consumer-order-notification-group-1, groupId=order-notification-group] Node 1 disconnected.
2025-06-21 17:57:21 [org.springframework.kafka.KafkaListenerEndpointContainer#0-0-C-1] INFO  o.apache.kafka.clients.NetworkClient - [Consumer clientId=consumer-order-notification-group-1, groupId=order-notification-group] Cancelled in-flight API_VERSIONS request with correlation id 2225 due to node 1 being disconnected (elapsed time since creation: 1ms, elapsed time since send: 1ms, throttle time: 0ms, request timeout: 30000ms)
2025-06-21 17:57:22 [org.springframework.kafka.KafkaListenerEndpointContainer#0-0-C-1] INFO  o.apache.kafka.clients.NetworkClient - [Consumer clientId=consumer-order-notification-group-1, groupId=order-notification-group] Node 1 disconnected.
2025-06-21 17:57:22 [org.springframework.kafka.KafkaListenerEndpointContainer#0-0-C-1] INFO  o.apache.kafka.clients.NetworkClient - [Consumer clientId=consumer-order-notification-group-1, groupId=order-notification-group] Cancelled in-flight API_VERSIONS request with correlation id 2226 due to node 1 being disconnected (elapsed time since creation: 1ms, elapsed time since send: 1ms, throttle time: 0ms, request timeout: 30000ms)
2025-06-21 17:57:22 [org.springframework.kafka.KafkaListenerEndpointContainer#0-0-C-1] DEBUG o.s.k.l.KafkaMessageListenerContainer - Received: 0 records
2025-06-21 17:57:22 [org.springframework.kafka.KafkaListenerEndpointContainer#0-0-C-1] DEBUG o.s.k.l.KafkaMessageListenerContainer - Commit list: {}
2025-06-21 17:57:27 [org.springframework.kafka.KafkaListenerEndpointContainer#0-0-C-1] DEBUG o.s.k.l.KafkaMessageListenerContainer - Received: 0 records
2025-06-21 17:57:27 [org.springframework.kafka.KafkaListenerEndpointContainer#0-0-C-1] DEBUG o.s.k.l.KafkaMessageListenerContainer - Commit list: {}
2025-06-21 17:57:32 [org.springframework.kafka.KafkaListenerEndpointContainer#0-0-C-1] DEBUG o.s.k.l.KafkaMessageListenerContainer - Received: 0 records
2025-06-21 17:57:32 [org.springframework.kafka.KafkaListenerEndpointContainer#0-0-C-1] DEBUG o.s.k.l.KafkaMessageListenerContainer - Commit list: {}
2025-06-21 17:57:37 [org.springframework.kafka.KafkaListenerEndpointContainer#0-0-C-1] DEBUG o.s.k.l.KafkaMessageListenerContainer - Received: 0 records
2025-06-21 17:57:37 [org.springframework.kafka.KafkaListenerEndpointContainer#0-0-C-1] DEBUG o.s.k.l.KafkaMessageListenerContainer - Commit list: {}
2025-06-21 17:57:42 [org.springframework.kafka.KafkaListenerEndpointContainer#0-0-C-1] DEBUG o.s.k.l.KafkaMessageListenerContainer - Received: 0 records
2025-06-21 17:57:42 [org.springframework.kafka.KafkaListenerEndpointContainer#0-0-C-1] DEBUG o.s.k.l.KafkaMessageListenerContainer - Commit list: {}
2025-06-21 17:57:47 [org.springframework.kafka.KafkaListenerEndpointContainer#0-0-C-1] DEBUG o.s.k.l.KafkaMessageListenerContainer - Received: 0 records
2025-06-21 17:57:47 [org.springframework.kafka.KafkaListenerEndpointContainer#0-0-C-1] DEBUG o.s.k.l.KafkaMessageListenerContainer - Commit list: {}
2025-06-21 17:57:52 [org.springframework.kafka.KafkaListenerEndpointContainer#0-0-C-1] DEBUG o.s.k.l.KafkaMessageListenerContainer - Received: 0 records
2025-06-21 17:57:52 [org.springframework.kafka.KafkaListenerEndpointContainer#0-0-C-1] DEBUG o.s.k.l.KafkaMessageListenerContainer - Commit list: {}
2025-06-21 17:57:57 [org.springframework.kafka.KafkaListenerEndpointContainer#0-0-C-1] DEBUG o.s.k.l.KafkaMessageListenerContainer - Received: 0 records
2025-06-21 17:57:57 [org.springframework.kafka.KafkaListenerEndpointContainer#0-0-C-1] DEBUG o.s.k.l.KafkaMessageListenerContainer - Commit list: {}
2025-06-21 17:58:02 [org.springframework.kafka.KafkaListenerEndpointContainer#0-0-C-1] DEBUG o.s.k.l.KafkaMessageListenerContainer - Received: 0 records
2025-06-21 17:58:02 [org.springframework.kafka.KafkaListenerEndpointContainer#0-0-C-1] DEBUG o.s.k.l.KafkaMessageListenerContainer - Commit list: {}
2025-06-21 17:58:07 [org.springframework.kafka.KafkaListenerEndpointContainer#0-0-C-1] DEBUG o.s.k.l.KafkaMessageListenerContainer - Received: 0 records
2025-06-21 17:58:07 [org.springframework.kafka.KafkaListenerEndpointContainer#0-0-C-1] DEBUG o.s.k.l.KafkaMessageListenerContainer - Commit list: {}
2025-06-21 17:58:12 [org.springframework.kafka.KafkaListenerEndpointContainer#0-0-C-1] DEBUG o.s.k.l.KafkaMessageListenerContainer - Received: 0 records
2025-06-21 17:58:12 [org.springframework.kafka.KafkaListenerEndpointContainer#0-0-C-1] DEBUG o.s.k.l.KafkaMessageListenerContainer - Commit list: {}
2025-06-21 17:58:17 [org.springframework.kafka.KafkaListenerEndpointContainer#0-0-C-1] DEBUG o.s.k.l.KafkaMessageListenerContainer - Received: 0 records
2025-06-21 17:58:17 [org.springframework.kafka.KafkaListenerEndpointContainer#0-0-C-1] DEBUG o.s.k.l.KafkaMessageListenerContainer - Commit list: {}
2025-06-21 17:58:22 [org.springframework.kafka.KafkaListenerEndpointContainer#0-0-C-1] DEBUG o.s.k.l.KafkaMessageListenerContainer - Received: 0 records
2025-06-21 17:58:22 [org.springframework.kafka.KafkaListenerEndpointContainer#0-0-C-1] DEBUG o.s.k.l.KafkaMessageListenerContainer - Commit list: {}
2025-06-21 17:58:27 [org.springframework.kafka.KafkaListenerEndpointContainer#0-0-C-1] DEBUG o.s.k.l.KafkaMessageListenerContainer - Received: 0 records
2025-06-21 17:58:27 [org.springframework.kafka.KafkaListenerEndpointContainer#0-0-C-1] DEBUG o.s.k.l.KafkaMessageListenerContainer - Commit list: {}
2025-06-21 17:58:32 [org.springframework.kafka.KafkaListenerEndpointContainer#0-0-C-1] DEBUG o.s.k.l.KafkaMessageListenerContainer - Received: 0 records
2025-06-21 17:58:32 [org.springframework.kafka.KafkaListenerEndpointContainer#0-0-C-1] DEBUG o.s.k.l.KafkaMessageListenerContainer - Commit list: {}
2025-06-21 17:58:37 [org.springframework.kafka.KafkaListenerEndpointContainer#0-0-C-1] DEBUG o.s.k.l.KafkaMessageListenerContainer - Received: 0 records
2025-06-21 17:58:37 [org.springframework.kafka.KafkaListenerEndpointContainer#0-0-C-1] DEBUG o.s.k.l.KafkaMessageListenerContainer - Commit list: {}
2025-06-21 17:58:42 [org.springframework.kafka.KafkaListenerEndpointContainer#0-0-C-1] DEBUG o.s.k.l.KafkaMessageListenerContainer - Received: 0 records
2025-06-21 17:58:42 [org.springframework.kafka.KafkaListenerEndpointContainer#0-0-C-1] DEBUG o.s.k.l.KafkaMessageListenerContainer - Commit list: {}
2025-06-21 17:58:47 [org.springframework.kafka.KafkaListenerEndpointContainer#0-0-C-1] DEBUG o.s.k.l.KafkaMessageListenerContainer - Received: 0 records
2025-06-21 17:58:47 [org.springframework.kafka.KafkaListenerEndpointContainer#0-0-C-1] DEBUG o.s.k.l.KafkaMessageListenerContainer - Commit list: {}
2025-06-21 17:58:52 [org.springframework.kafka.KafkaListenerEndpointContainer#0-0-C-1] DEBUG o.s.k.l.KafkaMessageListenerContainer - Received: 0 records
2025-06-21 17:58:52 [org.springframework.kafka.KafkaListenerEndpointContainer#0-0-C-1] DEBUG o.s.k.l.KafkaMessageListenerContainer - Commit list: {}
2025-06-21 17:58:57 [org.springframework.kafka.KafkaListenerEndpointContainer#0-0-C-1] DEBUG o.s.k.l.KafkaMessageListenerContainer - Received: 0 records
2025-06-21 17:58:57 [org.springframework.kafka.KafkaListenerEndpointContainer#0-0-C-1] DEBUG o.s.k.l.KafkaMessageListenerContainer - Commit list: {}
2025-06-21 17:59:02 [org.springframework.kafka.KafkaListenerEndpointContainer#0-0-C-1] DEBUG o.s.k.l.KafkaMessageListenerContainer - Received: 0 records
2025-06-21 17:59:02 [org.springframework.kafka.KafkaListenerEndpointContainer#0-0-C-1] DEBUG o.s.k.l.KafkaMessageListenerContainer - Commit list: {}
2025-06-21 17:59:07 [org.springframework.kafka.KafkaListenerEndpointContainer#0-0-C-1] DEBUG o.s.k.l.KafkaMessageListenerContainer - Received: 0 records
2025-06-21 17:59:07 [org.springframework.kafka.KafkaListenerEndpointContainer#0-0-C-1] DEBUG o.s.k.l.KafkaMessageListenerContainer - Commit list: {}
2025-06-21 17:59:12 [org.springframework.kafka.KafkaListenerEndpointContainer#0-0-C-1] DEBUG o.s.k.l.KafkaMessageListenerContainer - Received: 0 records
2025-06-21 17:59:12 [org.springframework.kafka.KafkaListenerEndpointContainer#0-0-C-1] DEBUG o.s.k.l.KafkaMessageListenerContainer - Commit list: {}
2025-06-21 17:59:17 [org.springframework.kafka.KafkaListenerEndpointContainer#0-0-C-1] DEBUG o.s.k.l.KafkaMessageListenerContainer - Received: 0 records
2025-06-21 17:59:17 [org.springframework.kafka.KafkaListenerEndpointContainer#0-0-C-1] DEBUG o.s.k.l.KafkaMessageListenerContainer - Commit list: {}
2025-06-21 17:59:22 [org.springframework.kafka.KafkaListenerEndpointContainer#0-0-C-1] DEBUG o.s.k.l.KafkaMessageListenerContainer - Received: 0 records
2025-06-21 17:59:22 [org.springframework.kafka.KafkaListenerEndpointContainer#0-0-C-1] DEBUG o.s.k.l.KafkaMessageListenerContainer - Commit list: {}
2025-06-21 17:59:27 [org.springframework.kafka.KafkaListenerEndpointContainer#0-0-C-1] DEBUG o.s.k.l.KafkaMessageListenerContainer - Received: 0 records
2025-06-21 17:59:27 [org.springframework.kafka.KafkaListenerEndpointContainer#0-0-C-1] DEBUG o.s.k.l.KafkaMessageListenerContainer - Commit list: {}
2025-06-21 17:59:32 [org.springframework.kafka.KafkaListenerEndpointContainer#0-0-C-1] DEBUG o.s.k.l.KafkaMessageListenerContainer - Received: 0 records
2025-06-21 17:59:32 [org.springframework.kafka.KafkaListenerEndpointContainer#0-0-C-1] DEBUG o.s.k.l.KafkaMessageListenerContainer - Commit list: {}
2025-06-21 17:59:37 [org.springframework.kafka.KafkaListenerEndpointContainer#0-0-C-1] DEBUG o.s.k.l.KafkaMessageListenerContainer - Received: 0 records
2025-06-21 17:59:37 [org.springframework.kafka.KafkaListenerEndpointContainer#0-0-C-1] DEBUG o.s.k.l.KafkaMessageListenerContainer - Commit list: {}
2025-06-21 17:59:42 [org.springframework.kafka.KafkaListenerEndpointContainer#0-0-C-1] DEBUG o.s.k.l.KafkaMessageListenerContainer - Received: 0 records
2025-06-21 17:59:42 [org.springframework.kafka.KafkaListenerEndpointContainer#0-0-C-1] DEBUG o.s.k.l.KafkaMessageListenerContainer - Commit list: {}
2025-06-21 17:59:47 [org.springframework.kafka.KafkaListenerEndpointContainer#0-0-C-1] DEBUG o.s.k.l.KafkaMessageListenerContainer - Received: 0 records
2025-06-21 17:59:47 [org.springframework.kafka.KafkaListenerEndpointContainer#0-0-C-1] DEBUG o.s.k.l.KafkaMessageListenerContainer - Commit list: {}
2025-06-21 17:59:52 [org.springframework.kafka.KafkaListenerEndpointContainer#0-0-C-1] DEBUG o.s.k.l.KafkaMessageListenerContainer - Received: 0 records
2025-06-21 17:59:52 [org.springframework.kafka.KafkaListenerEndpointContainer#0-0-C-1] DEBUG o.s.k.l.KafkaMessageListenerContainer - Commit list: {}
2025-06-21 17:59:54 [org.springframework.kafka.KafkaListenerEndpointContainer#0-0-C-1] DEBUG o.s.k.l.KafkaMessageListenerContainer - Commit list: {}
2025-06-21 17:59:54 [org.springframework.kafka.KafkaListenerEndpointContainer#0-0-C-1] INFO  o.a.k.c.c.i.ConsumerCoordinator - [Consumer clientId=consumer-order-notification-group-1, groupId=order-notification-group] Resetting generation and member id due to: consumer pro-actively leaving the group
2025-06-21 17:59:54 [org.springframework.kafka.KafkaListenerEndpointContainer#0-0-C-1] INFO  o.a.k.c.c.i.ConsumerCoordinator - [Consumer clientId=consumer-order-notification-group-1, groupId=order-notification-group] Request joining group due to: consumer pro-actively leaving the group
2025-06-21 17:59:54 [org.springframework.kafka.KafkaListenerEndpointContainer#0-0-C-1] INFO  o.a.k.c.c.i.ClassicKafkaConsumer - [Consumer clientId=consumer-order-notification-group-1, groupId=order-notification-group] Unsubscribed all topics or patterns and assigned partitions
2025-06-21 17:59:54 [org.springframework.kafka.KafkaListenerEndpointContainer#0-0-C-1] INFO  o.a.k.c.c.i.ConsumerCoordinator - [Consumer clientId=consumer-order-notification-group-1, groupId=order-notification-group] Resetting generation and member id due to: consumer pro-actively leaving the group
2025-06-21 17:59:54 [org.springframework.kafka.KafkaListenerEndpointContainer#0-0-C-1] INFO  o.a.k.c.c.i.ConsumerCoordinator - [Consumer clientId=consumer-order-notification-group-1, groupId=order-notification-group] Request joining group due to: consumer pro-actively leaving the group
2025-06-21 17:59:54 [org.springframework.kafka.KafkaListenerEndpointContainer#0-0-C-1] INFO  o.a.kafka.common.metrics.Metrics - Metrics scheduler closed
2025-06-21 17:59:54 [org.springframework.kafka.KafkaListenerEndpointContainer#0-0-C-1] INFO  o.a.kafka.common.metrics.Metrics - Closing reporter org.apache.kafka.common.metrics.JmxReporter
2025-06-21 17:59:54 [org.springframework.kafka.KafkaListenerEndpointContainer#0-0-C-1] INFO  o.a.kafka.common.metrics.Metrics - Closing reporter org.apache.kafka.common.telemetry.internals.ClientTelemetryReporter
2025-06-21 17:59:54 [org.springframework.kafka.KafkaListenerEndpointContainer#0-0-C-1] INFO  o.a.kafka.common.metrics.Metrics - Metrics reporters closed
2025-06-21 17:59:54 [org.springframework.kafka.KafkaListenerEndpointContainer#0-0-C-1] INFO  o.a.kafka.common.utils.AppInfoParser - App info kafka.consumer for consumer-order-notification-group-1 unregistered
2025-06-21 17:59:54 [org.springframework.kafka.KafkaListenerEndpointContainer#0-0-C-1] INFO  o.s.k.l.KafkaMessageListenerContainer - order-notification-group: Consumer stopped
2025-06-21 17:59:54 [org.springframework.kafka.KafkaListenerEndpointContainer#0-0-C-1] DEBUG o.s.k.l.KafkaMessageListenerContainer - KafkaMessageListenerContainer [id=org.springframework.kafka.KafkaListenerEndpointContainer#0-0, clientIndex=-0, topicPartitions=[]] stopped normally
2025-06-21 17:59:54 [SpringApplicationShutdownHook] INFO  o.s.b.w.e.tomcat.GracefulShutdown - Commencing graceful shutdown. Waiting for active requests to complete
2025-06-21 17:59:56 [tomcat-shutdown] INFO  o.s.b.w.e.tomcat.GracefulShutdown - Graceful shutdown complete
[INFO] ------------------------------------------------------------------------
[INFO] BUILD FAILURE
[INFO] ------------------------------------------------------------------------
[INFO] Total time:  19:11 min
[INFO] Finished at: 2025-06-21T17:59:56+05:30
[INFO] ------------------------------------------------------------------------
[ERROR] Failed to execute goal org.springframework.boot:spring-boot-maven-plugin:3.5.3:run (default-cli) on project streamer-order-consumer-service: Process terminated with exit code: 143 -> [Help 1]
[ERROR] 
[ERROR] To see the full stack trace of the errors, re-run Maven with the -e switch.
[ERROR] Re-run Maven using the -X switch to enable full debug logging.
[ERROR] 
[ERROR] For more information about the errors and possible solutions, please read the following articles:
[ERROR] [Help 1] http://cwiki.apache.org/confluence/display/MAVEN/MojoExecutionException
