WARNING: A restricted method in java.lang.System has been called
WARNING: java.lang.System::load has been called by org.fusesource.jansi.internal.JansiLoader in an unnamed module (file:/opt/homebrew/Cellar/maven/3.9.9/libexec/lib/jansi-2.4.1.jar)
WARNING: Use --enable-native-access=ALL-UNNAMED to avoid a warning for callers in this module
WARNING: Restricted methods will be blocked in a future release unless native access is enabled

WARNING: A terminally deprecated method in sun.misc.Unsafe has been called
WARNING: sun.misc.Unsafe::objectFieldOffset has been called by com.google.common.util.concurrent.AbstractFuture$UnsafeAtomicHelper (file:/opt/homebrew/Cellar/maven/3.9.9/libexec/lib/guava-33.2.1-jre.jar)
WARNING: Please consider reporting this to the maintainers of class com.google.common.util.concurrent.AbstractFuture$UnsafeAtomicHelper
WARNING: sun.misc.Unsafe::objectFieldOffset will be removed in a future release
[INFO] Scanning for projects...
[INFO] 
[INFO] -------------< com.mobox:streamer-order-creation-service >--------------
[INFO] Building streamer-order-creation-service 0.0.1-SNAPSHOT
[INFO]   from pom.xml
[INFO] --------------------------------[ jar ]---------------------------------
[INFO] 
[INFO] >>> spring-boot:3.5.3:run (default-cli) > test-compile @ streamer-order-creation-service >>>
[INFO] 
[INFO] --- resources:3.3.1:resources (default-resources) @ streamer-order-creation-service ---
[INFO] Copying 1 resource from src/main/resources to target/classes
[INFO] Copying 0 resource from src/main/resources to target/classes
[INFO] 
[INFO] --- compiler:3.14.0:compile (default-compile) @ streamer-order-creation-service ---
[INFO] Nothing to compile - all classes are up to date.
[INFO] 
[INFO] --- resources:3.3.1:testResources (default-testResources) @ streamer-order-creation-service ---
[INFO] skip non existing resourceDirectory /Users/sagar/Projects/UltraProduction/Streamer/streamer-order-creation-service/src/test/resources
[INFO] 
[INFO] --- compiler:3.14.0:testCompile (default-testCompile) @ streamer-order-creation-service ---
[INFO] Nothing to compile - all classes are up to date.
[INFO] 
[INFO] <<< spring-boot:3.5.3:run (default-cli) < test-compile @ streamer-order-creation-service <<<
[INFO] 
[INFO] 
[INFO] --- spring-boot:3.5.3:run (default-cli) @ streamer-order-creation-service ---
[INFO] Attaching agents: []

  .   ____          _            __ _ _
 /\\ / ___'_ __ _ _(_)_ __  __ _ \ \ \ \
( ( )\___ | '_ | '_| | '_ \/ _` | \ \ \ \
 \\/  ___)| |_)| | | | | || (_| |  ) ) ) )
  '  |____| .__|_| |_|_| |_\__, | / / / /
 =========|_|==============|___/=/_/_/_/

 :: Spring Boot ::                (v3.5.3)

2025-06-21 19:35:34 [main] INFO  c.m.s.StreamerOrderCreationServiceApplication - Starting StreamerOrderCreationServiceApplication using Java 24 with PID 38398 (/Users/sagar/Projects/UltraProduction/Streamer/streamer-order-creation-service/target/classes started by sagar in /Users/sagar/Projects/UltraProduction/Streamer/streamer-order-creation-service)
2025-06-21 19:35:34 [main] DEBUG c.m.s.StreamerOrderCreationServiceApplication - Running with Spring Boot v3.5.3, Spring v6.2.8
2025-06-21 19:35:34 [main] INFO  c.m.s.StreamerOrderCreationServiceApplication - No active profile set, falling back to 1 default profile: "default"
2025-06-21 19:35:34 [main] INFO  o.s.b.w.e.tomcat.TomcatWebServer - Tomcat initialized with port 8080 (http)
2025-06-21 19:35:34 [main] INFO  o.a.catalina.core.StandardService - Starting service [Tomcat]
2025-06-21 19:35:34 [main] INFO  o.a.catalina.core.StandardEngine - Starting Servlet engine: [Apache Tomcat/10.1.42]
2025-06-21 19:35:34 [main] INFO  o.a.c.c.C.[Tomcat].[localhost].[/] - Initializing Spring embedded WebApplicationContext
2025-06-21 19:35:34 [main] INFO  o.s.b.w.s.c.ServletWebServerApplicationContext - Root WebApplicationContext: initialization completed in 251 ms
2025-06-21 19:35:34 [main] INFO  o.s.b.w.e.tomcat.TomcatWebServer - Tomcat started on port 8080 (http) with context path '/'
2025-06-21 19:35:34 [main] INFO  c.m.s.StreamerOrderCreationServiceApplication - Started StreamerOrderCreationServiceApplication in 0.547 seconds (process running for 0.63)
2025-06-21 19:39:51 [http-nio-8080-exec-1] INFO  o.a.c.c.C.[Tomcat].[localhost].[/] - Initializing Spring DispatcherServlet 'dispatcherServlet'
2025-06-21 19:39:51 [http-nio-8080-exec-1] INFO  o.s.web.servlet.DispatcherServlet - Initializing Servlet 'dispatcherServlet'
2025-06-21 19:39:51 [http-nio-8080-exec-1] INFO  o.s.web.servlet.DispatcherServlet - Completed initialization in 1 ms
2025-06-21 19:39:51 [http-nio-8080-exec-1] INFO  c.m.s.service.OrderEventProducer - Publishing order: a488975d-6f53-4056-8336-4cda8c5cf9e8 to topic: orders-raw
2025-06-21 19:39:51 [http-nio-8080-exec-1] INFO  o.a.k.c.producer.ProducerConfig - ProducerConfig values: 
	acks = -1
	auto.include.jmx.reporter = true
	batch.size = 16384
	bootstrap.servers = [localhost:9092]
	buffer.memory = 33554432
	client.dns.lookup = use_all_dns_ips
	client.id = order-creation-service-producer-1
	compression.gzip.level = -1
	compression.lz4.level = 9
	compression.type = none
	compression.zstd.level = 3
	connections.max.idle.ms = 540000
	delivery.timeout.ms = 120000
	enable.idempotence = true
	enable.metrics.push = true
	interceptor.classes = []
	key.serializer = class org.apache.kafka.common.serialization.StringSerializer
	linger.ms = 10
	max.block.ms = 60000
	max.in.flight.requests.per.connection = 5
	max.request.size = 1048576
	metadata.max.age.ms = 300000
	metadata.max.idle.ms = 300000
	metadata.recovery.strategy = none
	metric.reporters = []
	metrics.num.samples = 2
	metrics.recording.level = INFO
	metrics.sample.window.ms = 30000
	partitioner.adaptive.partitioning.enable = true
	partitioner.availability.timeout.ms = 0
	partitioner.class = null
	partitioner.ignore.keys = false
	receive.buffer.bytes = 32768
	reconnect.backoff.max.ms = 1000
	reconnect.backoff.ms = 50
	request.timeout.ms = 30000
	retries = 3
	retry.backoff.max.ms = 1000
	retry.backoff.ms = 100
	sasl.client.callback.handler.class = null
	sasl.jaas.config = null
	sasl.kerberos.kinit.cmd = /usr/bin/kinit
	sasl.kerberos.min.time.before.relogin = 60000
	sasl.kerberos.service.name = null
	sasl.kerberos.ticket.renew.jitter = 0.05
	sasl.kerberos.ticket.renew.window.factor = 0.8
	sasl.login.callback.handler.class = null
	sasl.login.class = null
	sasl.login.connect.timeout.ms = null
	sasl.login.read.timeout.ms = null
	sasl.login.refresh.buffer.seconds = 300
	sasl.login.refresh.min.period.seconds = 60
	sasl.login.refresh.window.factor = 0.8
	sasl.login.refresh.window.jitter = 0.05
	sasl.login.retry.backoff.max.ms = 10000
	sasl.login.retry.backoff.ms = 100
	sasl.mechanism = GSSAPI
	sasl.oauthbearer.clock.skew.seconds = 30
	sasl.oauthbearer.expected.audience = null
	sasl.oauthbearer.expected.issuer = null
	sasl.oauthbearer.header.urlencode = false
	sasl.oauthbearer.jwks.endpoint.refresh.ms = 3600000
	sasl.oauthbearer.jwks.endpoint.retry.backoff.max.ms = 10000
	sasl.oauthbearer.jwks.endpoint.retry.backoff.ms = 100
	sasl.oauthbearer.jwks.endpoint.url = null
	sasl.oauthbearer.scope.claim.name = scope
	sasl.oauthbearer.sub.claim.name = sub
	sasl.oauthbearer.token.endpoint.url = null
	security.protocol = PLAINTEXT
	security.providers = null
	send.buffer.bytes = 131072
	socket.connection.setup.timeout.max.ms = 30000
	socket.connection.setup.timeout.ms = 10000
	ssl.cipher.suites = null
	ssl.enabled.protocols = [TLSv1.2, TLSv1.3]
	ssl.endpoint.identification.algorithm = https
	ssl.engine.factory.class = null
	ssl.key.password = null
	ssl.keymanager.algorithm = SunX509
	ssl.keystore.certificate.chain = null
	ssl.keystore.key = null
	ssl.keystore.location = null
	ssl.keystore.password = null
	ssl.keystore.type = JKS
	ssl.protocol = TLSv1.3
	ssl.provider = null
	ssl.secure.random.implementation = null
	ssl.trustmanager.algorithm = PKIX
	ssl.truststore.certificates = null
	ssl.truststore.location = null
	ssl.truststore.password = null
	ssl.truststore.type = JKS
	transaction.timeout.ms = 60000
	transactional.id = null
	value.serializer = class org.springframework.kafka.support.serializer.JsonSerializer

2025-06-21 19:39:51 [http-nio-8080-exec-1] INFO  o.a.k.c.t.i.KafkaMetricsCollector - initializing Kafka metrics collector
2025-06-21 19:39:51 [http-nio-8080-exec-1] INFO  o.a.k.clients.producer.KafkaProducer - [Producer clientId=order-creation-service-producer-1] Instantiated an idempotent producer.
2025-06-21 19:39:51 [http-nio-8080-exec-1] INFO  o.a.kafka.common.utils.AppInfoParser - Kafka version: 3.9.1
2025-06-21 19:39:51 [http-nio-8080-exec-1] INFO  o.a.kafka.common.utils.AppInfoParser - Kafka commitId: f745dfdcee2b9851
2025-06-21 19:39:51 [http-nio-8080-exec-1] INFO  o.a.kafka.common.utils.AppInfoParser - Kafka startTimeMs: 1750514991156
2025-06-21 19:39:51 [http-nio-8080-exec-1] DEBUG o.s.k.c.DefaultKafkaProducerFactory - Created new Producer: CloseSafeProducer [delegate=org.apache.kafka.clients.producer.KafkaProducer@7c8a46a7]
2025-06-21 19:39:51 [kafka-producer-network-thread | order-creation-service-producer-1] INFO  org.apache.kafka.clients.Metadata - [Producer clientId=order-creation-service-producer-1] Cluster ID: hNlYf2QxS1aP3cR5tG7uZ9vB0dE4kF6j
2025-06-21 19:39:51 [kafka-producer-network-thread | order-creation-service-producer-1] INFO  o.a.k.c.p.i.TransactionManager - [Producer clientId=order-creation-service-producer-1] ProducerId set to 1 with epoch 0
2025-06-21 19:39:51 [kafka-producer-network-thread | order-creation-service-producer-1] INFO  c.m.s.service.OrderEventProducer - Successfully published Order: a488975d-6f53-4056-8336-4cda8c5cf9e8 to topic: orders-raw at offset: 0
2025-06-21 19:45:35 [kafka-producer-network-thread | order-creation-service-producer-1] INFO  o.apache.kafka.clients.NetworkClient - [Producer clientId=order-creation-service-producer-1] Node 1 disconnected.
2025-06-21 19:45:35 [kafka-producer-network-thread | order-creation-service-producer-1] INFO  o.apache.kafka.clients.NetworkClient - [Producer clientId=order-creation-service-producer-1] Node -1 disconnected.
2025-06-21 19:45:35 [kafka-producer-network-thread | order-creation-service-producer-1] INFO  o.apache.kafka.clients.NetworkClient - [Producer clientId=order-creation-service-producer-1] Node 1 disconnected.
2025-06-21 19:45:35 [kafka-producer-network-thread | order-creation-service-producer-1] INFO  o.apache.kafka.clients.NetworkClient - [Producer clientId=order-creation-service-producer-1] Cancelled in-flight API_VERSIONS request with correlation id 8 due to node 1 being disconnected (elapsed time since creation: 0ms, elapsed time since send: 0ms, throttle time: 0ms, request timeout: 30000ms)
2025-06-21 19:45:35 [kafka-producer-network-thread | order-creation-service-producer-1] INFO  o.apache.kafka.clients.NetworkClient - [Producer clientId=order-creation-service-producer-1] Node 1 disconnected.
2025-06-21 19:45:35 [kafka-producer-network-thread | order-creation-service-producer-1] INFO  o.apache.kafka.clients.NetworkClient - [Producer clientId=order-creation-service-producer-1] Cancelled in-flight API_VERSIONS request with correlation id 9 due to node 1 being disconnected (elapsed time since creation: 1ms, elapsed time since send: 1ms, throttle time: 0ms, request timeout: 30000ms)
2025-06-21 19:45:36 [kafka-producer-network-thread | order-creation-service-producer-1] INFO  o.apache.kafka.clients.NetworkClient - [Producer clientId=order-creation-service-producer-1] Node 1 disconnected.
2025-06-21 19:45:36 [kafka-producer-network-thread | order-creation-service-producer-1] INFO  o.apache.kafka.clients.NetworkClient - [Producer clientId=order-creation-service-producer-1] Cancelled in-flight API_VERSIONS request with correlation id 10 due to node 1 being disconnected (elapsed time since creation: 1ms, elapsed time since send: 1ms, throttle time: 0ms, request timeout: 30000ms)
2025-06-21 19:45:36 [kafka-producer-network-thread | order-creation-service-producer-1] INFO  o.apache.kafka.clients.NetworkClient - [Producer clientId=order-creation-service-producer-1] Node 1 disconnected.
2025-06-21 19:45:36 [kafka-producer-network-thread | order-creation-service-producer-1] WARN  o.apache.kafka.clients.NetworkClient - [Producer clientId=order-creation-service-producer-1] Connection to node 1 (localhost/127.0.0.1:9092) could not be established. Node may not be available.
2025-06-21 19:45:37 [kafka-producer-network-thread | order-creation-service-producer-1] INFO  o.apache.kafka.clients.NetworkClient - [Producer clientId=order-creation-service-producer-1] Node 1 disconnected.
2025-06-21 19:45:37 [kafka-producer-network-thread | order-creation-service-producer-1] WARN  o.apache.kafka.clients.NetworkClient - [Producer clientId=order-creation-service-producer-1] Connection to node 1 (localhost/127.0.0.1:9092) could not be established. Node may not be available.
2025-06-21 19:45:38 [kafka-producer-network-thread | order-creation-service-producer-1] INFO  o.apache.kafka.clients.NetworkClient - [Producer clientId=order-creation-service-producer-1] Node 1 disconnected.
2025-06-21 19:45:38 [kafka-producer-network-thread | order-creation-service-producer-1] WARN  o.apache.kafka.clients.NetworkClient - [Producer clientId=order-creation-service-producer-1] Connection to node 1 (localhost/127.0.0.1:9092) could not be established. Node may not be available.
2025-06-21 19:45:39 [kafka-producer-network-thread | order-creation-service-producer-1] INFO  o.apache.kafka.clients.NetworkClient - [Producer clientId=order-creation-service-producer-1] Node 1 disconnected.
2025-06-21 19:45:39 [kafka-producer-network-thread | order-creation-service-producer-1] WARN  o.apache.kafka.clients.NetworkClient - [Producer clientId=order-creation-service-producer-1] Connection to node 1 (localhost/127.0.0.1:9092) could not be established. Node may not be available.
2025-06-21 19:45:40 [kafka-producer-network-thread | order-creation-service-producer-1] INFO  o.apache.kafka.clients.NetworkClient - [Producer clientId=order-creation-service-producer-1] Node 1 disconnected.
2025-06-21 19:45:40 [kafka-producer-network-thread | order-creation-service-producer-1] WARN  o.apache.kafka.clients.NetworkClient - [Producer clientId=order-creation-service-producer-1] Connection to node 1 (localhost/127.0.0.1:9092) could not be established. Node may not be available.
2025-06-21 19:45:41 [kafka-producer-network-thread | order-creation-service-producer-1] INFO  o.apache.kafka.clients.NetworkClient - [Producer clientId=order-creation-service-producer-1] Node 1 disconnected.
2025-06-21 19:45:41 [kafka-producer-network-thread | order-creation-service-producer-1] WARN  o.apache.kafka.clients.NetworkClient - [Producer clientId=order-creation-service-producer-1] Connection to node 1 (localhost/127.0.0.1:9092) could not be established. Node may not be available.
2025-06-21 19:45:42 [kafka-producer-network-thread | order-creation-service-producer-1] INFO  o.apache.kafka.clients.NetworkClient - [Producer clientId=order-creation-service-producer-1] Node 1 disconnected.
2025-06-21 19:45:42 [kafka-producer-network-thread | order-creation-service-producer-1] WARN  o.apache.kafka.clients.NetworkClient - [Producer clientId=order-creation-service-producer-1] Connection to node 1 (localhost/127.0.0.1:9092) could not be established. Node may not be available.
2025-06-21 19:45:43 [kafka-producer-network-thread | order-creation-service-producer-1] INFO  o.apache.kafka.clients.NetworkClient - [Producer clientId=order-creation-service-producer-1] Node 1 disconnected.
2025-06-21 19:45:43 [kafka-producer-network-thread | order-creation-service-producer-1] WARN  o.apache.kafka.clients.NetworkClient - [Producer clientId=order-creation-service-producer-1] Connection to node 1 (localhost/127.0.0.1:9092) could not be established. Node may not be available.
2025-06-21 19:45:44 [kafka-producer-network-thread | order-creation-service-producer-1] INFO  o.apache.kafka.clients.NetworkClient - [Producer clientId=order-creation-service-producer-1] Node 1 disconnected.
2025-06-21 19:45:44 [kafka-producer-network-thread | order-creation-service-producer-1] WARN  o.apache.kafka.clients.NetworkClient - [Producer clientId=order-creation-service-producer-1] Connection to node 1 (localhost/127.0.0.1:9092) could not be established. Node may not be available.
2025-06-21 19:45:45 [kafka-producer-network-thread | order-creation-service-producer-1] INFO  o.apache.kafka.clients.NetworkClient - [Producer clientId=order-creation-service-producer-1] Node 1 disconnected.
2025-06-21 19:45:45 [kafka-producer-network-thread | order-creation-service-producer-1] WARN  o.apache.kafka.clients.NetworkClient - [Producer clientId=order-creation-service-producer-1] Connection to node 1 (localhost/127.0.0.1:9092) could not be established. Node may not be available.
2025-06-21 19:45:46 [kafka-producer-network-thread | order-creation-service-producer-1] INFO  o.apache.kafka.clients.NetworkClient - [Producer clientId=order-creation-service-producer-1] Node 1 disconnected.
2025-06-21 19:45:46 [kafka-producer-network-thread | order-creation-service-producer-1] WARN  o.apache.kafka.clients.NetworkClient - [Producer clientId=order-creation-service-producer-1] Connection to node 1 (localhost/127.0.0.1:9092) could not be established. Node may not be available.
2025-06-21 19:45:47 [kafka-producer-network-thread | order-creation-service-producer-1] INFO  o.apache.kafka.clients.NetworkClient - [Producer clientId=order-creation-service-producer-1] Node 1 disconnected.
2025-06-21 19:45:47 [kafka-producer-network-thread | order-creation-service-producer-1] WARN  o.apache.kafka.clients.NetworkClient - [Producer clientId=order-creation-service-producer-1] Connection to node 1 (localhost/127.0.0.1:9092) could not be established. Node may not be available.
2025-06-21 19:45:48 [kafka-producer-network-thread | order-creation-service-producer-1] INFO  o.apache.kafka.clients.NetworkClient - [Producer clientId=order-creation-service-producer-1] Node 1 disconnected.
2025-06-21 19:45:48 [kafka-producer-network-thread | order-creation-service-producer-1] WARN  o.apache.kafka.clients.NetworkClient - [Producer clientId=order-creation-service-producer-1] Connection to node 1 (localhost/127.0.0.1:9092) could not be established. Node may not be available.
2025-06-21 19:45:49 [kafka-producer-network-thread | order-creation-service-producer-1] INFO  o.apache.kafka.clients.NetworkClient - [Producer clientId=order-creation-service-producer-1] Node 1 disconnected.
2025-06-21 19:45:49 [kafka-producer-network-thread | order-creation-service-producer-1] WARN  o.apache.kafka.clients.NetworkClient - [Producer clientId=order-creation-service-producer-1] Connection to node 1 (localhost/127.0.0.1:9092) could not be established. Node may not be available.
2025-06-21 19:45:50 [kafka-producer-network-thread | order-creation-service-producer-1] INFO  o.apache.kafka.clients.NetworkClient - [Producer clientId=order-creation-service-producer-1] Node 1 disconnected.
2025-06-21 19:45:50 [kafka-producer-network-thread | order-creation-service-producer-1] WARN  o.apache.kafka.clients.NetworkClient - [Producer clientId=order-creation-service-producer-1] Connection to node 1 (localhost/127.0.0.1:9092) could not be established. Node may not be available.
2025-06-21 19:45:51 [kafka-producer-network-thread | order-creation-service-producer-1] INFO  o.apache.kafka.clients.NetworkClient - [Producer clientId=order-creation-service-producer-1] Node 1 disconnected.
2025-06-21 19:45:51 [kafka-producer-network-thread | order-creation-service-producer-1] WARN  o.apache.kafka.clients.NetworkClient - [Producer clientId=order-creation-service-producer-1] Connection to node 1 (localhost/127.0.0.1:9092) could not be established. Node may not be available.
2025-06-21 19:45:52 [kafka-producer-network-thread | order-creation-service-producer-1] INFO  o.apache.kafka.clients.NetworkClient - [Producer clientId=order-creation-service-producer-1] Node 1 disconnected.
2025-06-21 19:45:52 [kafka-producer-network-thread | order-creation-service-producer-1] WARN  o.apache.kafka.clients.NetworkClient - [Producer clientId=order-creation-service-producer-1] Connection to node 1 (localhost/127.0.0.1:9092) could not be established. Node may not be available.
2025-06-21 19:45:53 [kafka-producer-network-thread | order-creation-service-producer-1] INFO  o.apache.kafka.clients.NetworkClient - [Producer clientId=order-creation-service-producer-1] Node 1 disconnected.
2025-06-21 19:45:53 [kafka-producer-network-thread | order-creation-service-producer-1] WARN  o.apache.kafka.clients.NetworkClient - [Producer clientId=order-creation-service-producer-1] Connection to node 1 (localhost/127.0.0.1:9092) could not be established. Node may not be available.
2025-06-21 19:45:54 [kafka-producer-network-thread | order-creation-service-producer-1] INFO  o.apache.kafka.clients.NetworkClient - [Producer clientId=order-creation-service-producer-1] Node 1 disconnected.
2025-06-21 19:45:54 [kafka-producer-network-thread | order-creation-service-producer-1] WARN  o.apache.kafka.clients.NetworkClient - [Producer clientId=order-creation-service-producer-1] Connection to node 1 (localhost/127.0.0.1:9092) could not be established. Node may not be available.
2025-06-21 19:45:55 [kafka-producer-network-thread | order-creation-service-producer-1] INFO  o.apache.kafka.clients.NetworkClient - [Producer clientId=order-creation-service-producer-1] Node 1 disconnected.
2025-06-21 19:45:55 [kafka-producer-network-thread | order-creation-service-producer-1] WARN  o.apache.kafka.clients.NetworkClient - [Producer clientId=order-creation-service-producer-1] Connection to node 1 (localhost/127.0.0.1:9092) could not be established. Node may not be available.
2025-06-21 19:45:56 [kafka-producer-network-thread | order-creation-service-producer-1] INFO  o.apache.kafka.clients.NetworkClient - [Producer clientId=order-creation-service-producer-1] Node 1 disconnected.
2025-06-21 19:45:56 [kafka-producer-network-thread | order-creation-service-producer-1] WARN  o.apache.kafka.clients.NetworkClient - [Producer clientId=order-creation-service-producer-1] Connection to node 1 (localhost/127.0.0.1:9092) could not be established. Node may not be available.
2025-06-21 19:45:57 [kafka-producer-network-thread | order-creation-service-producer-1] INFO  o.apache.kafka.clients.NetworkClient - [Producer clientId=order-creation-service-producer-1] Node 1 disconnected.
2025-06-21 19:45:57 [kafka-producer-network-thread | order-creation-service-producer-1] WARN  o.apache.kafka.clients.NetworkClient - [Producer clientId=order-creation-service-producer-1] Connection to node 1 (localhost/127.0.0.1:9092) could not be established. Node may not be available.
2025-06-21 19:45:58 [kafka-producer-network-thread | order-creation-service-producer-1] INFO  o.apache.kafka.clients.NetworkClient - [Producer clientId=order-creation-service-producer-1] Node 1 disconnected.
2025-06-21 19:45:58 [kafka-producer-network-thread | order-creation-service-producer-1] WARN  o.apache.kafka.clients.NetworkClient - [Producer clientId=order-creation-service-producer-1] Connection to node 1 (localhost/127.0.0.1:9092) could not be established. Node may not be available.
2025-06-21 19:45:59 [kafka-producer-network-thread | order-creation-service-producer-1] INFO  o.apache.kafka.clients.NetworkClient - [Producer clientId=order-creation-service-producer-1] Node 1 disconnected.
2025-06-21 19:45:59 [kafka-producer-network-thread | order-creation-service-producer-1] WARN  o.apache.kafka.clients.NetworkClient - [Producer clientId=order-creation-service-producer-1] Connection to node 1 (localhost/127.0.0.1:9092) could not be established. Node may not be available.
2025-06-21 19:46:00 [kafka-producer-network-thread | order-creation-service-producer-1] INFO  o.apache.kafka.clients.NetworkClient - [Producer clientId=order-creation-service-producer-1] Node 1 disconnected.
2025-06-21 19:46:00 [kafka-producer-network-thread | order-creation-service-producer-1] WARN  o.apache.kafka.clients.NetworkClient - [Producer clientId=order-creation-service-producer-1] Connection to node 1 (localhost/127.0.0.1:9092) could not be established. Node may not be available.
2025-06-21 19:46:01 [kafka-producer-network-thread | order-creation-service-producer-1] INFO  o.apache.kafka.clients.NetworkClient - [Producer clientId=order-creation-service-producer-1] Node 1 disconnected.
2025-06-21 19:46:01 [kafka-producer-network-thread | order-creation-service-producer-1] WARN  o.apache.kafka.clients.NetworkClient - [Producer clientId=order-creation-service-producer-1] Connection to node 1 (localhost/127.0.0.1:9092) could not be established. Node may not be available.
2025-06-21 19:46:02 [kafka-producer-network-thread | order-creation-service-producer-1] INFO  o.apache.kafka.clients.NetworkClient - [Producer clientId=order-creation-service-producer-1] Node 1 disconnected.
2025-06-21 19:46:02 [kafka-producer-network-thread | order-creation-service-producer-1] WARN  o.apache.kafka.clients.NetworkClient - [Producer clientId=order-creation-service-producer-1] Connection to node 1 (localhost/127.0.0.1:9092) could not be established. Node may not be available.
2025-06-21 19:46:03 [kafka-producer-network-thread | order-creation-service-producer-1] INFO  o.apache.kafka.clients.NetworkClient - [Producer clientId=order-creation-service-producer-1] Node 1 disconnected.
2025-06-21 19:46:03 [kafka-producer-network-thread | order-creation-service-producer-1] WARN  o.apache.kafka.clients.NetworkClient - [Producer clientId=order-creation-service-producer-1] Connection to node 1 (localhost/127.0.0.1:9092) could not be established. Node may not be available.
2025-06-21 19:46:04 [kafka-producer-network-thread | order-creation-service-producer-1] INFO  o.apache.kafka.clients.NetworkClient - [Producer clientId=order-creation-service-producer-1] Node 1 disconnected.
2025-06-21 19:46:04 [kafka-producer-network-thread | order-creation-service-producer-1] WARN  o.apache.kafka.clients.NetworkClient - [Producer clientId=order-creation-service-producer-1] Connection to node 1 (localhost/127.0.0.1:9092) could not be established. Node may not be available.
2025-06-21 19:46:05 [kafka-producer-network-thread | order-creation-service-producer-1] INFO  o.apache.kafka.clients.NetworkClient - [Producer clientId=order-creation-service-producer-1] Node 1 disconnected.
2025-06-21 19:46:05 [kafka-producer-network-thread | order-creation-service-producer-1] WARN  o.apache.kafka.clients.NetworkClient - [Producer clientId=order-creation-service-producer-1] Connection to node 1 (localhost/127.0.0.1:9092) could not be established. Node may not be available.
2025-06-21 19:46:06 [kafka-producer-network-thread | order-creation-service-producer-1] INFO  o.apache.kafka.clients.NetworkClient - [Producer clientId=order-creation-service-producer-1] Node 1 disconnected.
2025-06-21 19:46:06 [kafka-producer-network-thread | order-creation-service-producer-1] WARN  o.apache.kafka.clients.NetworkClient - [Producer clientId=order-creation-service-producer-1] Connection to node 1 (localhost/127.0.0.1:9092) could not be established. Node may not be available.
2025-06-21 19:46:07 [kafka-producer-network-thread | order-creation-service-producer-1] INFO  o.apache.kafka.clients.NetworkClient - [Producer clientId=order-creation-service-producer-1] Node 1 disconnected.
2025-06-21 19:46:07 [kafka-producer-network-thread | order-creation-service-producer-1] WARN  o.apache.kafka.clients.NetworkClient - [Producer clientId=order-creation-service-producer-1] Connection to node 1 (localhost/127.0.0.1:9092) could not be established. Node may not be available.
2025-06-21 19:46:08 [kafka-producer-network-thread | order-creation-service-producer-1] INFO  o.apache.kafka.clients.NetworkClient - [Producer clientId=order-creation-service-producer-1] Node 1 disconnected.
2025-06-21 19:46:08 [kafka-producer-network-thread | order-creation-service-producer-1] WARN  o.apache.kafka.clients.NetworkClient - [Producer clientId=order-creation-service-producer-1] Connection to node 1 (localhost/127.0.0.1:9092) could not be established. Node may not be available.
2025-06-21 19:46:09 [kafka-producer-network-thread | order-creation-service-producer-1] INFO  o.apache.kafka.clients.NetworkClient - [Producer clientId=order-creation-service-producer-1] Node 1 disconnected.
2025-06-21 19:46:09 [kafka-producer-network-thread | order-creation-service-producer-1] WARN  o.apache.kafka.clients.NetworkClient - [Producer clientId=order-creation-service-producer-1] Connection to node 1 (localhost/127.0.0.1:9092) could not be established. Node may not be available.
2025-06-21 19:46:10 [kafka-producer-network-thread | order-creation-service-producer-1] INFO  o.apache.kafka.clients.NetworkClient - [Producer clientId=order-creation-service-producer-1] Node 1 disconnected.
2025-06-21 19:46:10 [kafka-producer-network-thread | order-creation-service-producer-1] WARN  o.apache.kafka.clients.NetworkClient - [Producer clientId=order-creation-service-producer-1] Connection to node 1 (localhost/127.0.0.1:9092) could not be established. Node may not be available.
2025-06-21 19:46:11 [kafka-producer-network-thread | order-creation-service-producer-1] INFO  o.apache.kafka.clients.NetworkClient - [Producer clientId=order-creation-service-producer-1] Node 1 disconnected.
2025-06-21 19:46:11 [kafka-producer-network-thread | order-creation-service-producer-1] WARN  o.apache.kafka.clients.NetworkClient - [Producer clientId=order-creation-service-producer-1] Connection to node 1 (localhost/127.0.0.1:9092) could not be established. Node may not be available.
2025-06-21 19:46:12 [kafka-producer-network-thread | order-creation-service-producer-1] INFO  o.apache.kafka.clients.NetworkClient - [Producer clientId=order-creation-service-producer-1] Node 1 disconnected.
2025-06-21 19:46:12 [kafka-producer-network-thread | order-creation-service-producer-1] WARN  o.apache.kafka.clients.NetworkClient - [Producer clientId=order-creation-service-producer-1] Connection to node 1 (localhost/127.0.0.1:9092) could not be established. Node may not be available.
2025-06-21 19:46:13 [kafka-producer-network-thread | order-creation-service-producer-1] INFO  o.apache.kafka.clients.NetworkClient - [Producer clientId=order-creation-service-producer-1] Node 1 disconnected.
2025-06-21 19:46:13 [kafka-producer-network-thread | order-creation-service-producer-1] WARN  o.apache.kafka.clients.NetworkClient - [Producer clientId=order-creation-service-producer-1] Connection to node 1 (localhost/127.0.0.1:9092) could not be established. Node may not be available.
2025-06-21 19:46:14 [kafka-producer-network-thread | order-creation-service-producer-1] INFO  o.apache.kafka.clients.NetworkClient - [Producer clientId=order-creation-service-producer-1] Node 1 disconnected.
2025-06-21 19:46:14 [kafka-producer-network-thread | order-creation-service-producer-1] WARN  o.apache.kafka.clients.NetworkClient - [Producer clientId=order-creation-service-producer-1] Connection to node 1 (localhost/127.0.0.1:9092) could not be established. Node may not be available.
2025-06-21 19:46:15 [kafka-producer-network-thread | order-creation-service-producer-1] INFO  o.apache.kafka.clients.NetworkClient - [Producer clientId=order-creation-service-producer-1] Node 1 disconnected.
2025-06-21 19:46:15 [kafka-producer-network-thread | order-creation-service-producer-1] WARN  o.apache.kafka.clients.NetworkClient - [Producer clientId=order-creation-service-producer-1] Connection to node 1 (localhost/127.0.0.1:9092) could not be established. Node may not be available.
2025-06-21 19:46:16 [kafka-producer-network-thread | order-creation-service-producer-1] INFO  o.apache.kafka.clients.NetworkClient - [Producer clientId=order-creation-service-producer-1] Node 1 disconnected.
2025-06-21 19:46:16 [kafka-producer-network-thread | order-creation-service-producer-1] WARN  o.apache.kafka.clients.NetworkClient - [Producer clientId=order-creation-service-producer-1] Connection to node 1 (localhost/127.0.0.1:9092) could not be established. Node may not be available.
2025-06-21 19:46:17 [kafka-producer-network-thread | order-creation-service-producer-1] INFO  o.apache.kafka.clients.NetworkClient - [Producer clientId=order-creation-service-producer-1] Node 1 disconnected.
2025-06-21 19:46:17 [kafka-producer-network-thread | order-creation-service-producer-1] WARN  o.apache.kafka.clients.NetworkClient - [Producer clientId=order-creation-service-producer-1] Connection to node 1 (localhost/127.0.0.1:9092) could not be established. Node may not be available.
2025-06-21 19:46:18 [kafka-producer-network-thread | order-creation-service-producer-1] INFO  o.apache.kafka.clients.NetworkClient - [Producer clientId=order-creation-service-producer-1] Node 1 disconnected.
2025-06-21 19:46:18 [kafka-producer-network-thread | order-creation-service-producer-1] WARN  o.apache.kafka.clients.NetworkClient - [Producer clientId=order-creation-service-producer-1] Connection to node 1 (localhost/127.0.0.1:9092) could not be established. Node may not be available.
2025-06-21 19:46:19 [kafka-producer-network-thread | order-creation-service-producer-1] INFO  o.apache.kafka.clients.NetworkClient - [Producer clientId=order-creation-service-producer-1] Node 1 disconnected.
2025-06-21 19:46:19 [kafka-producer-network-thread | order-creation-service-producer-1] WARN  o.apache.kafka.clients.NetworkClient - [Producer clientId=order-creation-service-producer-1] Connection to node 1 (localhost/127.0.0.1:9092) could not be established. Node may not be available.
2025-06-21 19:46:20 [kafka-producer-network-thread | order-creation-service-producer-1] INFO  o.apache.kafka.clients.NetworkClient - [Producer clientId=order-creation-service-producer-1] Node 1 disconnected.
2025-06-21 19:46:20 [kafka-producer-network-thread | order-creation-service-producer-1] WARN  o.apache.kafka.clients.NetworkClient - [Producer clientId=order-creation-service-producer-1] Connection to node 1 (localhost/127.0.0.1:9092) could not be established. Node may not be available.
2025-06-21 19:46:21 [kafka-producer-network-thread | order-creation-service-producer-1] INFO  o.apache.kafka.clients.NetworkClient - [Producer clientId=order-creation-service-producer-1] Node 1 disconnected.
2025-06-21 19:46:21 [kafka-producer-network-thread | order-creation-service-producer-1] WARN  o.apache.kafka.clients.NetworkClient - [Producer clientId=order-creation-service-producer-1] Connection to node 1 (localhost/127.0.0.1:9092) could not be established. Node may not be available.
2025-06-21 19:46:22 [kafka-producer-network-thread | order-creation-service-producer-1] INFO  o.apache.kafka.clients.NetworkClient - [Producer clientId=order-creation-service-producer-1] Node 1 disconnected.
2025-06-21 19:46:22 [kafka-producer-network-thread | order-creation-service-producer-1] WARN  o.apache.kafka.clients.NetworkClient - [Producer clientId=order-creation-service-producer-1] Connection to node 1 (localhost/127.0.0.1:9092) could not be established. Node may not be available.
2025-06-21 19:46:23 [kafka-producer-network-thread | order-creation-service-producer-1] INFO  o.apache.kafka.clients.NetworkClient - [Producer clientId=order-creation-service-producer-1] Node 1 disconnected.
2025-06-21 19:46:23 [kafka-producer-network-thread | order-creation-service-producer-1] WARN  o.apache.kafka.clients.NetworkClient - [Producer clientId=order-creation-service-producer-1] Connection to node 1 (localhost/127.0.0.1:9092) could not be established. Node may not be available.
2025-06-21 19:46:24 [kafka-producer-network-thread | order-creation-service-producer-1] INFO  o.apache.kafka.clients.NetworkClient - [Producer clientId=order-creation-service-producer-1] Node 1 disconnected.
2025-06-21 19:46:24 [kafka-producer-network-thread | order-creation-service-producer-1] WARN  o.apache.kafka.clients.NetworkClient - [Producer clientId=order-creation-service-producer-1] Connection to node 1 (localhost/127.0.0.1:9092) could not be established. Node may not be available.
2025-06-21 19:46:25 [kafka-producer-network-thread | order-creation-service-producer-1] INFO  o.apache.kafka.clients.NetworkClient - [Producer clientId=order-creation-service-producer-1] Node 1 disconnected.
2025-06-21 19:46:25 [kafka-producer-network-thread | order-creation-service-producer-1] WARN  o.apache.kafka.clients.NetworkClient - [Producer clientId=order-creation-service-producer-1] Connection to node 1 (localhost/127.0.0.1:9092) could not be established. Node may not be available.
2025-06-21 19:46:26 [kafka-producer-network-thread | order-creation-service-producer-1] INFO  o.apache.kafka.clients.NetworkClient - [Producer clientId=order-creation-service-producer-1] Node 1 disconnected.
2025-06-21 19:46:26 [kafka-producer-network-thread | order-creation-service-producer-1] WARN  o.apache.kafka.clients.NetworkClient - [Producer clientId=order-creation-service-producer-1] Connection to node 1 (localhost/127.0.0.1:9092) could not be established. Node may not be available.
2025-06-21 19:46:27 [kafka-producer-network-thread | order-creation-service-producer-1] INFO  o.apache.kafka.clients.NetworkClient - [Producer clientId=order-creation-service-producer-1] Node 1 disconnected.
2025-06-21 19:46:27 [kafka-producer-network-thread | order-creation-service-producer-1] WARN  o.apache.kafka.clients.NetworkClient - [Producer clientId=order-creation-service-producer-1] Connection to node 1 (localhost/127.0.0.1:9092) could not be established. Node may not be available.
2025-06-21 19:46:28 [kafka-producer-network-thread | order-creation-service-producer-1] INFO  o.apache.kafka.clients.NetworkClient - [Producer clientId=order-creation-service-producer-1] Node 1 disconnected.
2025-06-21 19:46:28 [kafka-producer-network-thread | order-creation-service-producer-1] WARN  o.apache.kafka.clients.NetworkClient - [Producer clientId=order-creation-service-producer-1] Connection to node 1 (localhost/127.0.0.1:9092) could not be established. Node may not be available.
2025-06-21 19:46:29 [kafka-producer-network-thread | order-creation-service-producer-1] INFO  o.apache.kafka.clients.NetworkClient - [Producer clientId=order-creation-service-producer-1] Node 1 disconnected.
2025-06-21 19:46:29 [kafka-producer-network-thread | order-creation-service-producer-1] WARN  o.apache.kafka.clients.NetworkClient - [Producer clientId=order-creation-service-producer-1] Connection to node 1 (localhost/127.0.0.1:9092) could not be established. Node may not be available.
2025-06-21 19:46:30 [kafka-producer-network-thread | order-creation-service-producer-1] INFO  o.apache.kafka.clients.NetworkClient - [Producer clientId=order-creation-service-producer-1] Node 1 disconnected.
2025-06-21 19:46:30 [kafka-producer-network-thread | order-creation-service-producer-1] WARN  o.apache.kafka.clients.NetworkClient - [Producer clientId=order-creation-service-producer-1] Connection to node 1 (localhost/127.0.0.1:9092) could not be established. Node may not be available.
2025-06-21 19:46:31 [kafka-producer-network-thread | order-creation-service-producer-1] INFO  o.apache.kafka.clients.NetworkClient - [Producer clientId=order-creation-service-producer-1] Node 1 disconnected.
2025-06-21 19:46:31 [kafka-producer-network-thread | order-creation-service-producer-1] WARN  o.apache.kafka.clients.NetworkClient - [Producer clientId=order-creation-service-producer-1] Connection to node 1 (localhost/127.0.0.1:9092) could not be established. Node may not be available.
2025-06-21 19:46:32 [kafka-producer-network-thread | order-creation-service-producer-1] INFO  o.apache.kafka.clients.NetworkClient - [Producer clientId=order-creation-service-producer-1] Node 1 disconnected.
2025-06-21 19:46:32 [kafka-producer-network-thread | order-creation-service-producer-1] WARN  o.apache.kafka.clients.NetworkClient - [Producer clientId=order-creation-service-producer-1] Connection to node 1 (localhost/127.0.0.1:9092) could not be established. Node may not be available.
2025-06-21 19:46:33 [kafka-producer-network-thread | order-creation-service-producer-1] INFO  o.apache.kafka.clients.NetworkClient - [Producer clientId=order-creation-service-producer-1] Node 1 disconnected.
2025-06-21 19:46:33 [kafka-producer-network-thread | order-creation-service-producer-1] WARN  o.apache.kafka.clients.NetworkClient - [Producer clientId=order-creation-service-producer-1] Connection to node 1 (localhost/127.0.0.1:9092) could not be established. Node may not be available.
2025-06-21 19:46:34 [kafka-producer-network-thread | order-creation-service-producer-1] INFO  o.apache.kafka.clients.NetworkClient - [Producer clientId=order-creation-service-producer-1] Node 1 disconnected.
2025-06-21 19:46:34 [kafka-producer-network-thread | order-creation-service-producer-1] WARN  o.apache.kafka.clients.NetworkClient - [Producer clientId=order-creation-service-producer-1] Connection to node 1 (localhost/127.0.0.1:9092) could not be established. Node may not be available.
2025-06-21 19:46:35 [kafka-producer-network-thread | order-creation-service-producer-1] INFO  o.apache.kafka.clients.NetworkClient - [Producer clientId=order-creation-service-producer-1] Node 1 disconnected.
2025-06-21 19:46:35 [kafka-producer-network-thread | order-creation-service-producer-1] WARN  o.apache.kafka.clients.NetworkClient - [Producer clientId=order-creation-service-producer-1] Connection to node 1 (localhost/127.0.0.1:9092) could not be established. Node may not be available.
2025-06-21 19:46:36 [kafka-producer-network-thread | order-creation-service-producer-1] INFO  o.apache.kafka.clients.NetworkClient - [Producer clientId=order-creation-service-producer-1] Node 1 disconnected.
2025-06-21 19:46:36 [kafka-producer-network-thread | order-creation-service-producer-1] WARN  o.apache.kafka.clients.NetworkClient - [Producer clientId=order-creation-service-producer-1] Connection to node 1 (localhost/127.0.0.1:9092) could not be established. Node may not be available.
2025-06-21 19:46:37 [kafka-producer-network-thread | order-creation-service-producer-1] INFO  o.apache.kafka.clients.NetworkClient - [Producer clientId=order-creation-service-producer-1] Node 1 disconnected.
2025-06-21 19:46:37 [kafka-producer-network-thread | order-creation-service-producer-1] WARN  o.apache.kafka.clients.NetworkClient - [Producer clientId=order-creation-service-producer-1] Connection to node 1 (localhost/127.0.0.1:9092) could not be established. Node may not be available.
2025-06-21 19:46:38 [kafka-producer-network-thread | order-creation-service-producer-1] INFO  o.apache.kafka.clients.NetworkClient - [Producer clientId=order-creation-service-producer-1] Node 1 disconnected.
2025-06-21 19:46:38 [kafka-producer-network-thread | order-creation-service-producer-1] WARN  o.apache.kafka.clients.NetworkClient - [Producer clientId=order-creation-service-producer-1] Connection to node 1 (localhost/127.0.0.1:9092) could not be established. Node may not be available.
2025-06-21 19:46:39 [kafka-producer-network-thread | order-creation-service-producer-1] INFO  o.apache.kafka.clients.NetworkClient - [Producer clientId=order-creation-service-producer-1] Node 1 disconnected.
2025-06-21 19:46:39 [kafka-producer-network-thread | order-creation-service-producer-1] WARN  o.apache.kafka.clients.NetworkClient - [Producer clientId=order-creation-service-producer-1] Connection to node 1 (localhost/127.0.0.1:9092) could not be established. Node may not be available.
2025-06-21 19:46:40 [kafka-producer-network-thread | order-creation-service-producer-1] INFO  o.apache.kafka.clients.NetworkClient - [Producer clientId=order-creation-service-producer-1] Node 1 disconnected.
2025-06-21 19:46:40 [kafka-producer-network-thread | order-creation-service-producer-1] WARN  o.apache.kafka.clients.NetworkClient - [Producer clientId=order-creation-service-producer-1] Connection to node 1 (localhost/127.0.0.1:9092) could not be established. Node may not be available.
2025-06-21 19:46:41 [kafka-producer-network-thread | order-creation-service-producer-1] INFO  o.apache.kafka.clients.NetworkClient - [Producer clientId=order-creation-service-producer-1] Node 1 disconnected.
2025-06-21 19:46:41 [kafka-producer-network-thread | order-creation-service-producer-1] WARN  o.apache.kafka.clients.NetworkClient - [Producer clientId=order-creation-service-producer-1] Connection to node 1 (localhost/127.0.0.1:9092) could not be established. Node may not be available.
2025-06-21 19:46:42 [kafka-producer-network-thread | order-creation-service-producer-1] INFO  o.apache.kafka.clients.NetworkClient - [Producer clientId=order-creation-service-producer-1] Node 1 disconnected.
2025-06-21 19:46:42 [kafka-producer-network-thread | order-creation-service-producer-1] WARN  o.apache.kafka.clients.NetworkClient - [Producer clientId=order-creation-service-producer-1] Connection to node 1 (localhost/127.0.0.1:9092) could not be established. Node may not be available.
2025-06-21 19:46:43 [kafka-producer-network-thread | order-creation-service-producer-1] INFO  o.apache.kafka.clients.NetworkClient - [Producer clientId=order-creation-service-producer-1] Node 1 disconnected.
2025-06-21 19:46:43 [kafka-producer-network-thread | order-creation-service-producer-1] WARN  o.apache.kafka.clients.NetworkClient - [Producer clientId=order-creation-service-producer-1] Connection to node 1 (localhost/127.0.0.1:9092) could not be established. Node may not be available.
2025-06-21 19:46:44 [kafka-producer-network-thread | order-creation-service-producer-1] INFO  o.apache.kafka.clients.NetworkClient - [Producer clientId=order-creation-service-producer-1] Node 1 disconnected.
2025-06-21 19:46:44 [kafka-producer-network-thread | order-creation-service-producer-1] WARN  o.apache.kafka.clients.NetworkClient - [Producer clientId=order-creation-service-producer-1] Connection to node 1 (localhost/127.0.0.1:9092) could not be established. Node may not be available.
2025-06-21 19:46:45 [kafka-producer-network-thread | order-creation-service-producer-1] INFO  o.apache.kafka.clients.NetworkClient - [Producer clientId=order-creation-service-producer-1] Node 1 disconnected.
2025-06-21 19:46:45 [kafka-producer-network-thread | order-creation-service-producer-1] WARN  o.apache.kafka.clients.NetworkClient - [Producer clientId=order-creation-service-producer-1] Connection to node 1 (localhost/127.0.0.1:9092) could not be established. Node may not be available.
2025-06-21 19:46:46 [kafka-producer-network-thread | order-creation-service-producer-1] INFO  o.apache.kafka.clients.NetworkClient - [Producer clientId=order-creation-service-producer-1] Node 1 disconnected.
2025-06-21 19:46:46 [kafka-producer-network-thread | order-creation-service-producer-1] WARN  o.apache.kafka.clients.NetworkClient - [Producer clientId=order-creation-service-producer-1] Connection to node 1 (localhost/127.0.0.1:9092) could not be established. Node may not be available.
2025-06-21 19:46:47 [kafka-producer-network-thread | order-creation-service-producer-1] INFO  o.apache.kafka.clients.NetworkClient - [Producer clientId=order-creation-service-producer-1] Node 1 disconnected.
2025-06-21 19:46:47 [kafka-producer-network-thread | order-creation-service-producer-1] WARN  o.apache.kafka.clients.NetworkClient - [Producer clientId=order-creation-service-producer-1] Connection to node 1 (localhost/127.0.0.1:9092) could not be established. Node may not be available.
2025-06-21 19:46:48 [kafka-producer-network-thread | order-creation-service-producer-1] INFO  o.apache.kafka.clients.NetworkClient - [Producer clientId=order-creation-service-producer-1] Node 1 disconnected.
2025-06-21 19:46:48 [kafka-producer-network-thread | order-creation-service-producer-1] WARN  o.apache.kafka.clients.NetworkClient - [Producer clientId=order-creation-service-producer-1] Connection to node 1 (localhost/127.0.0.1:9092) could not be established. Node may not be available.
2025-06-21 19:46:49 [kafka-producer-network-thread | order-creation-service-producer-1] INFO  o.apache.kafka.clients.NetworkClient - [Producer clientId=order-creation-service-producer-1] Node 1 disconnected.
2025-06-21 19:46:49 [kafka-producer-network-thread | order-creation-service-producer-1] WARN  o.apache.kafka.clients.NetworkClient - [Producer clientId=order-creation-service-producer-1] Connection to node 1 (localhost/127.0.0.1:9092) could not be established. Node may not be available.
2025-06-21 19:46:50 [kafka-producer-network-thread | order-creation-service-producer-1] INFO  o.apache.kafka.clients.NetworkClient - [Producer clientId=order-creation-service-producer-1] Node 1 disconnected.
2025-06-21 19:46:50 [kafka-producer-network-thread | order-creation-service-producer-1] WARN  o.apache.kafka.clients.NetworkClient - [Producer clientId=order-creation-service-producer-1] Connection to node 1 (localhost/127.0.0.1:9092) could not be established. Node may not be available.
2025-06-21 19:46:51 [kafka-producer-network-thread | order-creation-service-producer-1] INFO  o.apache.kafka.clients.NetworkClient - [Producer clientId=order-creation-service-producer-1] Node 1 disconnected.
2025-06-21 19:46:51 [kafka-producer-network-thread | order-creation-service-producer-1] WARN  o.apache.kafka.clients.NetworkClient - [Producer clientId=order-creation-service-producer-1] Connection to node 1 (localhost/127.0.0.1:9092) could not be established. Node may not be available.
2025-06-21 19:46:52 [kafka-producer-network-thread | order-creation-service-producer-1] INFO  o.apache.kafka.clients.NetworkClient - [Producer clientId=order-creation-service-producer-1] Node 1 disconnected.
2025-06-21 19:46:52 [kafka-producer-network-thread | order-creation-service-producer-1] WARN  o.apache.kafka.clients.NetworkClient - [Producer clientId=order-creation-service-producer-1] Connection to node 1 (localhost/127.0.0.1:9092) could not be established. Node may not be available.
2025-06-21 19:46:53 [kafka-producer-network-thread | order-creation-service-producer-1] INFO  o.apache.kafka.clients.NetworkClient - [Producer clientId=order-creation-service-producer-1] Node 1 disconnected.
2025-06-21 19:46:53 [kafka-producer-network-thread | order-creation-service-producer-1] WARN  o.apache.kafka.clients.NetworkClient - [Producer clientId=order-creation-service-producer-1] Connection to node 1 (localhost/127.0.0.1:9092) could not be established. Node may not be available.
2025-06-21 19:46:54 [kafka-producer-network-thread | order-creation-service-producer-1] INFO  o.apache.kafka.clients.NetworkClient - [Producer clientId=order-creation-service-producer-1] Node 1 disconnected.
2025-06-21 19:46:54 [kafka-producer-network-thread | order-creation-service-producer-1] WARN  o.apache.kafka.clients.NetworkClient - [Producer clientId=order-creation-service-producer-1] Connection to node 1 (localhost/127.0.0.1:9092) could not be established. Node may not be available.
2025-06-21 19:46:55 [kafka-producer-network-thread | order-creation-service-producer-1] INFO  o.apache.kafka.clients.NetworkClient - [Producer clientId=order-creation-service-producer-1] Node 1 disconnected.
2025-06-21 19:46:55 [kafka-producer-network-thread | order-creation-service-producer-1] WARN  o.apache.kafka.clients.NetworkClient - [Producer clientId=order-creation-service-producer-1] Connection to node 1 (localhost/127.0.0.1:9092) could not be established. Node may not be available.
2025-06-21 19:46:56 [kafka-producer-network-thread | order-creation-service-producer-1] INFO  o.apache.kafka.clients.NetworkClient - [Producer clientId=order-creation-service-producer-1] Node 1 disconnected.
2025-06-21 19:46:56 [kafka-producer-network-thread | order-creation-service-producer-1] WARN  o.apache.kafka.clients.NetworkClient - [Producer clientId=order-creation-service-producer-1] Connection to node 1 (localhost/127.0.0.1:9092) could not be established. Node may not be available.
2025-06-21 19:46:57 [kafka-producer-network-thread | order-creation-service-producer-1] INFO  o.apache.kafka.clients.NetworkClient - [Producer clientId=order-creation-service-producer-1] Node 1 disconnected.
2025-06-21 19:46:57 [kafka-producer-network-thread | order-creation-service-producer-1] WARN  o.apache.kafka.clients.NetworkClient - [Producer clientId=order-creation-service-producer-1] Connection to node 1 (localhost/127.0.0.1:9092) could not be established. Node may not be available.
2025-06-21 19:46:58 [kafka-producer-network-thread | order-creation-service-producer-1] INFO  o.apache.kafka.clients.NetworkClient - [Producer clientId=order-creation-service-producer-1] Node 1 disconnected.
2025-06-21 19:46:58 [kafka-producer-network-thread | order-creation-service-producer-1] WARN  o.apache.kafka.clients.NetworkClient - [Producer clientId=order-creation-service-producer-1] Connection to node 1 (localhost/127.0.0.1:9092) could not be established. Node may not be available.
2025-06-21 19:46:59 [kafka-producer-network-thread | order-creation-service-producer-1] INFO  o.apache.kafka.clients.NetworkClient - [Producer clientId=order-creation-service-producer-1] Node 1 disconnected.
2025-06-21 19:46:59 [kafka-producer-network-thread | order-creation-service-producer-1] WARN  o.apache.kafka.clients.NetworkClient - [Producer clientId=order-creation-service-producer-1] Connection to node 1 (localhost/127.0.0.1:9092) could not be established. Node may not be available.
2025-06-21 19:47:00 [kafka-producer-network-thread | order-creation-service-producer-1] INFO  o.apache.kafka.clients.NetworkClient - [Producer clientId=order-creation-service-producer-1] Node 1 disconnected.
2025-06-21 19:47:00 [kafka-producer-network-thread | order-creation-service-producer-1] WARN  o.apache.kafka.clients.NetworkClient - [Producer clientId=order-creation-service-producer-1] Connection to node 1 (localhost/127.0.0.1:9092) could not be established. Node may not be available.
2025-06-21 19:47:01 [kafka-producer-network-thread | order-creation-service-producer-1] INFO  o.apache.kafka.clients.NetworkClient - [Producer clientId=order-creation-service-producer-1] Node 1 disconnected.
2025-06-21 19:47:01 [kafka-producer-network-thread | order-creation-service-producer-1] WARN  o.apache.kafka.clients.NetworkClient - [Producer clientId=order-creation-service-producer-1] Connection to node 1 (localhost/127.0.0.1:9092) could not be established. Node may not be available.
2025-06-21 19:47:02 [kafka-producer-network-thread | order-creation-service-producer-1] INFO  o.apache.kafka.clients.NetworkClient - [Producer clientId=order-creation-service-producer-1] Node 1 disconnected.
2025-06-21 19:47:02 [kafka-producer-network-thread | order-creation-service-producer-1] WARN  o.apache.kafka.clients.NetworkClient - [Producer clientId=order-creation-service-producer-1] Connection to node 1 (localhost/127.0.0.1:9092) could not be established. Node may not be available.
2025-06-21 19:47:03 [kafka-producer-network-thread | order-creation-service-producer-1] INFO  o.apache.kafka.clients.NetworkClient - [Producer clientId=order-creation-service-producer-1] Node 1 disconnected.
2025-06-21 19:47:03 [kafka-producer-network-thread | order-creation-service-producer-1] WARN  o.apache.kafka.clients.NetworkClient - [Producer clientId=order-creation-service-producer-1] Connection to node 1 (localhost/127.0.0.1:9092) could not be established. Node may not be available.
2025-06-21 19:47:04 [kafka-producer-network-thread | order-creation-service-producer-1] INFO  o.apache.kafka.clients.NetworkClient - [Producer clientId=order-creation-service-producer-1] Node 1 disconnected.
2025-06-21 19:47:04 [kafka-producer-network-thread | order-creation-service-producer-1] WARN  o.apache.kafka.clients.NetworkClient - [Producer clientId=order-creation-service-producer-1] Connection to node 1 (localhost/127.0.0.1:9092) could not be established. Node may not be available.
2025-06-21 19:47:05 [kafka-producer-network-thread | order-creation-service-producer-1] INFO  o.apache.kafka.clients.NetworkClient - [Producer clientId=order-creation-service-producer-1] Node 1 disconnected.
2025-06-21 19:47:05 [kafka-producer-network-thread | order-creation-service-producer-1] WARN  o.apache.kafka.clients.NetworkClient - [Producer clientId=order-creation-service-producer-1] Connection to node 1 (localhost/127.0.0.1:9092) could not be established. Node may not be available.
2025-06-21 19:47:06 [kafka-producer-network-thread | order-creation-service-producer-1] INFO  o.apache.kafka.clients.NetworkClient - [Producer clientId=order-creation-service-producer-1] Node 1 disconnected.
2025-06-21 19:47:06 [kafka-producer-network-thread | order-creation-service-producer-1] WARN  o.apache.kafka.clients.NetworkClient - [Producer clientId=order-creation-service-producer-1] Connection to node 1 (localhost/127.0.0.1:9092) could not be established. Node may not be available.
2025-06-21 19:47:07 [kafka-producer-network-thread | order-creation-service-producer-1] INFO  o.apache.kafka.clients.NetworkClient - [Producer clientId=order-creation-service-producer-1] Node 1 disconnected.
2025-06-21 19:47:07 [kafka-producer-network-thread | order-creation-service-producer-1] WARN  o.apache.kafka.clients.NetworkClient - [Producer clientId=order-creation-service-producer-1] Connection to node 1 (localhost/127.0.0.1:9092) could not be established. Node may not be available.
2025-06-21 19:47:08 [kafka-producer-network-thread | order-creation-service-producer-1] INFO  o.apache.kafka.clients.NetworkClient - [Producer clientId=order-creation-service-producer-1] Node 1 disconnected.
2025-06-21 19:47:08 [kafka-producer-network-thread | order-creation-service-producer-1] WARN  o.apache.kafka.clients.NetworkClient - [Producer clientId=order-creation-service-producer-1] Connection to node 1 (localhost/127.0.0.1:9092) could not be established. Node may not be available.
2025-06-21 19:47:09 [kafka-producer-network-thread | order-creation-service-producer-1] INFO  o.apache.kafka.clients.NetworkClient - [Producer clientId=order-creation-service-producer-1] Node 1 disconnected.
2025-06-21 19:47:09 [kafka-producer-network-thread | order-creation-service-producer-1] WARN  o.apache.kafka.clients.NetworkClient - [Producer clientId=order-creation-service-producer-1] Connection to node 1 (localhost/127.0.0.1:9092) could not be established. Node may not be available.
2025-06-21 19:47:10 [kafka-producer-network-thread | order-creation-service-producer-1] INFO  o.apache.kafka.clients.NetworkClient - [Producer clientId=order-creation-service-producer-1] Node 1 disconnected.
2025-06-21 19:47:10 [kafka-producer-network-thread | order-creation-service-producer-1] WARN  o.apache.kafka.clients.NetworkClient - [Producer clientId=order-creation-service-producer-1] Connection to node 1 (localhost/127.0.0.1:9092) could not be established. Node may not be available.
2025-06-21 19:47:11 [kafka-producer-network-thread | order-creation-service-producer-1] INFO  o.apache.kafka.clients.NetworkClient - [Producer clientId=order-creation-service-producer-1] Node 1 disconnected.
2025-06-21 19:47:11 [kafka-producer-network-thread | order-creation-service-producer-1] WARN  o.apache.kafka.clients.NetworkClient - [Producer clientId=order-creation-service-producer-1] Connection to node 1 (localhost/127.0.0.1:9092) could not be established. Node may not be available.
2025-06-21 19:47:12 [kafka-producer-network-thread | order-creation-service-producer-1] INFO  o.apache.kafka.clients.NetworkClient - [Producer clientId=order-creation-service-producer-1] Node 1 disconnected.
2025-06-21 19:47:12 [kafka-producer-network-thread | order-creation-service-producer-1] WARN  o.apache.kafka.clients.NetworkClient - [Producer clientId=order-creation-service-producer-1] Connection to node 1 (localhost/127.0.0.1:9092) could not be established. Node may not be available.
2025-06-21 19:47:13 [kafka-producer-network-thread | order-creation-service-producer-1] INFO  o.apache.kafka.clients.NetworkClient - [Producer clientId=order-creation-service-producer-1] Node 1 disconnected.
2025-06-21 19:47:13 [kafka-producer-network-thread | order-creation-service-producer-1] WARN  o.apache.kafka.clients.NetworkClient - [Producer clientId=order-creation-service-producer-1] Connection to node 1 (localhost/127.0.0.1:9092) could not be established. Node may not be available.
2025-06-21 19:47:14 [kafka-producer-network-thread | order-creation-service-producer-1] INFO  o.apache.kafka.clients.NetworkClient - [Producer clientId=order-creation-service-producer-1] Node 1 disconnected.
2025-06-21 19:47:14 [kafka-producer-network-thread | order-creation-service-producer-1] WARN  o.apache.kafka.clients.NetworkClient - [Producer clientId=order-creation-service-producer-1] Connection to node 1 (localhost/127.0.0.1:9092) could not be established. Node may not be available.
2025-06-21 19:47:15 [kafka-producer-network-thread | order-creation-service-producer-1] INFO  o.apache.kafka.clients.NetworkClient - [Producer clientId=order-creation-service-producer-1] Node 1 disconnected.
2025-06-21 19:47:15 [kafka-producer-network-thread | order-creation-service-producer-1] WARN  o.apache.kafka.clients.NetworkClient - [Producer clientId=order-creation-service-producer-1] Connection to node 1 (localhost/127.0.0.1:9092) could not be established. Node may not be available.
2025-06-21 19:47:16 [kafka-producer-network-thread | order-creation-service-producer-1] INFO  o.apache.kafka.clients.NetworkClient - [Producer clientId=order-creation-service-producer-1] Node 1 disconnected.
2025-06-21 19:47:16 [kafka-producer-network-thread | order-creation-service-producer-1] WARN  o.apache.kafka.clients.NetworkClient - [Producer clientId=order-creation-service-producer-1] Connection to node 1 (localhost/127.0.0.1:9092) could not be established. Node may not be available.
2025-06-21 19:47:17 [kafka-producer-network-thread | order-creation-service-producer-1] INFO  o.apache.kafka.clients.NetworkClient - [Producer clientId=order-creation-service-producer-1] Node 1 disconnected.
2025-06-21 19:47:17 [kafka-producer-network-thread | order-creation-service-producer-1] WARN  o.apache.kafka.clients.NetworkClient - [Producer clientId=order-creation-service-producer-1] Connection to node 1 (localhost/127.0.0.1:9092) could not be established. Node may not be available.
2025-06-21 19:47:18 [kafka-producer-network-thread | order-creation-service-producer-1] INFO  o.apache.kafka.clients.NetworkClient - [Producer clientId=order-creation-service-producer-1] Node 1 disconnected.
2025-06-21 19:47:18 [kafka-producer-network-thread | order-creation-service-producer-1] WARN  o.apache.kafka.clients.NetworkClient - [Producer clientId=order-creation-service-producer-1] Connection to node 1 (localhost/127.0.0.1:9092) could not be established. Node may not be available.
2025-06-21 19:47:19 [kafka-producer-network-thread | order-creation-service-producer-1] INFO  o.apache.kafka.clients.NetworkClient - [Producer clientId=order-creation-service-producer-1] Node 1 disconnected.
2025-06-21 19:47:19 [kafka-producer-network-thread | order-creation-service-producer-1] WARN  o.apache.kafka.clients.NetworkClient - [Producer clientId=order-creation-service-producer-1] Connection to node 1 (localhost/127.0.0.1:9092) could not be established. Node may not be available.
2025-06-21 19:47:20 [kafka-producer-network-thread | order-creation-service-producer-1] INFO  o.apache.kafka.clients.NetworkClient - [Producer clientId=order-creation-service-producer-1] Node 1 disconnected.
2025-06-21 19:47:20 [kafka-producer-network-thread | order-creation-service-producer-1] WARN  o.apache.kafka.clients.NetworkClient - [Producer clientId=order-creation-service-producer-1] Connection to node 1 (localhost/127.0.0.1:9092) could not be established. Node may not be available.
2025-06-21 19:47:21 [kafka-producer-network-thread | order-creation-service-producer-1] INFO  o.apache.kafka.clients.NetworkClient - [Producer clientId=order-creation-service-producer-1] Node 1 disconnected.
2025-06-21 19:47:21 [kafka-producer-network-thread | order-creation-service-producer-1] WARN  o.apache.kafka.clients.NetworkClient - [Producer clientId=order-creation-service-producer-1] Connection to node 1 (localhost/127.0.0.1:9092) could not be established. Node may not be available.
2025-06-21 19:47:22 [kafka-producer-network-thread | order-creation-service-producer-1] INFO  o.apache.kafka.clients.NetworkClient - [Producer clientId=order-creation-service-producer-1] Node 1 disconnected.
2025-06-21 19:47:22 [kafka-producer-network-thread | order-creation-service-producer-1] WARN  o.apache.kafka.clients.NetworkClient - [Producer clientId=order-creation-service-producer-1] Connection to node 1 (localhost/127.0.0.1:9092) could not be established. Node may not be available.
2025-06-21 19:47:23 [kafka-producer-network-thread | order-creation-service-producer-1] INFO  o.apache.kafka.clients.NetworkClient - [Producer clientId=order-creation-service-producer-1] Node 1 disconnected.
2025-06-21 19:47:23 [kafka-producer-network-thread | order-creation-service-producer-1] WARN  o.apache.kafka.clients.NetworkClient - [Producer clientId=order-creation-service-producer-1] Connection to node 1 (localhost/127.0.0.1:9092) could not be established. Node may not be available.
2025-06-21 19:47:24 [kafka-producer-network-thread | order-creation-service-producer-1] INFO  o.apache.kafka.clients.NetworkClient - [Producer clientId=order-creation-service-producer-1] Node 1 disconnected.
2025-06-21 19:47:24 [kafka-producer-network-thread | order-creation-service-producer-1] WARN  o.apache.kafka.clients.NetworkClient - [Producer clientId=order-creation-service-producer-1] Connection to node 1 (localhost/127.0.0.1:9092) could not be established. Node may not be available.
2025-06-21 19:47:25 [kafka-producer-network-thread | order-creation-service-producer-1] INFO  o.apache.kafka.clients.NetworkClient - [Producer clientId=order-creation-service-producer-1] Node 1 disconnected.
2025-06-21 19:47:25 [kafka-producer-network-thread | order-creation-service-producer-1] WARN  o.apache.kafka.clients.NetworkClient - [Producer clientId=order-creation-service-producer-1] Connection to node 1 (localhost/127.0.0.1:9092) could not be established. Node may not be available.
2025-06-21 19:47:26 [kafka-producer-network-thread | order-creation-service-producer-1] INFO  o.apache.kafka.clients.NetworkClient - [Producer clientId=order-creation-service-producer-1] Node 1 disconnected.
2025-06-21 19:47:26 [kafka-producer-network-thread | order-creation-service-producer-1] WARN  o.apache.kafka.clients.NetworkClient - [Producer clientId=order-creation-service-producer-1] Connection to node 1 (localhost/127.0.0.1:9092) could not be established. Node may not be available.
2025-06-21 19:47:27 [kafka-producer-network-thread | order-creation-service-producer-1] INFO  o.apache.kafka.clients.NetworkClient - [Producer clientId=order-creation-service-producer-1] Node 1 disconnected.
2025-06-21 19:47:27 [kafka-producer-network-thread | order-creation-service-producer-1] WARN  o.apache.kafka.clients.NetworkClient - [Producer clientId=order-creation-service-producer-1] Connection to node 1 (localhost/127.0.0.1:9092) could not be established. Node may not be available.
2025-06-21 19:47:28 [kafka-producer-network-thread | order-creation-service-producer-1] INFO  o.apache.kafka.clients.NetworkClient - [Producer clientId=order-creation-service-producer-1] Node 1 disconnected.
2025-06-21 19:47:28 [kafka-producer-network-thread | order-creation-service-producer-1] WARN  o.apache.kafka.clients.NetworkClient - [Producer clientId=order-creation-service-producer-1] Connection to node 1 (localhost/127.0.0.1:9092) could not be established. Node may not be available.
2025-06-21 19:47:29 [kafka-producer-network-thread | order-creation-service-producer-1] INFO  o.apache.kafka.clients.NetworkClient - [Producer clientId=order-creation-service-producer-1] Node 1 disconnected.
2025-06-21 19:47:29 [kafka-producer-network-thread | order-creation-service-producer-1] WARN  o.apache.kafka.clients.NetworkClient - [Producer clientId=order-creation-service-producer-1] Connection to node 1 (localhost/127.0.0.1:9092) could not be established. Node may not be available.
2025-06-21 19:47:30 [kafka-producer-network-thread | order-creation-service-producer-1] INFO  o.apache.kafka.clients.NetworkClient - [Producer clientId=order-creation-service-producer-1] Node 1 disconnected.
2025-06-21 19:47:30 [kafka-producer-network-thread | order-creation-service-producer-1] WARN  o.apache.kafka.clients.NetworkClient - [Producer clientId=order-creation-service-producer-1] Connection to node 1 (localhost/127.0.0.1:9092) could not be established. Node may not be available.
2025-06-21 19:47:31 [kafka-producer-network-thread | order-creation-service-producer-1] INFO  o.apache.kafka.clients.NetworkClient - [Producer clientId=order-creation-service-producer-1] Node 1 disconnected.
2025-06-21 19:47:31 [kafka-producer-network-thread | order-creation-service-producer-1] WARN  o.apache.kafka.clients.NetworkClient - [Producer clientId=order-creation-service-producer-1] Connection to node 1 (localhost/127.0.0.1:9092) could not be established. Node may not be available.
2025-06-21 19:47:32 [kafka-producer-network-thread | order-creation-service-producer-1] INFO  o.apache.kafka.clients.NetworkClient - [Producer clientId=order-creation-service-producer-1] Node 1 disconnected.
2025-06-21 19:47:32 [kafka-producer-network-thread | order-creation-service-producer-1] WARN  o.apache.kafka.clients.NetworkClient - [Producer clientId=order-creation-service-producer-1] Connection to node 1 (localhost/127.0.0.1:9092) could not be established. Node may not be available.
2025-06-21 19:47:33 [kafka-producer-network-thread | order-creation-service-producer-1] INFO  o.apache.kafka.clients.NetworkClient - [Producer clientId=order-creation-service-producer-1] Node 1 disconnected.
2025-06-21 19:47:33 [kafka-producer-network-thread | order-creation-service-producer-1] WARN  o.apache.kafka.clients.NetworkClient - [Producer clientId=order-creation-service-producer-1] Connection to node 1 (localhost/127.0.0.1:9092) could not be established. Node may not be available.
2025-06-21 19:47:34 [kafka-producer-network-thread | order-creation-service-producer-1] INFO  o.apache.kafka.clients.NetworkClient - [Producer clientId=order-creation-service-producer-1] Node 1 disconnected.
2025-06-21 19:47:34 [kafka-producer-network-thread | order-creation-service-producer-1] WARN  o.apache.kafka.clients.NetworkClient - [Producer clientId=order-creation-service-producer-1] Connection to node 1 (localhost/127.0.0.1:9092) could not be established. Node may not be available.
2025-06-21 19:47:35 [kafka-producer-network-thread | order-creation-service-producer-1] INFO  o.apache.kafka.clients.NetworkClient - [Producer clientId=order-creation-service-producer-1] Node 1 disconnected.
2025-06-21 19:47:35 [kafka-producer-network-thread | order-creation-service-producer-1] WARN  o.apache.kafka.clients.NetworkClient - [Producer clientId=order-creation-service-producer-1] Connection to node 1 (localhost/127.0.0.1:9092) could not be established. Node may not be available.
2025-06-21 19:47:36 [kafka-producer-network-thread | order-creation-service-producer-1] INFO  o.apache.kafka.clients.NetworkClient - [Producer clientId=order-creation-service-producer-1] Node 1 disconnected.
2025-06-21 19:47:36 [kafka-producer-network-thread | order-creation-service-producer-1] WARN  o.apache.kafka.clients.NetworkClient - [Producer clientId=order-creation-service-producer-1] Connection to node 1 (localhost/127.0.0.1:9092) could not be established. Node may not be available.
2025-06-21 19:47:37 [kafka-producer-network-thread | order-creation-service-producer-1] INFO  o.apache.kafka.clients.NetworkClient - [Producer clientId=order-creation-service-producer-1] Node 1 disconnected.
2025-06-21 19:47:37 [kafka-producer-network-thread | order-creation-service-producer-1] WARN  o.apache.kafka.clients.NetworkClient - [Producer clientId=order-creation-service-producer-1] Connection to node 1 (localhost/127.0.0.1:9092) could not be established. Node may not be available.
2025-06-21 19:47:38 [kafka-producer-network-thread | order-creation-service-producer-1] INFO  o.apache.kafka.clients.NetworkClient - [Producer clientId=order-creation-service-producer-1] Node 1 disconnected.
2025-06-21 19:47:38 [kafka-producer-network-thread | order-creation-service-producer-1] WARN  o.apache.kafka.clients.NetworkClient - [Producer clientId=order-creation-service-producer-1] Connection to node 1 (localhost/127.0.0.1:9092) could not be established. Node may not be available.
2025-06-21 19:47:39 [kafka-producer-network-thread | order-creation-service-producer-1] INFO  o.apache.kafka.clients.NetworkClient - [Producer clientId=order-creation-service-producer-1] Node 1 disconnected.
2025-06-21 19:47:39 [kafka-producer-network-thread | order-creation-service-producer-1] WARN  o.apache.kafka.clients.NetworkClient - [Producer clientId=order-creation-service-producer-1] Connection to node 1 (localhost/127.0.0.1:9092) could not be established. Node may not be available.
2025-06-21 19:47:39 [SpringApplicationShutdownHook] INFO  o.s.b.w.e.tomcat.GracefulShutdown - Commencing graceful shutdown. Waiting for active requests to complete
2025-06-21 19:47:40 [kafka-producer-network-thread | order-creation-service-producer-1] INFO  o.apache.kafka.clients.NetworkClient - [Producer clientId=order-creation-service-producer-1] Node 1 disconnected.
2025-06-21 19:47:40 [kafka-producer-network-thread | order-creation-service-producer-1] WARN  o.apache.kafka.clients.NetworkClient - [Producer clientId=order-creation-service-producer-1] Connection to node 1 (localhost/127.0.0.1:9092) could not be established. Node may not be available.
2025-06-21 19:47:41 [kafka-producer-network-thread | order-creation-service-producer-1] INFO  o.apache.kafka.clients.NetworkClient - [Producer clientId=order-creation-service-producer-1] Node 1 disconnected.
2025-06-21 19:47:41 [kafka-producer-network-thread | order-creation-service-producer-1] WARN  o.apache.kafka.clients.NetworkClient - [Producer clientId=order-creation-service-producer-1] Connection to node 1 (localhost/127.0.0.1:9092) could not be established. Node may not be available.
2025-06-21 19:47:41 [tomcat-shutdown] INFO  o.s.b.w.e.tomcat.GracefulShutdown - Graceful shutdown complete
2025-06-21 19:47:41 [SpringApplicationShutdownHook] INFO  o.a.k.clients.producer.KafkaProducer - [Producer clientId=order-creation-service-producer-1] Closing the Kafka producer with timeoutMillis = 30000 ms.
2025-06-21 19:47:41 [SpringApplicationShutdownHook] INFO  o.a.kafka.common.metrics.Metrics - Metrics scheduler closed
2025-06-21 19:47:41 [SpringApplicationShutdownHook] INFO  o.a.kafka.common.metrics.Metrics - Closing reporter org.apache.kafka.common.metrics.JmxReporter
2025-06-21 19:47:41 [SpringApplicationShutdownHook] INFO  o.a.kafka.common.metrics.Metrics - Closing reporter org.apache.kafka.common.telemetry.internals.ClientTelemetryReporter
2025-06-21 19:47:41 [SpringApplicationShutdownHook] INFO  o.a.kafka.common.metrics.Metrics - Metrics reporters closed
2025-06-21 19:47:41 [SpringApplicationShutdownHook] INFO  o.a.kafka.common.utils.AppInfoParser - App info kafka.producer for order-creation-service-producer-1 unregistered
