WARNING: A restricted method in java.lang.System has been called
WARNING: java.lang.System::load has been called by org.fusesource.jansi.internal.JansiLoader in an unnamed module (file:/opt/homebrew/Cellar/maven/3.9.9/libexec/lib/jansi-2.4.1.jar)
WARNING: Use --enable-native-access=ALL-UNNAMED to avoid a warning for callers in this module
WARNING: Restricted methods will be blocked in a future release unless native access is enabled

WARNING: A terminally deprecated method in sun.misc.Unsafe has been called
WARNING: sun.misc.Unsafe::objectFieldOffset has been called by com.google.common.util.concurrent.AbstractFuture$UnsafeAtomicHelper (file:/opt/homebrew/Cellar/maven/3.9.9/libexec/lib/guava-33.2.1-jre.jar)
WARNING: Please consider reporting this to the maintainers of class com.google.common.util.concurrent.AbstractFuture$UnsafeAtomicHelper
WARNING: sun.misc.Unsafe::objectFieldOffset will be removed in a future release
[INFO] Scanning for projects...
[INFO] 
[INFO] --------< com.mobox:streamer-order-processing-streams-service >---------
[INFO] Building streamer-order-processing-streams-service 0.0.1-SNAPSHOT
[INFO]   from pom.xml
[INFO] --------------------------------[ jar ]---------------------------------
[INFO] 
[INFO] >>> spring-boot:3.5.3:run (default-cli) > test-compile @ streamer-order-processing-streams-service >>>
[INFO] 
[INFO] --- resources:3.3.1:resources (default-resources) @ streamer-order-processing-streams-service ---
[INFO] Copying 1 resource from src/main/resources to target/classes
[INFO] Copying 0 resource from src/main/resources to target/classes
[INFO] 
[INFO] --- compiler:3.14.0:compile (default-compile) @ streamer-order-processing-streams-service ---
[INFO] Nothing to compile - all classes are up to date.
[INFO] 
[INFO] --- resources:3.3.1:testResources (default-testResources) @ streamer-order-processing-streams-service ---
[INFO] skip non existing resourceDirectory /Users/sagar/Projects/UltraProduction/Streamer/streamer-order-processing-streams-service/src/test/resources
[INFO] 
[INFO] --- compiler:3.14.0:testCompile (default-testCompile) @ streamer-order-processing-streams-service ---
[INFO] Nothing to compile - all classes are up to date.
[INFO] 
[INFO] <<< spring-boot:3.5.3:run (default-cli) < test-compile @ streamer-order-processing-streams-service <<<
[INFO] 
[INFO] 
[INFO] --- spring-boot:3.5.3:run (default-cli) @ streamer-order-processing-streams-service ---
[INFO] Attaching agents: []

  .   ____          _            __ _ _
 /\\ / ___'_ __ _ _(_)_ __  __ _ \ \ \ \
( ( )\___ | '_ | '_| | '_ \/ _` | \ \ \ \
 \\/  ___)| |_)| | | | | || (_| |  ) ) ) )
  '  |____| .__|_| |_|_| |_\__, | / / / /
 =========|_|==============|___/=/_/_/_/

 :: Spring Boot ::                (v3.5.3)

2025-06-21 19:54:21 [main] INFO  c.m.s.StreamerOrderProcessingStreamsServiceApplication - Starting StreamerOrderProcessingStreamsServiceApplication using Java 24 with PID 43424 (/Users/sagar/Projects/UltraProduction/Streamer/streamer-order-processing-streams-service/target/classes started by sagar in /Users/sagar/Projects/UltraProduction/Streamer/streamer-order-processing-streams-service)
2025-06-21 19:54:21 [main] DEBUG c.m.s.StreamerOrderProcessingStreamsServiceApplication - Running with Spring Boot v3.5.3, Spring v6.2.8
2025-06-21 19:54:21 [main] INFO  c.m.s.StreamerOrderProcessingStreamsServiceApplication - No active profile set, falling back to 1 default profile: "default"
2025-06-21 19:54:21 [main] INFO  o.s.b.w.e.tomcat.TomcatWebServer - Tomcat initialized with port 8081 (http)
2025-06-21 19:54:21 [main] INFO  o.a.catalina.core.StandardService - Starting service [Tomcat]
2025-06-21 19:54:21 [main] INFO  o.a.catalina.core.StandardEngine - Starting Servlet engine: [Apache Tomcat/10.1.42]
2025-06-21 19:54:21 [main] INFO  o.a.c.c.C.[Tomcat].[localhost].[/] - Initializing Spring embedded WebApplicationContext
2025-06-21 19:54:21 [main] INFO  o.s.b.w.s.c.ServletWebServerApplicationContext - Root WebApplicationContext: initialization completed in 242 ms
2025-06-21 19:54:21 [main] INFO  o.apache.kafka.streams.StreamsConfig - StreamsConfig values: 
	acceptable.recovery.lag = 10000
	application.id = order-processing-app-id
	application.server = 
	auto.include.jmx.reporter = true
	bootstrap.servers = [localhost:9092]
	buffered.records.per.partition = 1000
	built.in.metrics.version = latest
	cache.max.bytes.buffering = 10485760
	client.id = 
	commit.interval.ms = 100
	connections.max.idle.ms = 540000
	default.client.supplier = class org.apache.kafka.streams.processor.internals.DefaultKafkaClientSupplier
	default.deserialization.exception.handler = class org.apache.kafka.streams.errors.LogAndFailExceptionHandler
	default.dsl.store = rocksDB
	default.key.serde = class org.apache.kafka.common.serialization.StringSerializer
	default.list.key.serde.inner = null
	default.list.key.serde.type = null
	default.list.value.serde.inner = null
	default.list.value.serde.type = null
	default.production.exception.handler = class org.apache.kafka.streams.errors.DefaultProductionExceptionHandler
	default.timestamp.extractor = class org.apache.kafka.streams.processor.FailOnInvalidTimestamp
	default.value.serde = null
	dsl.store.suppliers.class = class org.apache.kafka.streams.state.BuiltInDslStoreSuppliers$RocksDBDslStoreSuppliers
	enable.metrics.push = true
	log.summary.interval.ms = 120000
	max.task.idle.ms = 0
	max.warmup.replicas = 2
	metadata.max.age.ms = 300000
	metric.reporters = []
	metrics.num.samples = 2
	metrics.recording.level = INFO
	metrics.sample.window.ms = 30000
	num.standby.replicas = 0
	num.stream.threads = 1
	poll.ms = 100
	probing.rebalance.interval.ms = 600000
	processing.exception.handler = class org.apache.kafka.streams.errors.LogAndFailProcessingExceptionHandler
	processing.guarantee = exactly_once_v2
	rack.aware.assignment.non_overlap_cost = null
	rack.aware.assignment.strategy = none
	rack.aware.assignment.tags = []
	rack.aware.assignment.traffic_cost = null
	receive.buffer.bytes = 32768
	reconnect.backoff.max.ms = 1000
	reconnect.backoff.ms = 50
	repartition.purge.interval.ms = 30000
	replication.factor = -1
	request.timeout.ms = 40000
	retries = 0
	retry.backoff.ms = 100
	rocksdb.config.setter = null
	security.protocol = PLAINTEXT
	send.buffer.bytes = 131072
	state.cleanup.delay.ms = 600000
	state.dir = /var/folders/1y/fyj80l0934v2_b5bkmt_d7100000gn/T//kafka-streams
	statestore.cache.max.bytes = 10485760
	task.assignor.class = null
	task.timeout.ms = 300000
	topology.optimization = none
	upgrade.from = null
	window.size.ms = null
	windowed.inner.class.serde = null
	windowstore.changelog.additional.retention.ms = 86400000

2025-06-21 19:54:21 [main] DEBUG o.s.k.c.StreamsBuilderFactoryBean - Topologies:
   Sub-topology: 0
    Source: KSTREAM-SOURCE-0000000000 (topics: [orders-raw])
      --> KSTREAM-FILTER-0000000001
    Processor: KSTREAM-FILTER-0000000001 (stores: [])
      --> KSTREAM-PEEK-0000000002
      <-- KSTREAM-SOURCE-0000000000
    Processor: KSTREAM-PEEK-0000000002 (stores: [])
      --> KSTREAM-MAPVALUES-0000000003
      <-- KSTREAM-FILTER-0000000001
    Processor: KSTREAM-MAPVALUES-0000000003 (stores: [])
      --> KSTREAM-PEEK-0000000004
      <-- KSTREAM-PEEK-0000000002
    Processor: KSTREAM-PEEK-0000000004 (stores: [])
      --> KSTREAM-SINK-0000000005
      <-- KSTREAM-MAPVALUES-0000000003
    Sink: KSTREAM-SINK-0000000005 (topic: orders-processed)
      <-- KSTREAM-PEEK-0000000004


2025-06-21 19:54:21 [main] INFO  o.s.b.w.e.tomcat.TomcatWebServer - Tomcat started on port 8081 (http) with context path '/'
2025-06-21 19:54:21 [main] INFO  o.apache.kafka.streams.StreamsConfig - StreamsConfig values: 
	acceptable.recovery.lag = 10000
	application.id = order-processing-app-id
	application.server = 
	auto.include.jmx.reporter = true
	bootstrap.servers = [localhost:9092]
	buffered.records.per.partition = 1000
	built.in.metrics.version = latest
	cache.max.bytes.buffering = 10485760
	client.id = 
	commit.interval.ms = 100
	connections.max.idle.ms = 540000
	default.client.supplier = class org.apache.kafka.streams.processor.internals.DefaultKafkaClientSupplier
	default.deserialization.exception.handler = class org.apache.kafka.streams.errors.LogAndFailExceptionHandler
	default.dsl.store = rocksDB
	default.key.serde = class org.apache.kafka.common.serialization.StringSerializer
	default.list.key.serde.inner = null
	default.list.key.serde.type = null
	default.list.value.serde.inner = null
	default.list.value.serde.type = null
	default.production.exception.handler = class org.apache.kafka.streams.errors.DefaultProductionExceptionHandler
	default.timestamp.extractor = class org.apache.kafka.streams.processor.FailOnInvalidTimestamp
	default.value.serde = null
	dsl.store.suppliers.class = class org.apache.kafka.streams.state.BuiltInDslStoreSuppliers$RocksDBDslStoreSuppliers
	enable.metrics.push = true
	log.summary.interval.ms = 120000
	max.task.idle.ms = 0
	max.warmup.replicas = 2
	metadata.max.age.ms = 300000
	metric.reporters = []
	metrics.num.samples = 2
	metrics.recording.level = INFO
	metrics.sample.window.ms = 30000
	num.standby.replicas = 0
	num.stream.threads = 1
	poll.ms = 100
	probing.rebalance.interval.ms = 600000
	processing.exception.handler = class org.apache.kafka.streams.errors.LogAndFailProcessingExceptionHandler
	processing.guarantee = exactly_once_v2
	rack.aware.assignment.non_overlap_cost = null
	rack.aware.assignment.strategy = none
	rack.aware.assignment.tags = []
	rack.aware.assignment.traffic_cost = null
	receive.buffer.bytes = 32768
	reconnect.backoff.max.ms = 1000
	reconnect.backoff.ms = 50
	repartition.purge.interval.ms = 30000
	replication.factor = -1
	request.timeout.ms = 40000
	retries = 0
	retry.backoff.ms = 100
	rocksdb.config.setter = null
	security.protocol = PLAINTEXT
	send.buffer.bytes = 131072
	state.cleanup.delay.ms = 600000
	state.dir = /var/folders/1y/fyj80l0934v2_b5bkmt_d7100000gn/T//kafka-streams
	statestore.cache.max.bytes = 10485760
	task.assignor.class = null
	task.timeout.ms = 300000
	topology.optimization = none
	upgrade.from = null
	window.size.ms = null
	windowed.inner.class.serde = null
	windowstore.changelog.additional.retention.ms = 86400000

2025-06-21 19:54:21 [main] INFO  o.a.k.s.p.internals.StateDirectory - Created new process id: 48cdc9c8-902a-4bc8-ad62-3c6c6dfdc4cc
2025-06-21 19:54:21 [main] INFO  o.a.k.c.admin.AdminClientConfig - AdminClientConfig values: 
	auto.include.jmx.reporter = true
	bootstrap.controllers = []
	bootstrap.servers = [localhost:9092]
	client.dns.lookup = use_all_dns_ips
	client.id = order-processing-app-id-48cdc9c8-902a-4bc8-ad62-3c6c6dfdc4cc-admin
	connections.max.idle.ms = 300000
	default.api.timeout.ms = 60000
	enable.metrics.push = true
	metadata.max.age.ms = 300000
	metadata.recovery.strategy = none
	metric.reporters = []
	metrics.num.samples = 2
	metrics.recording.level = INFO
	metrics.sample.window.ms = 30000
	receive.buffer.bytes = 65536
	reconnect.backoff.max.ms = 1000
	reconnect.backoff.ms = 50
	request.timeout.ms = 30000
	retries = 2147483647
	retry.backoff.max.ms = 1000
	retry.backoff.ms = 100
	sasl.client.callback.handler.class = null
	sasl.jaas.config = null
	sasl.kerberos.kinit.cmd = /usr/bin/kinit
	sasl.kerberos.min.time.before.relogin = 60000
	sasl.kerberos.service.name = null
	sasl.kerberos.ticket.renew.jitter = 0.05
	sasl.kerberos.ticket.renew.window.factor = 0.8
	sasl.login.callback.handler.class = null
	sasl.login.class = null
	sasl.login.connect.timeout.ms = null
	sasl.login.read.timeout.ms = null
	sasl.login.refresh.buffer.seconds = 300
	sasl.login.refresh.min.period.seconds = 60
	sasl.login.refresh.window.factor = 0.8
	sasl.login.refresh.window.jitter = 0.05
	sasl.login.retry.backoff.max.ms = 10000
	sasl.login.retry.backoff.ms = 100
	sasl.mechanism = GSSAPI
	sasl.oauthbearer.clock.skew.seconds = 30
	sasl.oauthbearer.expected.audience = null
	sasl.oauthbearer.expected.issuer = null
	sasl.oauthbearer.header.urlencode = false
	sasl.oauthbearer.jwks.endpoint.refresh.ms = 3600000
	sasl.oauthbearer.jwks.endpoint.retry.backoff.max.ms = 10000
	sasl.oauthbearer.jwks.endpoint.retry.backoff.ms = 100
	sasl.oauthbearer.jwks.endpoint.url = null
	sasl.oauthbearer.scope.claim.name = scope
	sasl.oauthbearer.sub.claim.name = sub
	sasl.oauthbearer.token.endpoint.url = null
	security.protocol = PLAINTEXT
	security.providers = null
	send.buffer.bytes = 131072
	socket.connection.setup.timeout.max.ms = 30000
	socket.connection.setup.timeout.ms = 10000
	ssl.cipher.suites = null
	ssl.enabled.protocols = [TLSv1.2, TLSv1.3]
	ssl.endpoint.identification.algorithm = https
	ssl.engine.factory.class = null
	ssl.key.password = null
	ssl.keymanager.algorithm = SunX509
	ssl.keystore.certificate.chain = null
	ssl.keystore.key = null
	ssl.keystore.location = null
	ssl.keystore.password = null
	ssl.keystore.type = JKS
	ssl.protocol = TLSv1.3
	ssl.provider = null
	ssl.secure.random.implementation = null
	ssl.trustmanager.algorithm = PKIX
	ssl.truststore.certificates = null
	ssl.truststore.location = null
	ssl.truststore.password = null
	ssl.truststore.type = JKS

2025-06-21 19:54:21 [main] INFO  o.a.k.c.admin.AdminClientConfig - These configurations '[spring.json.value.default.type]' were supplied but are not used yet.
2025-06-21 19:54:21 [main] INFO  o.a.kafka.common.utils.AppInfoParser - Kafka version: 3.9.1
2025-06-21 19:54:21 [main] INFO  o.a.kafka.common.utils.AppInfoParser - Kafka commitId: f745dfdcee2b9851
2025-06-21 19:54:21 [main] INFO  o.a.kafka.common.utils.AppInfoParser - Kafka startTimeMs: 1750515861918
2025-06-21 19:54:21 [main] INFO  o.apache.kafka.streams.KafkaStreams - stream-client [order-processing-app-id-48cdc9c8-902a-4bc8-ad62-3c6c6dfdc4cc] Kafka Streams version: 3.9.1
2025-06-21 19:54:21 [main] INFO  o.apache.kafka.streams.KafkaStreams - stream-client [order-processing-app-id-48cdc9c8-902a-4bc8-ad62-3c6c6dfdc4cc] Kafka Streams commit ID: f745dfdcee2b9851
2025-06-21 19:54:21 [main] INFO  o.a.k.s.p.internals.StreamThread - stream-thread [order-processing-app-id-48cdc9c8-902a-4bc8-ad62-3c6c6dfdc4cc-StreamThread-1] Creating restore consumer client
2025-06-21 19:54:21 [main] INFO  o.a.k.c.consumer.ConsumerConfig - ConsumerConfig values: 
	allow.auto.create.topics = true
	auto.commit.interval.ms = 5000
	auto.include.jmx.reporter = true
	auto.offset.reset = none
	bootstrap.servers = [localhost:9092]
	check.crcs = true
	client.dns.lookup = use_all_dns_ips
	client.id = order-processing-app-id-48cdc9c8-902a-4bc8-ad62-3c6c6dfdc4cc-StreamThread-1-restore-consumer
	client.rack = 
	connections.max.idle.ms = 540000
	default.api.timeout.ms = 60000
	enable.auto.commit = false
	enable.metrics.push = true
	exclude.internal.topics = true
	fetch.max.bytes = 52428800
	fetch.max.wait.ms = 500
	fetch.min.bytes = 1
	group.id = null
	group.instance.id = null
	group.protocol = classic
	group.remote.assignor = null
	heartbeat.interval.ms = 3000
	interceptor.classes = []
	internal.leave.group.on.close = false
	internal.throw.on.fetch.stable.offset.unsupported = true
	isolation.level = read_committed
	key.deserializer = class org.apache.kafka.common.serialization.ByteArrayDeserializer
	max.partition.fetch.bytes = 1048576
	max.poll.interval.ms = 300000
	max.poll.records = 1000
	metadata.max.age.ms = 300000
	metadata.recovery.strategy = none
	metric.reporters = []
	metrics.num.samples = 2
	metrics.recording.level = INFO
	metrics.sample.window.ms = 30000
	partition.assignment.strategy = [class org.apache.kafka.clients.consumer.RangeAssignor, class org.apache.kafka.clients.consumer.CooperativeStickyAssignor]
	receive.buffer.bytes = 65536
	reconnect.backoff.max.ms = 1000
	reconnect.backoff.ms = 50
	request.timeout.ms = 30000
	retry.backoff.max.ms = 1000
	retry.backoff.ms = 100
	sasl.client.callback.handler.class = null
	sasl.jaas.config = null
	sasl.kerberos.kinit.cmd = /usr/bin/kinit
	sasl.kerberos.min.time.before.relogin = 60000
	sasl.kerberos.service.name = null
	sasl.kerberos.ticket.renew.jitter = 0.05
	sasl.kerberos.ticket.renew.window.factor = 0.8
	sasl.login.callback.handler.class = null
	sasl.login.class = null
	sasl.login.connect.timeout.ms = null
	sasl.login.read.timeout.ms = null
	sasl.login.refresh.buffer.seconds = 300
	sasl.login.refresh.min.period.seconds = 60
	sasl.login.refresh.window.factor = 0.8
	sasl.login.refresh.window.jitter = 0.05
	sasl.login.retry.backoff.max.ms = 10000
	sasl.login.retry.backoff.ms = 100
	sasl.mechanism = GSSAPI
	sasl.oauthbearer.clock.skew.seconds = 30
	sasl.oauthbearer.expected.audience = null
	sasl.oauthbearer.expected.issuer = null
	sasl.oauthbearer.header.urlencode = false
	sasl.oauthbearer.jwks.endpoint.refresh.ms = 3600000
	sasl.oauthbearer.jwks.endpoint.retry.backoff.max.ms = 10000
	sasl.oauthbearer.jwks.endpoint.retry.backoff.ms = 100
	sasl.oauthbearer.jwks.endpoint.url = null
	sasl.oauthbearer.scope.claim.name = scope
	sasl.oauthbearer.sub.claim.name = sub
	sasl.oauthbearer.token.endpoint.url = null
	security.protocol = PLAINTEXT
	security.providers = null
	send.buffer.bytes = 131072
	session.timeout.ms = 45000
	socket.connection.setup.timeout.max.ms = 30000
	socket.connection.setup.timeout.ms = 10000
	ssl.cipher.suites = null
	ssl.enabled.protocols = [TLSv1.2, TLSv1.3]
	ssl.endpoint.identification.algorithm = https
	ssl.engine.factory.class = null
	ssl.key.password = null
	ssl.keymanager.algorithm = SunX509
	ssl.keystore.certificate.chain = null
	ssl.keystore.key = null
	ssl.keystore.location = null
	ssl.keystore.password = null
	ssl.keystore.type = JKS
	ssl.protocol = TLSv1.3
	ssl.provider = null
	ssl.secure.random.implementation = null
	ssl.trustmanager.algorithm = PKIX
	ssl.truststore.certificates = null
	ssl.truststore.location = null
	ssl.truststore.password = null
	ssl.truststore.type = JKS
	value.deserializer = class org.apache.kafka.common.serialization.ByteArrayDeserializer

2025-06-21 19:54:21 [main] INFO  o.a.k.c.t.i.KafkaMetricsCollector - initializing Kafka metrics collector
2025-06-21 19:54:21 [main] INFO  o.a.k.c.consumer.ConsumerConfig - These configurations '[spring.json.value.default.type]' were supplied but are not used yet.
2025-06-21 19:54:21 [main] INFO  o.a.kafka.common.utils.AppInfoParser - Kafka version: 3.9.1
2025-06-21 19:54:21 [main] INFO  o.a.kafka.common.utils.AppInfoParser - Kafka commitId: f745dfdcee2b9851
2025-06-21 19:54:21 [main] INFO  o.a.kafka.common.utils.AppInfoParser - Kafka startTimeMs: 1750515861939
2025-06-21 19:54:21 [main] INFO  o.a.k.s.p.internals.StreamThread - stream-thread [order-processing-app-id-48cdc9c8-902a-4bc8-ad62-3c6c6dfdc4cc-StreamThread-1] Creating thread producer client
2025-06-21 19:54:21 [main] INFO  o.a.k.c.producer.ProducerConfig - ProducerConfig values: 
	acks = -1
	auto.include.jmx.reporter = true
	batch.size = 16384
	bootstrap.servers = [localhost:9092]
	buffer.memory = 33554432
	client.dns.lookup = use_all_dns_ips
	client.id = order-processing-app-id-48cdc9c8-902a-4bc8-ad62-3c6c6dfdc4cc-StreamThread-1-producer
	compression.gzip.level = -1
	compression.lz4.level = 9
	compression.type = none
	compression.zstd.level = 3
	connections.max.idle.ms = 540000
	delivery.timeout.ms = 2147483647
	enable.idempotence = true
	enable.metrics.push = true
	interceptor.classes = []
	key.serializer = class org.apache.kafka.common.serialization.ByteArraySerializer
	linger.ms = 100
	max.block.ms = 60000
	max.in.flight.requests.per.connection = 5
	max.request.size = 1048576
	metadata.max.age.ms = 300000
	metadata.max.idle.ms = 300000
	metadata.recovery.strategy = none
	metric.reporters = []
	metrics.num.samples = 2
	metrics.recording.level = INFO
	metrics.sample.window.ms = 30000
	partitioner.adaptive.partitioning.enable = true
	partitioner.availability.timeout.ms = 0
	partitioner.class = null
	partitioner.ignore.keys = false
	receive.buffer.bytes = 32768
	reconnect.backoff.max.ms = 1000
	reconnect.backoff.ms = 50
	request.timeout.ms = 30000
	retries = 2147483647
	retry.backoff.max.ms = 1000
	retry.backoff.ms = 100
	sasl.client.callback.handler.class = null
	sasl.jaas.config = null
	sasl.kerberos.kinit.cmd = /usr/bin/kinit
	sasl.kerberos.min.time.before.relogin = 60000
	sasl.kerberos.service.name = null
	sasl.kerberos.ticket.renew.jitter = 0.05
	sasl.kerberos.ticket.renew.window.factor = 0.8
	sasl.login.callback.handler.class = null
	sasl.login.class = null
	sasl.login.connect.timeout.ms = null
	sasl.login.read.timeout.ms = null
	sasl.login.refresh.buffer.seconds = 300
	sasl.login.refresh.min.period.seconds = 60
	sasl.login.refresh.window.factor = 0.8
	sasl.login.refresh.window.jitter = 0.05
	sasl.login.retry.backoff.max.ms = 10000
	sasl.login.retry.backoff.ms = 100
	sasl.mechanism = GSSAPI
	sasl.oauthbearer.clock.skew.seconds = 30
	sasl.oauthbearer.expected.audience = null
	sasl.oauthbearer.expected.issuer = null
	sasl.oauthbearer.header.urlencode = false
	sasl.oauthbearer.jwks.endpoint.refresh.ms = 3600000
	sasl.oauthbearer.jwks.endpoint.retry.backoff.max.ms = 10000
	sasl.oauthbearer.jwks.endpoint.retry.backoff.ms = 100
	sasl.oauthbearer.jwks.endpoint.url = null
	sasl.oauthbearer.scope.claim.name = scope
	sasl.oauthbearer.sub.claim.name = sub
	sasl.oauthbearer.token.endpoint.url = null
	security.protocol = PLAINTEXT
	security.providers = null
	send.buffer.bytes = 131072
	socket.connection.setup.timeout.max.ms = 30000
	socket.connection.setup.timeout.ms = 10000
	ssl.cipher.suites = null
	ssl.enabled.protocols = [TLSv1.2, TLSv1.3]
	ssl.endpoint.identification.algorithm = https
	ssl.engine.factory.class = null
	ssl.key.password = null
	ssl.keymanager.algorithm = SunX509
	ssl.keystore.certificate.chain = null
	ssl.keystore.key = null
	ssl.keystore.location = null
	ssl.keystore.password = null
	ssl.keystore.type = JKS
	ssl.protocol = TLSv1.3
	ssl.provider = null
	ssl.secure.random.implementation = null
	ssl.trustmanager.algorithm = PKIX
	ssl.truststore.certificates = null
	ssl.truststore.location = null
	ssl.truststore.password = null
	ssl.truststore.type = JKS
	transaction.timeout.ms = 10000
	transactional.id = order-processing-app-id-48cdc9c8-902a-4bc8-ad62-3c6c6dfdc4cc-1
	value.serializer = class org.apache.kafka.common.serialization.ByteArraySerializer

2025-06-21 19:54:21 [main] INFO  o.a.k.c.t.i.KafkaMetricsCollector - initializing Kafka metrics collector
2025-06-21 19:54:21 [main] INFO  o.a.k.clients.producer.KafkaProducer - [Producer clientId=order-processing-app-id-48cdc9c8-902a-4bc8-ad62-3c6c6dfdc4cc-StreamThread-1-producer, transactionalId=order-processing-app-id-48cdc9c8-902a-4bc8-ad62-3c6c6dfdc4cc-1] Instantiated a transactional producer.
2025-06-21 19:54:21 [main] INFO  o.a.k.c.producer.ProducerConfig - These configurations '[spring.json.value.default.type]' were supplied but are not used yet.
2025-06-21 19:54:21 [main] INFO  o.a.kafka.common.utils.AppInfoParser - Kafka version: 3.9.1
2025-06-21 19:54:21 [main] INFO  o.a.kafka.common.utils.AppInfoParser - Kafka commitId: f745dfdcee2b9851
2025-06-21 19:54:21 [main] INFO  o.a.kafka.common.utils.AppInfoParser - Kafka startTimeMs: 1750515861958
2025-06-21 19:54:21 [order-processing-app-id-48cdc9c8-902a-4bc8-ad62-3c6c6dfdc4cc-StateUpdater-1] INFO  o.a.k.s.p.i.DefaultStateUpdater - state-updater [order-processing-app-id-48cdc9c8-902a-4bc8-ad62-3c6c6dfdc4cc-StateUpdater-1] State updater thread started
2025-06-21 19:54:21 [main] INFO  o.a.k.s.p.internals.StreamThread - stream-thread [order-processing-app-id-48cdc9c8-902a-4bc8-ad62-3c6c6dfdc4cc-StreamThread-1] Creating consumer client
2025-06-21 19:54:21 [main] INFO  o.a.k.c.consumer.ConsumerConfig - ConsumerConfig values: 
	allow.auto.create.topics = false
	auto.commit.interval.ms = 5000
	auto.include.jmx.reporter = true
	auto.offset.reset = earliest
	bootstrap.servers = [localhost:9092]
	check.crcs = true
	client.dns.lookup = use_all_dns_ips
	client.id = order-processing-app-id-48cdc9c8-902a-4bc8-ad62-3c6c6dfdc4cc-StreamThread-1-consumer
	client.rack = 
	connections.max.idle.ms = 540000
	default.api.timeout.ms = 60000
	enable.auto.commit = false
	enable.metrics.push = true
	exclude.internal.topics = true
	fetch.max.bytes = 52428800
	fetch.max.wait.ms = 500
	fetch.min.bytes = 1
	group.id = order-processing-app-id
	group.instance.id = null
	group.protocol = classic
	group.remote.assignor = null
	heartbeat.interval.ms = 3000
	interceptor.classes = []
	internal.leave.group.on.close = false
	internal.throw.on.fetch.stable.offset.unsupported = true
	isolation.level = read_committed
	key.deserializer = class org.apache.kafka.common.serialization.ByteArrayDeserializer
	max.partition.fetch.bytes = 1048576
	max.poll.interval.ms = 300000
	max.poll.records = 1000
	metadata.max.age.ms = 300000
	metadata.recovery.strategy = none
	metric.reporters = []
	metrics.num.samples = 2
	metrics.recording.level = INFO
	metrics.sample.window.ms = 30000
	partition.assignment.strategy = [org.apache.kafka.streams.processor.internals.StreamsPartitionAssignor]
	receive.buffer.bytes = 65536
	reconnect.backoff.max.ms = 1000
	reconnect.backoff.ms = 50
	request.timeout.ms = 30000
	retry.backoff.max.ms = 1000
	retry.backoff.ms = 100
	sasl.client.callback.handler.class = null
	sasl.jaas.config = null
	sasl.kerberos.kinit.cmd = /usr/bin/kinit
	sasl.kerberos.min.time.before.relogin = 60000
	sasl.kerberos.service.name = null
	sasl.kerberos.ticket.renew.jitter = 0.05
	sasl.kerberos.ticket.renew.window.factor = 0.8
	sasl.login.callback.handler.class = null
	sasl.login.class = null
	sasl.login.connect.timeout.ms = null
	sasl.login.read.timeout.ms = null
	sasl.login.refresh.buffer.seconds = 300
	sasl.login.refresh.min.period.seconds = 60
	sasl.login.refresh.window.factor = 0.8
	sasl.login.refresh.window.jitter = 0.05
	sasl.login.retry.backoff.max.ms = 10000
	sasl.login.retry.backoff.ms = 100
	sasl.mechanism = GSSAPI
	sasl.oauthbearer.clock.skew.seconds = 30
	sasl.oauthbearer.expected.audience = null
	sasl.oauthbearer.expected.issuer = null
	sasl.oauthbearer.header.urlencode = false
	sasl.oauthbearer.jwks.endpoint.refresh.ms = 3600000
	sasl.oauthbearer.jwks.endpoint.retry.backoff.max.ms = 10000
	sasl.oauthbearer.jwks.endpoint.retry.backoff.ms = 100
	sasl.oauthbearer.jwks.endpoint.url = null
	sasl.oauthbearer.scope.claim.name = scope
	sasl.oauthbearer.sub.claim.name = sub
	sasl.oauthbearer.token.endpoint.url = null
	security.protocol = PLAINTEXT
	security.providers = null
	send.buffer.bytes = 131072
	session.timeout.ms = 45000
	socket.connection.setup.timeout.max.ms = 30000
	socket.connection.setup.timeout.ms = 10000
	ssl.cipher.suites = null
	ssl.enabled.protocols = [TLSv1.2, TLSv1.3]
	ssl.endpoint.identification.algorithm = https
	ssl.engine.factory.class = null
	ssl.key.password = null
	ssl.keymanager.algorithm = SunX509
	ssl.keystore.certificate.chain = null
	ssl.keystore.key = null
	ssl.keystore.location = null
	ssl.keystore.password = null
	ssl.keystore.type = JKS
	ssl.protocol = TLSv1.3
	ssl.provider = null
	ssl.secure.random.implementation = null
	ssl.trustmanager.algorithm = PKIX
	ssl.truststore.certificates = null
	ssl.truststore.location = null
	ssl.truststore.password = null
	ssl.truststore.type = JKS
	value.deserializer = class org.apache.kafka.common.serialization.ByteArrayDeserializer

2025-06-21 19:54:21 [main] INFO  o.a.k.c.t.i.KafkaMetricsCollector - initializing Kafka metrics collector
2025-06-21 19:54:21 [main] INFO  o.a.k.s.p.i.a.AssignorConfiguration - stream-thread [order-processing-app-id-48cdc9c8-902a-4bc8-ad62-3c6c6dfdc4cc-StreamThread-1-consumer] Cooperative rebalancing protocol is enabled now
2025-06-21 19:54:21 [main] INFO  o.a.k.c.consumer.ConsumerConfig - These configurations '[replication.factor, probing.rebalance.interval.ms, max.warmup.replicas, spring.json.value.default.type, acceptable.recovery.lag, task.assignor.class, rack.aware.assignment.non_overlap_cost, application.server, rack.aware.assignment.strategy, rack.aware.assignment.traffic_cost, windowstore.changelog.additional.retention.ms, num.standby.replicas, upgrade.from, rack.aware.assignment.tags, application.id]' were supplied but are not used yet.
2025-06-21 19:54:21 [main] INFO  o.a.kafka.common.utils.AppInfoParser - Kafka version: 3.9.1
2025-06-21 19:54:21 [main] INFO  o.a.kafka.common.utils.AppInfoParser - Kafka commitId: f745dfdcee2b9851
2025-06-21 19:54:21 [main] INFO  o.a.kafka.common.utils.AppInfoParser - Kafka startTimeMs: 1750515861969
2025-06-21 19:54:21 [main] INFO  o.apache.kafka.streams.KafkaStreams - stream-client [order-processing-app-id-48cdc9c8-902a-4bc8-ad62-3c6c6dfdc4cc] State transition from CREATED to REBALANCING
2025-06-21 19:54:21 [main] INFO  o.apache.kafka.streams.KafkaStreams - stream-client [order-processing-app-id-48cdc9c8-902a-4bc8-ad62-3c6c6dfdc4cc] Started 1 stream threads
2025-06-21 19:54:21 [order-processing-app-id-48cdc9c8-902a-4bc8-ad62-3c6c6dfdc4cc-StreamThread-1] INFO  o.a.k.s.p.internals.StreamThread - stream-thread [order-processing-app-id-48cdc9c8-902a-4bc8-ad62-3c6c6dfdc4cc-StreamThread-1] Starting
2025-06-21 19:54:21 [order-processing-app-id-48cdc9c8-902a-4bc8-ad62-3c6c6dfdc4cc-StreamThread-1] INFO  o.a.k.s.p.internals.StreamThread - stream-thread [order-processing-app-id-48cdc9c8-902a-4bc8-ad62-3c6c6dfdc4cc-StreamThread-1] State transition from CREATED to STARTING
2025-06-21 19:54:21 [order-processing-app-id-48cdc9c8-902a-4bc8-ad62-3c6c6dfdc4cc-StreamThread-1] INFO  o.a.k.c.c.i.ClassicKafkaConsumer - [Consumer clientId=order-processing-app-id-48cdc9c8-902a-4bc8-ad62-3c6c6dfdc4cc-StreamThread-1-consumer, groupId=order-processing-app-id] Subscribed to topic(s): orders-raw
2025-06-21 19:54:21 [main] INFO  c.m.s.StreamerOrderProcessingStreamsServiceApplication - Started StreamerOrderProcessingStreamsServiceApplication in 0.634 seconds (process running for 0.717)
2025-06-21 19:54:22 [kafka-producer-network-thread | order-processing-app-id-48cdc9c8-902a-4bc8-ad62-3c6c6dfdc4cc-StreamThread-1-producer] INFO  org.apache.kafka.clients.Metadata - [Producer clientId=order-processing-app-id-48cdc9c8-902a-4bc8-ad62-3c6c6dfdc4cc-StreamThread-1-producer, transactionalId=order-processing-app-id-48cdc9c8-902a-4bc8-ad62-3c6c6dfdc4cc-1] Cluster ID: hNlYf2QxS1aP3cR5tG7uZ9vB0dE4kF6j
2025-06-21 19:54:22 [order-processing-app-id-48cdc9c8-902a-4bc8-ad62-3c6c6dfdc4cc-StreamThread-1] INFO  org.apache.kafka.clients.Metadata - [Consumer clientId=order-processing-app-id-48cdc9c8-902a-4bc8-ad62-3c6c6dfdc4cc-StreamThread-1-consumer, groupId=order-processing-app-id] Cluster ID: hNlYf2QxS1aP3cR5tG7uZ9vB0dE4kF6j
2025-06-21 19:54:22 [order-processing-app-id-48cdc9c8-902a-4bc8-ad62-3c6c6dfdc4cc-StreamThread-1] INFO  o.a.k.c.c.i.ConsumerCoordinator - [Consumer clientId=order-processing-app-id-48cdc9c8-902a-4bc8-ad62-3c6c6dfdc4cc-StreamThread-1-consumer, groupId=order-processing-app-id] Discovered group coordinator localhost:9092 (id: 2147483646 rack: null)
2025-06-21 19:54:22 [order-processing-app-id-48cdc9c8-902a-4bc8-ad62-3c6c6dfdc4cc-StreamThread-1] INFO  o.a.k.c.c.i.ConsumerCoordinator - [Consumer clientId=order-processing-app-id-48cdc9c8-902a-4bc8-ad62-3c6c6dfdc4cc-StreamThread-1-consumer, groupId=order-processing-app-id] (Re-)joining group
2025-06-21 19:54:22 [order-processing-app-id-48cdc9c8-902a-4bc8-ad62-3c6c6dfdc4cc-StreamThread-1] INFO  o.a.k.c.c.i.ConsumerCoordinator - [Consumer clientId=order-processing-app-id-48cdc9c8-902a-4bc8-ad62-3c6c6dfdc4cc-StreamThread-1-consumer, groupId=order-processing-app-id] Request joining group due to: need to re-join with the given member-id: order-processing-app-id-48cdc9c8-902a-4bc8-ad62-3c6c6dfdc4cc-StreamThread-1-consumer-d5d274ea-c534-4ab0-85b9-aba4a075af92
2025-06-21 19:54:22 [order-processing-app-id-48cdc9c8-902a-4bc8-ad62-3c6c6dfdc4cc-StreamThread-1] INFO  o.a.k.c.c.i.ConsumerCoordinator - [Consumer clientId=order-processing-app-id-48cdc9c8-902a-4bc8-ad62-3c6c6dfdc4cc-StreamThread-1-consumer, groupId=order-processing-app-id] (Re-)joining group
2025-06-21 19:54:22 [order-processing-app-id-48cdc9c8-902a-4bc8-ad62-3c6c6dfdc4cc-StreamThread-1] INFO  o.a.k.c.c.i.ConsumerCoordinator - [Consumer clientId=order-processing-app-id-48cdc9c8-902a-4bc8-ad62-3c6c6dfdc4cc-StreamThread-1-consumer, groupId=order-processing-app-id] Successfully joined group with generation Generation{generationId=7, memberId='order-processing-app-id-48cdc9c8-902a-4bc8-ad62-3c6c6dfdc4cc-StreamThread-1-consumer-d5d274ea-c534-4ab0-85b9-aba4a075af92', protocol='stream'}
2025-06-21 19:54:22 [order-processing-app-id-48cdc9c8-902a-4bc8-ad62-3c6c6dfdc4cc-StreamThread-1] INFO  o.a.k.s.p.i.RepartitionTopics - stream-thread [order-processing-app-id-48cdc9c8-902a-4bc8-ad62-3c6c6dfdc4cc-StreamThread-1-consumer] Skipping the repartition topic validation since there are no repartition topics.
2025-06-21 19:54:22 [order-processing-app-id-48cdc9c8-902a-4bc8-ad62-3c6c6dfdc4cc-StreamThread-1] INFO  o.a.k.s.p.i.StreamsPartitionAssignor - stream-thread [order-processing-app-id-48cdc9c8-902a-4bc8-ad62-3c6c6dfdc4cc-StreamThread-1-consumer] 1 client nodes and 1 consumers participating in this rebalance: 
48cdc9c8-902a-4bc8-ad62-3c6c6dfdc4cc: [order-processing-app-id-48cdc9c8-902a-4bc8-ad62-3c6c6dfdc4cc-StreamThread-1-consumer-d5d274ea-c534-4ab0-85b9-aba4a075af92].
2025-06-21 19:54:22 [order-processing-app-id-48cdc9c8-902a-4bc8-ad62-3c6c6dfdc4cc-StreamThread-1] INFO  o.a.k.s.p.i.StreamsPartitionAssignor - stream-thread [order-processing-app-id-48cdc9c8-902a-4bc8-ad62-3c6c6dfdc4cc-StreamThread-1-consumer] Assigning stateful tasks: []
and stateless tasks: [0_2, 0_1, 0_0]
2025-06-21 19:54:22 [order-processing-app-id-48cdc9c8-902a-4bc8-ad62-3c6c6dfdc4cc-StreamThread-1] INFO  o.a.k.s.p.i.a.AssignorConfiguration - stream-thread [order-processing-app-id-48cdc9c8-902a-4bc8-ad62-3c6c6dfdc4cc-StreamThread-1-consumer] No custom task assignors found, defaulting to internal task assignment with internal.task.assignor.class
2025-06-21 19:54:22 [order-processing-app-id-48cdc9c8-902a-4bc8-ad62-3c6c6dfdc4cc-StreamThread-1] INFO  o.a.k.s.p.i.a.HighAvailabilityTaskAssignor - Decided on assignment: {48cdc9c8-902a-4bc8-ad62-3c6c6dfdc4cc=[activeTasks: ([0_0, 0_1, 0_2]) standbyTasks: ([]) prevActiveTasks: ([]) prevStandbyTasks: ([]) changelogOffsetTotalsByTask: ([]) taskLagTotals: ([]) clientTags: ([]) capacity: 1 assigned: 3]} with no followup probing rebalance.
2025-06-21 19:54:22 [order-processing-app-id-48cdc9c8-902a-4bc8-ad62-3c6c6dfdc4cc-StreamThread-1] INFO  o.a.k.s.p.i.StreamsPartitionAssignor - stream-thread [order-processing-app-id-48cdc9c8-902a-4bc8-ad62-3c6c6dfdc4cc-StreamThread-1-consumer] Assigned 3 total tasks including 0 stateful tasks to 1 client nodes.
2025-06-21 19:54:22 [order-processing-app-id-48cdc9c8-902a-4bc8-ad62-3c6c6dfdc4cc-StreamThread-1] INFO  o.a.k.s.p.i.StreamsPartitionAssignor - stream-thread [order-processing-app-id-48cdc9c8-902a-4bc8-ad62-3c6c6dfdc4cc-StreamThread-1-consumer] Assignment of tasks to nodes: 48cdc9c8-902a-4bc8-ad62-3c6c6dfdc4cc=[activeTasks: ([0_0, 0_1, 0_2]) standbyTasks: ([])]
2025-06-21 19:54:22 [order-processing-app-id-48cdc9c8-902a-4bc8-ad62-3c6c6dfdc4cc-StreamThread-1] INFO  o.a.k.s.p.i.StreamsPartitionAssignor - stream-thread [order-processing-app-id-48cdc9c8-902a-4bc8-ad62-3c6c6dfdc4cc-StreamThread-1-consumer] Client 48cdc9c8-902a-4bc8-ad62-3c6c6dfdc4cc per-consumer assignment:
	prev owned active {}
	prev owned standby {order-processing-app-id-48cdc9c8-902a-4bc8-ad62-3c6c6dfdc4cc-StreamThread-1-consumer-d5d274ea-c534-4ab0-85b9-aba4a075af92=[]}
	assigned active {order-processing-app-id-48cdc9c8-902a-4bc8-ad62-3c6c6dfdc4cc-StreamThread-1-consumer-d5d274ea-c534-4ab0-85b9-aba4a075af92=[0_2, 0_1, 0_0]}
	revoking active {}
	assigned standby {}

2025-06-21 19:54:22 [order-processing-app-id-48cdc9c8-902a-4bc8-ad62-3c6c6dfdc4cc-StreamThread-1] INFO  o.a.k.s.p.i.StreamsPartitionAssignor - stream-thread [order-processing-app-id-48cdc9c8-902a-4bc8-ad62-3c6c6dfdc4cc-StreamThread-1-consumer] Finished stable assignment of tasks, no followup rebalances required.
2025-06-21 19:54:22 [order-processing-app-id-48cdc9c8-902a-4bc8-ad62-3c6c6dfdc4cc-StreamThread-1] INFO  o.a.k.c.c.i.ConsumerCoordinator - [Consumer clientId=order-processing-app-id-48cdc9c8-902a-4bc8-ad62-3c6c6dfdc4cc-StreamThread-1-consumer, groupId=order-processing-app-id] Finished assignment for group at generation 7: {order-processing-app-id-48cdc9c8-902a-4bc8-ad62-3c6c6dfdc4cc-StreamThread-1-consumer-d5d274ea-c534-4ab0-85b9-aba4a075af92=Assignment(partitions=[orders-raw-0, orders-raw-1, orders-raw-2], userDataSize=76)}
2025-06-21 19:54:22 [order-processing-app-id-48cdc9c8-902a-4bc8-ad62-3c6c6dfdc4cc-StreamThread-1] INFO  o.a.k.c.c.i.ConsumerCoordinator - [Consumer clientId=order-processing-app-id-48cdc9c8-902a-4bc8-ad62-3c6c6dfdc4cc-StreamThread-1-consumer, groupId=order-processing-app-id] Successfully synced group in generation Generation{generationId=7, memberId='order-processing-app-id-48cdc9c8-902a-4bc8-ad62-3c6c6dfdc4cc-StreamThread-1-consumer-d5d274ea-c534-4ab0-85b9-aba4a075af92', protocol='stream'}
2025-06-21 19:54:22 [order-processing-app-id-48cdc9c8-902a-4bc8-ad62-3c6c6dfdc4cc-StreamThread-1] INFO  o.a.k.c.c.i.ConsumerCoordinator - [Consumer clientId=order-processing-app-id-48cdc9c8-902a-4bc8-ad62-3c6c6dfdc4cc-StreamThread-1-consumer, groupId=order-processing-app-id] Updating assignment with
	Assigned partitions:                       [orders-raw-0, orders-raw-1, orders-raw-2]
	Current owned partitions:                  []
	Added partitions (assigned - owned):       [orders-raw-0, orders-raw-1, orders-raw-2]
	Revoked partitions (owned - assigned):     []

2025-06-21 19:54:22 [order-processing-app-id-48cdc9c8-902a-4bc8-ad62-3c6c6dfdc4cc-StreamThread-1] INFO  o.a.k.c.c.i.ConsumerCoordinator - [Consumer clientId=order-processing-app-id-48cdc9c8-902a-4bc8-ad62-3c6c6dfdc4cc-StreamThread-1-consumer, groupId=order-processing-app-id] Notifying assignor about the new Assignment(partitions=[orders-raw-0, orders-raw-1, orders-raw-2], userDataSize=76)
2025-06-21 19:54:22 [order-processing-app-id-48cdc9c8-902a-4bc8-ad62-3c6c6dfdc4cc-StreamThread-1] INFO  o.a.k.s.p.i.StreamsPartitionAssignor - stream-thread [order-processing-app-id-48cdc9c8-902a-4bc8-ad62-3c6c6dfdc4cc-StreamThread-1-consumer] No followup rebalance was requested, resetting the rebalance schedule.
2025-06-21 19:54:22 [order-processing-app-id-48cdc9c8-902a-4bc8-ad62-3c6c6dfdc4cc-StreamThread-1] INFO  o.a.k.s.p.internals.TaskManager - stream-thread [order-processing-app-id-48cdc9c8-902a-4bc8-ad62-3c6c6dfdc4cc-StreamThread-1] Handle new assignment with:
	New active tasks: [0_2, 0_1, 0_0]
	New standby tasks: []
	Existing active tasks: []
	Existing standby tasks: []
2025-06-21 19:54:22 [order-processing-app-id-48cdc9c8-902a-4bc8-ad62-3c6c6dfdc4cc-StreamThread-1] INFO  o.a.k.c.c.i.ConsumerRebalanceListenerInvoker - [Consumer clientId=order-processing-app-id-48cdc9c8-902a-4bc8-ad62-3c6c6dfdc4cc-StreamThread-1-consumer, groupId=order-processing-app-id] Adding newly assigned partitions: orders-raw-0, orders-raw-1, orders-raw-2
2025-06-21 19:54:22 [order-processing-app-id-48cdc9c8-902a-4bc8-ad62-3c6c6dfdc4cc-StreamThread-1] INFO  o.a.k.s.p.internals.StreamThread - stream-thread [order-processing-app-id-48cdc9c8-902a-4bc8-ad62-3c6c6dfdc4cc-StreamThread-1] State transition from STARTING to PARTITIONS_ASSIGNED
2025-06-21 19:54:22 [order-processing-app-id-48cdc9c8-902a-4bc8-ad62-3c6c6dfdc4cc-StreamThread-1] INFO  o.a.k.c.c.i.ConsumerCoordinator - [Consumer clientId=order-processing-app-id-48cdc9c8-902a-4bc8-ad62-3c6c6dfdc4cc-StreamThread-1-consumer, groupId=order-processing-app-id] Found no committed offset for partition orders-raw-2
2025-06-21 19:54:22 [order-processing-app-id-48cdc9c8-902a-4bc8-ad62-3c6c6dfdc4cc-StreamThread-1] INFO  o.a.k.c.c.i.ConsumerCoordinator - [Consumer clientId=order-processing-app-id-48cdc9c8-902a-4bc8-ad62-3c6c6dfdc4cc-StreamThread-1-consumer, groupId=order-processing-app-id] Found no committed offset for partition orders-raw-0
2025-06-21 19:54:22 [order-processing-app-id-48cdc9c8-902a-4bc8-ad62-3c6c6dfdc4cc-StreamThread-1] INFO  o.a.k.c.c.i.ConsumerCoordinator - [Consumer clientId=order-processing-app-id-48cdc9c8-902a-4bc8-ad62-3c6c6dfdc4cc-StreamThread-1-consumer, groupId=order-processing-app-id] Found no committed offset for partition orders-raw-1
2025-06-21 19:54:22 [order-processing-app-id-48cdc9c8-902a-4bc8-ad62-3c6c6dfdc4cc-StreamThread-1] INFO  o.a.k.c.c.i.SubscriptionState - [Consumer clientId=order-processing-app-id-48cdc9c8-902a-4bc8-ad62-3c6c6dfdc4cc-StreamThread-1-consumer, groupId=order-processing-app-id] Resetting offset for partition orders-raw-2 to position FetchPosition{offset=0, offsetEpoch=Optional.empty, currentLeader=LeaderAndEpoch{leader=Optional[localhost:9092 (id: 1 rack: null)], epoch=2}}.
2025-06-21 19:54:22 [order-processing-app-id-48cdc9c8-902a-4bc8-ad62-3c6c6dfdc4cc-StreamThread-1] INFO  o.a.k.c.c.i.SubscriptionState - [Consumer clientId=order-processing-app-id-48cdc9c8-902a-4bc8-ad62-3c6c6dfdc4cc-StreamThread-1-consumer, groupId=order-processing-app-id] Resetting offset for partition orders-raw-0 to position FetchPosition{offset=0, offsetEpoch=Optional.empty, currentLeader=LeaderAndEpoch{leader=Optional[localhost:9092 (id: 1 rack: null)], epoch=2}}.
2025-06-21 19:54:22 [order-processing-app-id-48cdc9c8-902a-4bc8-ad62-3c6c6dfdc4cc-StreamThread-1] INFO  o.a.k.c.c.i.SubscriptionState - [Consumer clientId=order-processing-app-id-48cdc9c8-902a-4bc8-ad62-3c6c6dfdc4cc-StreamThread-1-consumer, groupId=order-processing-app-id] Resetting offset for partition orders-raw-1 to position FetchPosition{offset=0, offsetEpoch=Optional.empty, currentLeader=LeaderAndEpoch{leader=Optional[localhost:9092 (id: 1 rack: null)], epoch=2}}.
2025-06-21 19:54:22 [order-processing-app-id-48cdc9c8-902a-4bc8-ad62-3c6c6dfdc4cc-StreamThread-1] INFO  o.a.k.c.p.i.TransactionManager - [Producer clientId=order-processing-app-id-48cdc9c8-902a-4bc8-ad62-3c6c6dfdc4cc-StreamThread-1-producer, transactionalId=order-processing-app-id-48cdc9c8-902a-4bc8-ad62-3c6c6dfdc4cc-1] Invoking InitProducerId for the first time in order to acquire a producer ID
2025-06-21 19:54:22 [kafka-producer-network-thread | order-processing-app-id-48cdc9c8-902a-4bc8-ad62-3c6c6dfdc4cc-StreamThread-1-producer] INFO  o.a.k.c.p.i.TransactionManager - [Producer clientId=order-processing-app-id-48cdc9c8-902a-4bc8-ad62-3c6c6dfdc4cc-StreamThread-1-producer, transactionalId=order-processing-app-id-48cdc9c8-902a-4bc8-ad62-3c6c6dfdc4cc-1] Discovered transaction coordinator localhost:9092 (id: 1 rack: null)
2025-06-21 19:54:22 [kafka-producer-network-thread | order-processing-app-id-48cdc9c8-902a-4bc8-ad62-3c6c6dfdc4cc-StreamThread-1-producer] INFO  o.a.k.c.p.i.TransactionManager - [Producer clientId=order-processing-app-id-48cdc9c8-902a-4bc8-ad62-3c6c6dfdc4cc-StreamThread-1-producer, transactionalId=order-processing-app-id-48cdc9c8-902a-4bc8-ad62-3c6c6dfdc4cc-1] ProducerId set to 1002 with epoch 0
2025-06-21 19:54:22 [order-processing-app-id-48cdc9c8-902a-4bc8-ad62-3c6c6dfdc4cc-StreamThread-1] INFO  o.a.k.s.p.internals.StreamTask - stream-thread [order-processing-app-id-48cdc9c8-902a-4bc8-ad62-3c6c6dfdc4cc-StreamThread-1] task [0_1] Initialized
2025-06-21 19:54:22 [order-processing-app-id-48cdc9c8-902a-4bc8-ad62-3c6c6dfdc4cc-StreamThread-1] INFO  o.a.k.s.p.internals.StreamTask - stream-thread [order-processing-app-id-48cdc9c8-902a-4bc8-ad62-3c6c6dfdc4cc-StreamThread-1] task [0_0] Initialized
2025-06-21 19:54:22 [order-processing-app-id-48cdc9c8-902a-4bc8-ad62-3c6c6dfdc4cc-StateUpdater-1] INFO  o.a.k.s.p.i.DefaultStateUpdater - state-updater [order-processing-app-id-48cdc9c8-902a-4bc8-ad62-3c6c6dfdc4cc-StateUpdater-1] Stateless active task 0_1 was added to the restored tasks of the state updater
2025-06-21 19:54:22 [order-processing-app-id-48cdc9c8-902a-4bc8-ad62-3c6c6dfdc4cc-StreamThread-1] INFO  o.a.k.s.p.internals.StreamTask - stream-thread [order-processing-app-id-48cdc9c8-902a-4bc8-ad62-3c6c6dfdc4cc-StreamThread-1] task [0_2] Initialized
2025-06-21 19:54:22 [order-processing-app-id-48cdc9c8-902a-4bc8-ad62-3c6c6dfdc4cc-StateUpdater-1] INFO  o.a.k.s.p.i.DefaultStateUpdater - state-updater [order-processing-app-id-48cdc9c8-902a-4bc8-ad62-3c6c6dfdc4cc-StateUpdater-1] Stateless active task 0_0 was added to the restored tasks of the state updater
2025-06-21 19:54:22 [order-processing-app-id-48cdc9c8-902a-4bc8-ad62-3c6c6dfdc4cc-StateUpdater-1] INFO  o.a.k.s.p.i.DefaultStateUpdater - state-updater [order-processing-app-id-48cdc9c8-902a-4bc8-ad62-3c6c6dfdc4cc-StateUpdater-1] Stateless active task 0_2 was added to the restored tasks of the state updater
2025-06-21 19:54:22 [order-processing-app-id-48cdc9c8-902a-4bc8-ad62-3c6c6dfdc4cc-StreamThread-1] INFO  o.a.k.c.c.i.ConsumerCoordinator - [Consumer clientId=order-processing-app-id-48cdc9c8-902a-4bc8-ad62-3c6c6dfdc4cc-StreamThread-1-consumer, groupId=order-processing-app-id] Found no committed offset for partition orders-raw-1
2025-06-21 19:54:22 [order-processing-app-id-48cdc9c8-902a-4bc8-ad62-3c6c6dfdc4cc-StreamThread-1] INFO  o.a.k.s.p.internals.StreamTask - stream-thread [order-processing-app-id-48cdc9c8-902a-4bc8-ad62-3c6c6dfdc4cc-StreamThread-1] task [0_1] Restored and ready to run
2025-06-21 19:54:22 [order-processing-app-id-48cdc9c8-902a-4bc8-ad62-3c6c6dfdc4cc-StreamThread-1] INFO  o.a.k.c.c.i.ConsumerCoordinator - [Consumer clientId=order-processing-app-id-48cdc9c8-902a-4bc8-ad62-3c6c6dfdc4cc-StreamThread-1-consumer, groupId=order-processing-app-id] Found no committed offset for partition orders-raw-0
2025-06-21 19:54:22 [order-processing-app-id-48cdc9c8-902a-4bc8-ad62-3c6c6dfdc4cc-StreamThread-1] INFO  o.a.k.s.p.internals.StreamTask - stream-thread [order-processing-app-id-48cdc9c8-902a-4bc8-ad62-3c6c6dfdc4cc-StreamThread-1] task [0_0] Restored and ready to run
2025-06-21 19:54:22 [order-processing-app-id-48cdc9c8-902a-4bc8-ad62-3c6c6dfdc4cc-StreamThread-1] INFO  o.a.k.c.c.i.ConsumerCoordinator - [Consumer clientId=order-processing-app-id-48cdc9c8-902a-4bc8-ad62-3c6c6dfdc4cc-StreamThread-1-consumer, groupId=order-processing-app-id] Found no committed offset for partition orders-raw-2
2025-06-21 19:54:22 [order-processing-app-id-48cdc9c8-902a-4bc8-ad62-3c6c6dfdc4cc-StreamThread-1] INFO  o.a.k.s.p.internals.StreamTask - stream-thread [order-processing-app-id-48cdc9c8-902a-4bc8-ad62-3c6c6dfdc4cc-StreamThread-1] task [0_2] Restored and ready to run
2025-06-21 19:54:22 [order-processing-app-id-48cdc9c8-902a-4bc8-ad62-3c6c6dfdc4cc-StreamThread-1] INFO  o.a.k.s.p.internals.StreamThread - stream-thread [order-processing-app-id-48cdc9c8-902a-4bc8-ad62-3c6c6dfdc4cc-StreamThread-1] State transition from PARTITIONS_ASSIGNED to RUNNING
2025-06-21 19:54:22 [order-processing-app-id-48cdc9c8-902a-4bc8-ad62-3c6c6dfdc4cc-StreamThread-1] INFO  o.apache.kafka.streams.KafkaStreams - stream-client [order-processing-app-id-48cdc9c8-902a-4bc8-ad62-3c6c6dfdc4cc] State transition from REBALANCING to RUNNING
2025-06-21 19:54:22 [order-processing-app-id-48cdc9c8-902a-4bc8-ad62-3c6c6dfdc4cc-StreamThread-1] INFO  o.a.k.s.p.internals.StreamThread - stream-thread [order-processing-app-id-48cdc9c8-902a-4bc8-ad62-3c6c6dfdc4cc-StreamThread-1] Processed 0 total records, ran 0 punctuators, polled 1 times and committed 0 total tasks since the last update 1750515862197ms ago
2025-06-21 19:54:22 [order-processing-app-id-48cdc9c8-902a-4bc8-ad62-3c6c6dfdc4cc-StreamThread-1] ERROR o.a.k.s.e.LogAndFailExceptionHandler - Exception caught during Deserialization, taskId: 0_2, topic: orders-raw, partition: 2, offset: 0
java.lang.IllegalArgumentException: The class 'com.mobox.streamerordercreationservice.model.Order' is not in the trusted packages: [java.util, java.lang, com.mobox.streamerorderprocessingstreamsservice.model, com.mobox.streamerorderprocessingstreamsservice.model.*]. If you believe this class is safe to deserialize, please provide its name. If the serialization is only done by a trusted source, you can also enable trust all (*).
	at org.springframework.kafka.support.mapping.DefaultJackson2JavaTypeMapper.getClassIdType(DefaultJackson2JavaTypeMapper.java:123)
	at org.springframework.kafka.support.mapping.DefaultJackson2JavaTypeMapper.toJavaType(DefaultJackson2JavaTypeMapper.java:97)
	at org.springframework.kafka.support.serializer.JsonDeserializer.deserialize(JsonDeserializer.java:587)
	at org.apache.kafka.streams.processor.internals.SourceNode.deserializeValue(SourceNode.java:60)
	at org.apache.kafka.streams.processor.internals.RecordDeserializer.deserialize(RecordDeserializer.java:70)
	at org.apache.kafka.streams.processor.internals.RecordQueue.updateHead(RecordQueue.java:204)
	at org.apache.kafka.streams.processor.internals.RecordQueue.addRawRecords(RecordQueue.java:128)
	at org.apache.kafka.streams.processor.internals.PartitionGroup.addRawRecords(PartitionGroup.java:287)
	at org.apache.kafka.streams.processor.internals.StreamTask.addRecords(StreamTask.java:1105)
	at org.apache.kafka.streams.processor.internals.TaskManager.addRecordsToTasks(TaskManager.java:1837)
	at org.apache.kafka.streams.processor.internals.StreamThread.pollPhase(StreamThread.java:1258)
	at org.apache.kafka.streams.processor.internals.StreamThread.runOnceWithoutProcessingThreads(StreamThread.java:958)
	at org.apache.kafka.streams.processor.internals.StreamThread.runLoop(StreamThread.java:713)
	at org.apache.kafka.streams.processor.internals.StreamThread.run(StreamThread.java:672)
2025-06-21 19:54:22 [order-processing-app-id-48cdc9c8-902a-4bc8-ad62-3c6c6dfdc4cc-StreamThread-1] ERROR o.apache.kafka.streams.KafkaStreams - stream-client [order-processing-app-id-48cdc9c8-902a-4bc8-ad62-3c6c6dfdc4cc] Encountered the following exception during processing and the registered exception handler opted to SHUTDOWN_CLIENT. The streams client is going to shut down now. 
org.apache.kafka.streams.errors.StreamsException: Deserialization exception handler is set to fail upon a deserialization error. If you would rather have the streaming pipeline continue after a deserialization error, please set the default.deserialization.exception.handler appropriately.
	at org.apache.kafka.streams.processor.internals.RecordDeserializer.handleDeserializationFailure(RecordDeserializer.java:120)
	at org.apache.kafka.streams.processor.internals.RecordDeserializer.deserialize(RecordDeserializer.java:78)
	at org.apache.kafka.streams.processor.internals.RecordQueue.updateHead(RecordQueue.java:204)
	at org.apache.kafka.streams.processor.internals.RecordQueue.addRawRecords(RecordQueue.java:128)
	at org.apache.kafka.streams.processor.internals.PartitionGroup.addRawRecords(PartitionGroup.java:287)
	at org.apache.kafka.streams.processor.internals.StreamTask.addRecords(StreamTask.java:1105)
	at org.apache.kafka.streams.processor.internals.TaskManager.addRecordsToTasks(TaskManager.java:1837)
	at org.apache.kafka.streams.processor.internals.StreamThread.pollPhase(StreamThread.java:1258)
	at org.apache.kafka.streams.processor.internals.StreamThread.runOnceWithoutProcessingThreads(StreamThread.java:958)
	at org.apache.kafka.streams.processor.internals.StreamThread.runLoop(StreamThread.java:713)
	at org.apache.kafka.streams.processor.internals.StreamThread.run(StreamThread.java:672)
Caused by: java.lang.IllegalArgumentException: The class 'com.mobox.streamerordercreationservice.model.Order' is not in the trusted packages: [java.util, java.lang, com.mobox.streamerorderprocessingstreamsservice.model, com.mobox.streamerorderprocessingstreamsservice.model.*]. If you believe this class is safe to deserialize, please provide its name. If the serialization is only done by a trusted source, you can also enable trust all (*).
	at org.springframework.kafka.support.mapping.DefaultJackson2JavaTypeMapper.getClassIdType(DefaultJackson2JavaTypeMapper.java:123)
	at org.springframework.kafka.support.mapping.DefaultJackson2JavaTypeMapper.toJavaType(DefaultJackson2JavaTypeMapper.java:97)
	at org.springframework.kafka.support.serializer.JsonDeserializer.deserialize(JsonDeserializer.java:587)
	at org.apache.kafka.streams.processor.internals.SourceNode.deserializeValue(SourceNode.java:60)
	at org.apache.kafka.streams.processor.internals.RecordDeserializer.deserialize(RecordDeserializer.java:70)
	... 9 common frames omitted
2025-06-21 19:54:22 [order-processing-app-id-48cdc9c8-902a-4bc8-ad62-3c6c6dfdc4cc-StreamThread-1] INFO  o.apache.kafka.streams.KafkaStreams - stream-client [order-processing-app-id-48cdc9c8-902a-4bc8-ad62-3c6c6dfdc4cc] State transition from RUNNING to PENDING_ERROR
2025-06-21 19:54:22 [order-processing-app-id-48cdc9c8-902a-4bc8-ad62-3c6c6dfdc4cc-StreamThread-1] INFO  o.a.k.s.p.internals.StreamThread - stream-thread [order-processing-app-id-48cdc9c8-902a-4bc8-ad62-3c6c6dfdc4cc-StreamThread-1] State transition from RUNNING to PENDING_SHUTDOWN
2025-06-21 19:54:22 [order-processing-app-id-48cdc9c8-902a-4bc8-ad62-3c6c6dfdc4cc-StreamThread-1] INFO  o.a.k.s.p.internals.StreamThread - stream-thread [order-processing-app-id-48cdc9c8-902a-4bc8-ad62-3c6c6dfdc4cc-StreamThread-1] Shutting down unclean
2025-06-21 19:54:22 [order-processing-app-id-48cdc9c8-902a-4bc8-ad62-3c6c6dfdc4cc-CloseThread] INFO  o.a.k.s.p.internals.StreamThread - stream-thread [order-processing-app-id-48cdc9c8-902a-4bc8-ad62-3c6c6dfdc4cc-StreamThread-1] Informed to shut down
2025-06-21 19:54:22 [order-processing-app-id-48cdc9c8-902a-4bc8-ad62-3c6c6dfdc4cc-StreamThread-1] INFO  o.a.k.s.p.i.DefaultStateUpdater - state-updater [order-processing-app-id-48cdc9c8-902a-4bc8-ad62-3c6c6dfdc4cc-StateUpdater-1] Shutting down state updater thread
2025-06-21 19:54:22 [order-processing-app-id-48cdc9c8-902a-4bc8-ad62-3c6c6dfdc4cc-CloseThread] INFO  o.apache.kafka.streams.KafkaStreams - stream-client [order-processing-app-id-48cdc9c8-902a-4bc8-ad62-3c6c6dfdc4cc] Shutting down 1 stream threads
2025-06-21 19:54:22 [order-processing-app-id-48cdc9c8-902a-4bc8-ad62-3c6c6dfdc4cc-StateUpdater-1] INFO  o.a.k.c.c.i.ClassicKafkaConsumer - [Consumer clientId=order-processing-app-id-48cdc9c8-902a-4bc8-ad62-3c6c6dfdc4cc-StreamThread-1-restore-consumer, groupId=null] Unsubscribed all topics or patterns and assigned partitions
2025-06-21 19:54:22 [order-processing-app-id-48cdc9c8-902a-4bc8-ad62-3c6c6dfdc4cc-StateUpdater-1] INFO  o.a.k.s.p.i.DefaultStateUpdater - state-updater [order-processing-app-id-48cdc9c8-902a-4bc8-ad62-3c6c6dfdc4cc-StateUpdater-1] State updater thread stopped
2025-06-21 19:54:22 [order-processing-app-id-48cdc9c8-902a-4bc8-ad62-3c6c6dfdc4cc-StreamThread-1] INFO  o.a.k.s.p.internals.StreamTask - stream-thread [order-processing-app-id-48cdc9c8-902a-4bc8-ad62-3c6c6dfdc4cc-StreamThread-1] task [0_1] Suspended from RUNNING
2025-06-21 19:54:22 [order-processing-app-id-48cdc9c8-902a-4bc8-ad62-3c6c6dfdc4cc-StreamThread-1] INFO  o.a.k.s.p.i.RecordCollectorImpl - stream-thread [order-processing-app-id-48cdc9c8-902a-4bc8-ad62-3c6c6dfdc4cc-StreamThread-1] stream-task [0_1] Closing record collector dirty
2025-06-21 19:54:22 [order-processing-app-id-48cdc9c8-902a-4bc8-ad62-3c6c6dfdc4cc-StreamThread-1] INFO  o.a.k.s.p.internals.StreamTask - stream-thread [order-processing-app-id-48cdc9c8-902a-4bc8-ad62-3c6c6dfdc4cc-StreamThread-1] task [0_1] Closed dirty
2025-06-21 19:54:22 [order-processing-app-id-48cdc9c8-902a-4bc8-ad62-3c6c6dfdc4cc-StreamThread-1] INFO  o.a.k.s.p.internals.StreamTask - stream-thread [order-processing-app-id-48cdc9c8-902a-4bc8-ad62-3c6c6dfdc4cc-StreamThread-1] task [0_0] Suspended from RUNNING
2025-06-21 19:54:22 [order-processing-app-id-48cdc9c8-902a-4bc8-ad62-3c6c6dfdc4cc-StreamThread-1] INFO  o.a.k.s.p.i.RecordCollectorImpl - stream-thread [order-processing-app-id-48cdc9c8-902a-4bc8-ad62-3c6c6dfdc4cc-StreamThread-1] stream-task [0_0] Closing record collector dirty
2025-06-21 19:54:22 [order-processing-app-id-48cdc9c8-902a-4bc8-ad62-3c6c6dfdc4cc-StreamThread-1] INFO  o.a.k.s.p.internals.StreamTask - stream-thread [order-processing-app-id-48cdc9c8-902a-4bc8-ad62-3c6c6dfdc4cc-StreamThread-1] task [0_0] Closed dirty
2025-06-21 19:54:22 [order-processing-app-id-48cdc9c8-902a-4bc8-ad62-3c6c6dfdc4cc-StreamThread-1] INFO  o.a.k.s.p.internals.StreamTask - stream-thread [order-processing-app-id-48cdc9c8-902a-4bc8-ad62-3c6c6dfdc4cc-StreamThread-1] task [0_2] Suspended from RUNNING
2025-06-21 19:54:22 [order-processing-app-id-48cdc9c8-902a-4bc8-ad62-3c6c6dfdc4cc-StreamThread-1] INFO  o.a.k.s.p.i.RecordCollectorImpl - stream-thread [order-processing-app-id-48cdc9c8-902a-4bc8-ad62-3c6c6dfdc4cc-StreamThread-1] stream-task [0_2] Closing record collector dirty
2025-06-21 19:54:22 [order-processing-app-id-48cdc9c8-902a-4bc8-ad62-3c6c6dfdc4cc-StreamThread-1] INFO  o.a.k.s.p.internals.StreamTask - stream-thread [order-processing-app-id-48cdc9c8-902a-4bc8-ad62-3c6c6dfdc4cc-StreamThread-1] task [0_2] Closed dirty
2025-06-21 19:54:22 [order-processing-app-id-48cdc9c8-902a-4bc8-ad62-3c6c6dfdc4cc-StreamThread-1] INFO  o.a.k.clients.producer.KafkaProducer - [Producer clientId=order-processing-app-id-48cdc9c8-902a-4bc8-ad62-3c6c6dfdc4cc-StreamThread-1-producer, transactionalId=order-processing-app-id-48cdc9c8-902a-4bc8-ad62-3c6c6dfdc4cc-1] Closing the Kafka producer with timeoutMillis = 9223372036854775807 ms.
2025-06-21 19:54:22 [order-processing-app-id-48cdc9c8-902a-4bc8-ad62-3c6c6dfdc4cc-StreamThread-1] INFO  o.a.kafka.common.metrics.Metrics - Metrics scheduler closed
2025-06-21 19:54:22 [order-processing-app-id-48cdc9c8-902a-4bc8-ad62-3c6c6dfdc4cc-StreamThread-1] INFO  o.a.kafka.common.metrics.Metrics - Closing reporter org.apache.kafka.common.metrics.JmxReporter
2025-06-21 19:54:22 [order-processing-app-id-48cdc9c8-902a-4bc8-ad62-3c6c6dfdc4cc-StreamThread-1] INFO  o.a.kafka.common.metrics.Metrics - Closing reporter org.apache.kafka.common.telemetry.internals.ClientTelemetryReporter
2025-06-21 19:54:22 [order-processing-app-id-48cdc9c8-902a-4bc8-ad62-3c6c6dfdc4cc-StreamThread-1] INFO  o.a.kafka.common.metrics.Metrics - Metrics reporters closed
2025-06-21 19:54:22 [order-processing-app-id-48cdc9c8-902a-4bc8-ad62-3c6c6dfdc4cc-StreamThread-1] INFO  o.a.kafka.common.utils.AppInfoParser - App info kafka.producer for order-processing-app-id-48cdc9c8-902a-4bc8-ad62-3c6c6dfdc4cc-StreamThread-1-producer unregistered
2025-06-21 19:54:22 [order-processing-app-id-48cdc9c8-902a-4bc8-ad62-3c6c6dfdc4cc-StreamThread-1] INFO  o.a.k.s.p.internals.TaskManager - stream-thread [order-processing-app-id-48cdc9c8-902a-4bc8-ad62-3c6c6dfdc4cc-StreamThread-1] Shutdown complete
2025-06-21 19:54:22 [order-processing-app-id-48cdc9c8-902a-4bc8-ad62-3c6c6dfdc4cc-StreamThread-1] INFO  o.a.k.c.c.i.ClassicKafkaConsumer - [Consumer clientId=order-processing-app-id-48cdc9c8-902a-4bc8-ad62-3c6c6dfdc4cc-StreamThread-1-restore-consumer, groupId=null] Unsubscribed all topics or patterns and assigned partitions
2025-06-21 19:54:22 [order-processing-app-id-48cdc9c8-902a-4bc8-ad62-3c6c6dfdc4cc-StreamThread-1] INFO  o.a.k.c.c.i.ConsumerRebalanceListenerInvoker - [Consumer clientId=order-processing-app-id-48cdc9c8-902a-4bc8-ad62-3c6c6dfdc4cc-StreamThread-1-consumer, groupId=order-processing-app-id] Revoke previously assigned partitions orders-raw-0, orders-raw-1, orders-raw-2
2025-06-21 19:54:22 [order-processing-app-id-48cdc9c8-902a-4bc8-ad62-3c6c6dfdc4cc-StreamThread-1] INFO  o.a.k.s.p.internals.StreamThread - stream-thread [order-processing-app-id-48cdc9c8-902a-4bc8-ad62-3c6c6dfdc4cc-StreamThread-1] partition revocation took 0 ms.
2025-06-21 19:54:22 [order-processing-app-id-48cdc9c8-902a-4bc8-ad62-3c6c6dfdc4cc-StreamThread-1] INFO  o.a.k.c.c.i.ConsumerCoordinator - [Consumer clientId=order-processing-app-id-48cdc9c8-902a-4bc8-ad62-3c6c6dfdc4cc-StreamThread-1-consumer, groupId=order-processing-app-id] Member order-processing-app-id-48cdc9c8-902a-4bc8-ad62-3c6c6dfdc4cc-StreamThread-1-consumer-d5d274ea-c534-4ab0-85b9-aba4a075af92 sending LeaveGroup request to coordinator localhost:9092 (id: 2147483646 rack: null) due to the consumer unsubscribed from all topics
2025-06-21 19:54:22 [order-processing-app-id-48cdc9c8-902a-4bc8-ad62-3c6c6dfdc4cc-StreamThread-1] INFO  o.a.k.c.c.i.ConsumerCoordinator - [Consumer clientId=order-processing-app-id-48cdc9c8-902a-4bc8-ad62-3c6c6dfdc4cc-StreamThread-1-consumer, groupId=order-processing-app-id] Resetting generation and member id due to: consumer pro-actively leaving the group
2025-06-21 19:54:22 [order-processing-app-id-48cdc9c8-902a-4bc8-ad62-3c6c6dfdc4cc-StreamThread-1] INFO  o.a.k.c.c.i.ConsumerCoordinator - [Consumer clientId=order-processing-app-id-48cdc9c8-902a-4bc8-ad62-3c6c6dfdc4cc-StreamThread-1-consumer, groupId=order-processing-app-id] Request joining group due to: consumer pro-actively leaving the group
2025-06-21 19:54:22 [order-processing-app-id-48cdc9c8-902a-4bc8-ad62-3c6c6dfdc4cc-StreamThread-1] INFO  o.a.k.c.c.i.ClassicKafkaConsumer - [Consumer clientId=order-processing-app-id-48cdc9c8-902a-4bc8-ad62-3c6c6dfdc4cc-StreamThread-1-consumer, groupId=order-processing-app-id] Unsubscribed all topics or patterns and assigned partitions
2025-06-21 19:54:22 [order-processing-app-id-48cdc9c8-902a-4bc8-ad62-3c6c6dfdc4cc-StreamThread-1] INFO  o.a.kafka.common.metrics.Metrics - Metrics scheduler closed
2025-06-21 19:54:22 [order-processing-app-id-48cdc9c8-902a-4bc8-ad62-3c6c6dfdc4cc-StreamThread-1] INFO  o.a.kafka.common.metrics.Metrics - Closing reporter org.apache.kafka.common.metrics.JmxReporter
2025-06-21 19:54:22 [order-processing-app-id-48cdc9c8-902a-4bc8-ad62-3c6c6dfdc4cc-StreamThread-1] INFO  o.a.kafka.common.metrics.Metrics - Closing reporter org.apache.kafka.common.telemetry.internals.ClientTelemetryReporter
2025-06-21 19:54:22 [order-processing-app-id-48cdc9c8-902a-4bc8-ad62-3c6c6dfdc4cc-StreamThread-1] INFO  o.a.kafka.common.metrics.Metrics - Metrics reporters closed
2025-06-21 19:54:22 [order-processing-app-id-48cdc9c8-902a-4bc8-ad62-3c6c6dfdc4cc-StreamThread-1] INFO  o.a.kafka.common.utils.AppInfoParser - App info kafka.consumer for order-processing-app-id-48cdc9c8-902a-4bc8-ad62-3c6c6dfdc4cc-StreamThread-1-consumer unregistered
2025-06-21 19:54:22 [order-processing-app-id-48cdc9c8-902a-4bc8-ad62-3c6c6dfdc4cc-StreamThread-1] INFO  o.a.kafka.common.metrics.Metrics - Metrics scheduler closed
2025-06-21 19:54:22 [order-processing-app-id-48cdc9c8-902a-4bc8-ad62-3c6c6dfdc4cc-StreamThread-1] INFO  o.a.kafka.common.metrics.Metrics - Closing reporter org.apache.kafka.common.metrics.JmxReporter
2025-06-21 19:54:22 [order-processing-app-id-48cdc9c8-902a-4bc8-ad62-3c6c6dfdc4cc-StreamThread-1] INFO  o.a.kafka.common.metrics.Metrics - Closing reporter org.apache.kafka.common.telemetry.internals.ClientTelemetryReporter
2025-06-21 19:54:22 [order-processing-app-id-48cdc9c8-902a-4bc8-ad62-3c6c6dfdc4cc-StreamThread-1] INFO  o.a.kafka.common.metrics.Metrics - Metrics reporters closed
2025-06-21 19:54:22 [order-processing-app-id-48cdc9c8-902a-4bc8-ad62-3c6c6dfdc4cc-StreamThread-1] INFO  o.a.kafka.common.utils.AppInfoParser - App info kafka.consumer for order-processing-app-id-48cdc9c8-902a-4bc8-ad62-3c6c6dfdc4cc-StreamThread-1-restore-consumer unregistered
2025-06-21 19:54:22 [order-processing-app-id-48cdc9c8-902a-4bc8-ad62-3c6c6dfdc4cc-StreamThread-1] INFO  o.a.k.s.p.internals.StreamThread - stream-thread [order-processing-app-id-48cdc9c8-902a-4bc8-ad62-3c6c6dfdc4cc-StreamThread-1] State transition from PENDING_SHUTDOWN to DEAD
2025-06-21 19:54:22 [order-processing-app-id-48cdc9c8-902a-4bc8-ad62-3c6c6dfdc4cc-StreamThread-1] INFO  o.a.k.s.p.internals.StreamThread - stream-thread [order-processing-app-id-48cdc9c8-902a-4bc8-ad62-3c6c6dfdc4cc-StreamThread-1] Shutdown complete
2025-06-21 19:54:22 [order-processing-app-id-48cdc9c8-902a-4bc8-ad62-3c6c6dfdc4cc-CloseThread] INFO  o.apache.kafka.streams.KafkaStreams - stream-client [order-processing-app-id-48cdc9c8-902a-4bc8-ad62-3c6c6dfdc4cc] Shutdown 1 stream threads complete
2025-06-21 19:54:22 [kafka-admin-client-thread | order-processing-app-id-48cdc9c8-902a-4bc8-ad62-3c6c6dfdc4cc-admin] INFO  o.a.kafka.common.utils.AppInfoParser - App info kafka.admin.client for order-processing-app-id-48cdc9c8-902a-4bc8-ad62-3c6c6dfdc4cc-admin unregistered
2025-06-21 19:54:22 [kafka-admin-client-thread | order-processing-app-id-48cdc9c8-902a-4bc8-ad62-3c6c6dfdc4cc-admin] INFO  o.a.kafka.common.metrics.Metrics - Metrics scheduler closed
2025-06-21 19:54:22 [kafka-admin-client-thread | order-processing-app-id-48cdc9c8-902a-4bc8-ad62-3c6c6dfdc4cc-admin] INFO  o.a.kafka.common.metrics.Metrics - Closing reporter org.apache.kafka.common.metrics.JmxReporter
2025-06-21 19:54:22 [kafka-admin-client-thread | order-processing-app-id-48cdc9c8-902a-4bc8-ad62-3c6c6dfdc4cc-admin] INFO  o.a.kafka.common.metrics.Metrics - Metrics reporters closed
2025-06-21 19:54:22 [order-processing-app-id-48cdc9c8-902a-4bc8-ad62-3c6c6dfdc4cc-CloseThread] INFO  o.a.kafka.common.metrics.Metrics - Metrics scheduler closed
2025-06-21 19:54:22 [order-processing-app-id-48cdc9c8-902a-4bc8-ad62-3c6c6dfdc4cc-CloseThread] INFO  o.a.kafka.common.metrics.Metrics - Closing reporter org.apache.kafka.common.metrics.JmxReporter
2025-06-21 19:54:22 [order-processing-app-id-48cdc9c8-902a-4bc8-ad62-3c6c6dfdc4cc-CloseThread] INFO  o.a.kafka.common.metrics.Metrics - Metrics reporters closed
2025-06-21 19:54:22 [order-processing-app-id-48cdc9c8-902a-4bc8-ad62-3c6c6dfdc4cc-CloseThread] INFO  o.apache.kafka.streams.KafkaStreams - stream-client [order-processing-app-id-48cdc9c8-902a-4bc8-ad62-3c6c6dfdc4cc] State transition from PENDING_ERROR to ERROR
2025-06-21 19:54:54 [http-nio-8081-exec-1] INFO  o.a.c.c.C.[Tomcat].[localhost].[/] - Initializing Spring DispatcherServlet 'dispatcherServlet'
2025-06-21 19:54:54 [http-nio-8081-exec-1] INFO  o.s.web.servlet.DispatcherServlet - Initializing Servlet 'dispatcherServlet'
2025-06-21 19:54:54 [http-nio-8081-exec-1] INFO  o.s.web.servlet.DispatcherServlet - Completed initialization in 1 ms
2025-06-21 19:56:18 [SpringApplicationShutdownHook] INFO  o.apache.kafka.streams.KafkaStreams - stream-client [order-processing-app-id-48cdc9c8-902a-4bc8-ad62-3c6c6dfdc4cc] Streams client is already in the terminal ERROR state, all resources are closed and the client has stopped.
2025-06-21 19:56:18 [SpringApplicationShutdownHook] INFO  o.s.b.w.e.tomcat.GracefulShutdown - Commencing graceful shutdown. Waiting for active requests to complete
2025-06-21 19:56:20 [tomcat-shutdown] INFO  o.s.b.w.e.tomcat.GracefulShutdown - Graceful shutdown complete
