WARNING: A restricted method in java.lang.System has been called
WARNING: java.lang.System::load has been called by org.fusesource.jansi.internal.JansiLoader in an unnamed module (file:/opt/homebrew/Cellar/maven/3.9.9/libexec/lib/jansi-2.4.1.jar)
WARNING: Use --enable-native-access=ALL-UNNAMED to avoid a warning for callers in this module
WARNING: Restricted methods will be blocked in a future release unless native access is enabled

WARNING: A terminally deprecated method in sun.misc.Unsafe has been called
WARNING: sun.misc.Unsafe::objectFieldOffset has been called by com.google.common.util.concurrent.AbstractFuture$UnsafeAtomicHelper (file:/opt/homebrew/Cellar/maven/3.9.9/libexec/lib/guava-33.2.1-jre.jar)
WARNING: Please consider reporting this to the maintainers of class com.google.common.util.concurrent.AbstractFuture$UnsafeAtomicHelper
WARNING: sun.misc.Unsafe::objectFieldOffset will be removed in a future release
[INFO] Scanning for projects...
[INFO] 
[INFO] --------< com.mobox:streamer-order-processing-streams-service >---------
[INFO] Building streamer-order-processing-streams-service 0.0.1-SNAPSHOT
[INFO]   from pom.xml
[INFO] --------------------------------[ jar ]---------------------------------
[INFO] 
[INFO] >>> spring-boot:3.5.3:run (default-cli) > test-compile @ streamer-order-processing-streams-service >>>
[INFO] 
[INFO] --- resources:3.3.1:resources (default-resources) @ streamer-order-processing-streams-service ---
[INFO] Copying 1 resource from src/main/resources to target/classes
[INFO] Copying 0 resource from src/main/resources to target/classes
[INFO] 
[INFO] --- compiler:3.14.0:compile (default-compile) @ streamer-order-processing-streams-service ---
[INFO] Recompiling the module because of added or removed source files.
[INFO] Compiling 5 source files with javac [debug parameters release 24] to target/classes
[INFO] 
[INFO] --- resources:3.3.1:testResources (default-testResources) @ streamer-order-processing-streams-service ---
[INFO] skip non existing resourceDirectory /Users/sagar/Projects/UltraProduction/Streamer/streamer-order-processing-streams-service/src/test/resources
[INFO] 
[INFO] --- compiler:3.14.0:testCompile (default-testCompile) @ streamer-order-processing-streams-service ---
[INFO] Recompiling the module because of changed dependency.
[INFO] Compiling 1 source file with javac [debug parameters release 24] to target/test-classes
[INFO] 
[INFO] <<< spring-boot:3.5.3:run (default-cli) < test-compile @ streamer-order-processing-streams-service <<<
[INFO] 
[INFO] 
[INFO] --- spring-boot:3.5.3:run (default-cli) @ streamer-order-processing-streams-service ---
[INFO] Attaching agents: []

  .   ____          _            __ _ _
 /\\ / ___'_ __ _ _(_)_ __  __ _ \ \ \ \
( ( )\___ | '_ | '_| | '_ \/ _` | \ \ \ \
 \\/  ___)| |_)| | | | | || (_| |  ) ) ) )
  '  |____| .__|_| |_|_| |_\__, | / / / /
 =========|_|==============|___/=/_/_/_/

 :: Spring Boot ::                (v3.5.3)

2025-06-21 17:40:07 [main] INFO  c.m.s.StreamerOrderProcessingStreamsServiceApplication - Starting StreamerOrderProcessingStreamsServiceApplication using Java 24 with PID 22150 (/Users/sagar/Projects/UltraProduction/Streamer/streamer-order-processing-streams-service/target/classes started by sagar in /Users/sagar/Projects/UltraProduction/Streamer/streamer-order-processing-streams-service)
2025-06-21 17:40:07 [main] DEBUG c.m.s.StreamerOrderProcessingStreamsServiceApplication - Running with Spring Boot v3.5.3, Spring v6.2.8
2025-06-21 17:40:07 [main] INFO  c.m.s.StreamerOrderProcessingStreamsServiceApplication - No active profile set, falling back to 1 default profile: "default"
2025-06-21 17:40:08 [main] INFO  o.s.b.w.e.tomcat.TomcatWebServer - Tomcat initialized with port 8081 (http)
2025-06-21 17:40:08 [main] INFO  o.a.catalina.core.StandardService - Starting service [Tomcat]
2025-06-21 17:40:08 [main] INFO  o.a.catalina.core.StandardEngine - Starting Servlet engine: [Apache Tomcat/10.1.42]
2025-06-21 17:40:08 [main] INFO  o.a.c.c.C.[Tomcat].[localhost].[/] - Initializing Spring embedded WebApplicationContext
2025-06-21 17:40:08 [main] INFO  o.s.b.w.s.c.ServletWebServerApplicationContext - Root WebApplicationContext: initialization completed in 244 ms
2025-06-21 17:40:08 [main] INFO  o.apache.kafka.streams.StreamsConfig - StreamsConfig values: 
	acceptable.recovery.lag = 10000
	application.id = order-processing-app-id
	application.server = 
	auto.include.jmx.reporter = true
	bootstrap.servers = [localhost:9092]
	buffered.records.per.partition = 1000
	built.in.metrics.version = latest
	cache.max.bytes.buffering = 10485760
	client.id = 
	commit.interval.ms = 100
	connections.max.idle.ms = 540000
	default.client.supplier = class org.apache.kafka.streams.processor.internals.DefaultKafkaClientSupplier
	default.deserialization.exception.handler = class org.apache.kafka.streams.errors.LogAndFailExceptionHandler
	default.dsl.store = rocksDB
	default.key.serde = class org.apache.kafka.common.serialization.StringSerializer
	default.list.key.serde.inner = null
	default.list.key.serde.type = null
	default.list.value.serde.inner = null
	default.list.value.serde.type = null
	default.production.exception.handler = class org.apache.kafka.streams.errors.DefaultProductionExceptionHandler
	default.timestamp.extractor = class org.apache.kafka.streams.processor.FailOnInvalidTimestamp
	default.value.serde = null
	dsl.store.suppliers.class = class org.apache.kafka.streams.state.BuiltInDslStoreSuppliers$RocksDBDslStoreSuppliers
	enable.metrics.push = true
	log.summary.interval.ms = 120000
	max.task.idle.ms = 0
	max.warmup.replicas = 2
	metadata.max.age.ms = 300000
	metric.reporters = []
	metrics.num.samples = 2
	metrics.recording.level = INFO
	metrics.sample.window.ms = 30000
	num.standby.replicas = 0
	num.stream.threads = 1
	poll.ms = 100
	probing.rebalance.interval.ms = 600000
	processing.exception.handler = class org.apache.kafka.streams.errors.LogAndFailProcessingExceptionHandler
	processing.guarantee = exactly_once_v2
	rack.aware.assignment.non_overlap_cost = null
	rack.aware.assignment.strategy = none
	rack.aware.assignment.tags = []
	rack.aware.assignment.traffic_cost = null
	receive.buffer.bytes = 32768
	reconnect.backoff.max.ms = 1000
	reconnect.backoff.ms = 50
	repartition.purge.interval.ms = 30000
	replication.factor = -1
	request.timeout.ms = 40000
	retries = 0
	retry.backoff.ms = 100
	rocksdb.config.setter = null
	security.protocol = PLAINTEXT
	send.buffer.bytes = 131072
	state.cleanup.delay.ms = 600000
	state.dir = /var/folders/1y/fyj80l0934v2_b5bkmt_d7100000gn/T//kafka-streams
	statestore.cache.max.bytes = 10485760
	task.assignor.class = null
	task.timeout.ms = 300000
	topology.optimization = none
	upgrade.from = null
	window.size.ms = null
	windowed.inner.class.serde = null
	windowstore.changelog.additional.retention.ms = 86400000

2025-06-21 17:40:08 [main] DEBUG o.s.k.c.StreamsBuilderFactoryBean - Topologies:
   Sub-topology: 0
    Source: KSTREAM-SOURCE-0000000000 (topics: [orders-raw])
      --> KSTREAM-FILTER-0000000001
    Processor: KSTREAM-FILTER-0000000001 (stores: [])
      --> KSTREAM-PEEK-0000000002
      <-- KSTREAM-SOURCE-0000000000
    Processor: KSTREAM-PEEK-0000000002 (stores: [])
      --> KSTREAM-MAPVALUES-0000000003
      <-- KSTREAM-FILTER-0000000001
    Processor: KSTREAM-MAPVALUES-0000000003 (stores: [])
      --> KSTREAM-PEEK-0000000004
      <-- KSTREAM-PEEK-0000000002
    Processor: KSTREAM-PEEK-0000000004 (stores: [])
      --> KSTREAM-SINK-0000000005
      <-- KSTREAM-MAPVALUES-0000000003
    Sink: KSTREAM-SINK-0000000005 (topic: orders-processed)
      <-- KSTREAM-PEEK-0000000004


2025-06-21 17:40:08 [main] INFO  o.s.b.w.e.tomcat.TomcatWebServer - Tomcat started on port 8081 (http) with context path '/'
2025-06-21 17:40:08 [main] INFO  o.apache.kafka.streams.StreamsConfig - StreamsConfig values: 
	acceptable.recovery.lag = 10000
	application.id = order-processing-app-id
	application.server = 
	auto.include.jmx.reporter = true
	bootstrap.servers = [localhost:9092]
	buffered.records.per.partition = 1000
	built.in.metrics.version = latest
	cache.max.bytes.buffering = 10485760
	client.id = 
	commit.interval.ms = 100
	connections.max.idle.ms = 540000
	default.client.supplier = class org.apache.kafka.streams.processor.internals.DefaultKafkaClientSupplier
	default.deserialization.exception.handler = class org.apache.kafka.streams.errors.LogAndFailExceptionHandler
	default.dsl.store = rocksDB
	default.key.serde = class org.apache.kafka.common.serialization.StringSerializer
	default.list.key.serde.inner = null
	default.list.key.serde.type = null
	default.list.value.serde.inner = null
	default.list.value.serde.type = null
	default.production.exception.handler = class org.apache.kafka.streams.errors.DefaultProductionExceptionHandler
	default.timestamp.extractor = class org.apache.kafka.streams.processor.FailOnInvalidTimestamp
	default.value.serde = null
	dsl.store.suppliers.class = class org.apache.kafka.streams.state.BuiltInDslStoreSuppliers$RocksDBDslStoreSuppliers
	enable.metrics.push = true
	log.summary.interval.ms = 120000
	max.task.idle.ms = 0
	max.warmup.replicas = 2
	metadata.max.age.ms = 300000
	metric.reporters = []
	metrics.num.samples = 2
	metrics.recording.level = INFO
	metrics.sample.window.ms = 30000
	num.standby.replicas = 0
	num.stream.threads = 1
	poll.ms = 100
	probing.rebalance.interval.ms = 600000
	processing.exception.handler = class org.apache.kafka.streams.errors.LogAndFailProcessingExceptionHandler
	processing.guarantee = exactly_once_v2
	rack.aware.assignment.non_overlap_cost = null
	rack.aware.assignment.strategy = none
	rack.aware.assignment.tags = []
	rack.aware.assignment.traffic_cost = null
	receive.buffer.bytes = 32768
	reconnect.backoff.max.ms = 1000
	reconnect.backoff.ms = 50
	repartition.purge.interval.ms = 30000
	replication.factor = -1
	request.timeout.ms = 40000
	retries = 0
	retry.backoff.ms = 100
	rocksdb.config.setter = null
	security.protocol = PLAINTEXT
	send.buffer.bytes = 131072
	state.cleanup.delay.ms = 600000
	state.dir = /var/folders/1y/fyj80l0934v2_b5bkmt_d7100000gn/T//kafka-streams
	statestore.cache.max.bytes = 10485760
	task.assignor.class = null
	task.timeout.ms = 300000
	topology.optimization = none
	upgrade.from = null
	window.size.ms = null
	windowed.inner.class.serde = null
	windowstore.changelog.additional.retention.ms = 86400000

2025-06-21 17:40:08 [main] INFO  o.a.k.s.p.internals.StateDirectory - Created new process id: 84059010-133a-4f04-8f23-729e9e410871
2025-06-21 17:40:08 [main] INFO  o.a.k.c.admin.AdminClientConfig - AdminClientConfig values: 
	auto.include.jmx.reporter = true
	bootstrap.controllers = []
	bootstrap.servers = [localhost:9092]
	client.dns.lookup = use_all_dns_ips
	client.id = order-processing-app-id-84059010-133a-4f04-8f23-729e9e410871-admin
	connections.max.idle.ms = 300000
	default.api.timeout.ms = 60000
	enable.metrics.push = true
	metadata.max.age.ms = 300000
	metadata.recovery.strategy = none
	metric.reporters = []
	metrics.num.samples = 2
	metrics.recording.level = INFO
	metrics.sample.window.ms = 30000
	receive.buffer.bytes = 65536
	reconnect.backoff.max.ms = 1000
	reconnect.backoff.ms = 50
	request.timeout.ms = 30000
	retries = 2147483647
	retry.backoff.max.ms = 1000
	retry.backoff.ms = 100
	sasl.client.callback.handler.class = null
	sasl.jaas.config = null
	sasl.kerberos.kinit.cmd = /usr/bin/kinit
	sasl.kerberos.min.time.before.relogin = 60000
	sasl.kerberos.service.name = null
	sasl.kerberos.ticket.renew.jitter = 0.05
	sasl.kerberos.ticket.renew.window.factor = 0.8
	sasl.login.callback.handler.class = null
	sasl.login.class = null
	sasl.login.connect.timeout.ms = null
	sasl.login.read.timeout.ms = null
	sasl.login.refresh.buffer.seconds = 300
	sasl.login.refresh.min.period.seconds = 60
	sasl.login.refresh.window.factor = 0.8
	sasl.login.refresh.window.jitter = 0.05
	sasl.login.retry.backoff.max.ms = 10000
	sasl.login.retry.backoff.ms = 100
	sasl.mechanism = GSSAPI
	sasl.oauthbearer.clock.skew.seconds = 30
	sasl.oauthbearer.expected.audience = null
	sasl.oauthbearer.expected.issuer = null
	sasl.oauthbearer.header.urlencode = false
	sasl.oauthbearer.jwks.endpoint.refresh.ms = 3600000
	sasl.oauthbearer.jwks.endpoint.retry.backoff.max.ms = 10000
	sasl.oauthbearer.jwks.endpoint.retry.backoff.ms = 100
	sasl.oauthbearer.jwks.endpoint.url = null
	sasl.oauthbearer.scope.claim.name = scope
	sasl.oauthbearer.sub.claim.name = sub
	sasl.oauthbearer.token.endpoint.url = null
	security.protocol = PLAINTEXT
	security.providers = null
	send.buffer.bytes = 131072
	socket.connection.setup.timeout.max.ms = 30000
	socket.connection.setup.timeout.ms = 10000
	ssl.cipher.suites = null
	ssl.enabled.protocols = [TLSv1.2, TLSv1.3]
	ssl.endpoint.identification.algorithm = https
	ssl.engine.factory.class = null
	ssl.key.password = null
	ssl.keymanager.algorithm = SunX509
	ssl.keystore.certificate.chain = null
	ssl.keystore.key = null
	ssl.keystore.location = null
	ssl.keystore.password = null
	ssl.keystore.type = JKS
	ssl.protocol = TLSv1.3
	ssl.provider = null
	ssl.secure.random.implementation = null
	ssl.trustmanager.algorithm = PKIX
	ssl.truststore.certificates = null
	ssl.truststore.location = null
	ssl.truststore.password = null
	ssl.truststore.type = JKS

2025-06-21 17:40:08 [main] INFO  o.a.kafka.common.utils.AppInfoParser - Kafka version: 3.9.1
2025-06-21 17:40:08 [main] INFO  o.a.kafka.common.utils.AppInfoParser - Kafka commitId: f745dfdcee2b9851
2025-06-21 17:40:08 [main] INFO  o.a.kafka.common.utils.AppInfoParser - Kafka startTimeMs: 1750507808273
2025-06-21 17:40:08 [main] INFO  o.apache.kafka.streams.KafkaStreams - stream-client [order-processing-app-id-84059010-133a-4f04-8f23-729e9e410871] Kafka Streams version: 3.9.1
2025-06-21 17:40:08 [main] INFO  o.apache.kafka.streams.KafkaStreams - stream-client [order-processing-app-id-84059010-133a-4f04-8f23-729e9e410871] Kafka Streams commit ID: f745dfdcee2b9851
2025-06-21 17:40:08 [main] INFO  o.a.k.s.p.internals.StreamThread - stream-thread [order-processing-app-id-84059010-133a-4f04-8f23-729e9e410871-StreamThread-1] Creating restore consumer client
2025-06-21 17:40:08 [main] INFO  o.a.k.c.consumer.ConsumerConfig - ConsumerConfig values: 
	allow.auto.create.topics = true
	auto.commit.interval.ms = 5000
	auto.include.jmx.reporter = true
	auto.offset.reset = none
	bootstrap.servers = [localhost:9092]
	check.crcs = true
	client.dns.lookup = use_all_dns_ips
	client.id = order-processing-app-id-84059010-133a-4f04-8f23-729e9e410871-StreamThread-1-restore-consumer
	client.rack = 
	connections.max.idle.ms = 540000
	default.api.timeout.ms = 60000
	enable.auto.commit = false
	enable.metrics.push = true
	exclude.internal.topics = true
	fetch.max.bytes = 52428800
	fetch.max.wait.ms = 500
	fetch.min.bytes = 1
	group.id = null
	group.instance.id = null
	group.protocol = classic
	group.remote.assignor = null
	heartbeat.interval.ms = 3000
	interceptor.classes = []
	internal.leave.group.on.close = false
	internal.throw.on.fetch.stable.offset.unsupported = true
	isolation.level = read_committed
	key.deserializer = class org.apache.kafka.common.serialization.ByteArrayDeserializer
	max.partition.fetch.bytes = 1048576
	max.poll.interval.ms = 300000
	max.poll.records = 1000
	metadata.max.age.ms = 300000
	metadata.recovery.strategy = none
	metric.reporters = []
	metrics.num.samples = 2
	metrics.recording.level = INFO
	metrics.sample.window.ms = 30000
	partition.assignment.strategy = [class org.apache.kafka.clients.consumer.RangeAssignor, class org.apache.kafka.clients.consumer.CooperativeStickyAssignor]
	receive.buffer.bytes = 65536
	reconnect.backoff.max.ms = 1000
	reconnect.backoff.ms = 50
	request.timeout.ms = 30000
	retry.backoff.max.ms = 1000
	retry.backoff.ms = 100
	sasl.client.callback.handler.class = null
	sasl.jaas.config = null
	sasl.kerberos.kinit.cmd = /usr/bin/kinit
	sasl.kerberos.min.time.before.relogin = 60000
	sasl.kerberos.service.name = null
	sasl.kerberos.ticket.renew.jitter = 0.05
	sasl.kerberos.ticket.renew.window.factor = 0.8
	sasl.login.callback.handler.class = null
	sasl.login.class = null
	sasl.login.connect.timeout.ms = null
	sasl.login.read.timeout.ms = null
	sasl.login.refresh.buffer.seconds = 300
	sasl.login.refresh.min.period.seconds = 60
	sasl.login.refresh.window.factor = 0.8
	sasl.login.refresh.window.jitter = 0.05
	sasl.login.retry.backoff.max.ms = 10000
	sasl.login.retry.backoff.ms = 100
	sasl.mechanism = GSSAPI
	sasl.oauthbearer.clock.skew.seconds = 30
	sasl.oauthbearer.expected.audience = null
	sasl.oauthbearer.expected.issuer = null
	sasl.oauthbearer.header.urlencode = false
	sasl.oauthbearer.jwks.endpoint.refresh.ms = 3600000
	sasl.oauthbearer.jwks.endpoint.retry.backoff.max.ms = 10000
	sasl.oauthbearer.jwks.endpoint.retry.backoff.ms = 100
	sasl.oauthbearer.jwks.endpoint.url = null
	sasl.oauthbearer.scope.claim.name = scope
	sasl.oauthbearer.sub.claim.name = sub
	sasl.oauthbearer.token.endpoint.url = null
	security.protocol = PLAINTEXT
	security.providers = null
	send.buffer.bytes = 131072
	session.timeout.ms = 45000
	socket.connection.setup.timeout.max.ms = 30000
	socket.connection.setup.timeout.ms = 10000
	ssl.cipher.suites = null
	ssl.enabled.protocols = [TLSv1.2, TLSv1.3]
	ssl.endpoint.identification.algorithm = https
	ssl.engine.factory.class = null
	ssl.key.password = null
	ssl.keymanager.algorithm = SunX509
	ssl.keystore.certificate.chain = null
	ssl.keystore.key = null
	ssl.keystore.location = null
	ssl.keystore.password = null
	ssl.keystore.type = JKS
	ssl.protocol = TLSv1.3
	ssl.provider = null
	ssl.secure.random.implementation = null
	ssl.trustmanager.algorithm = PKIX
	ssl.truststore.certificates = null
	ssl.truststore.location = null
	ssl.truststore.password = null
	ssl.truststore.type = JKS
	value.deserializer = class org.apache.kafka.common.serialization.ByteArrayDeserializer

2025-06-21 17:40:08 [main] INFO  o.a.k.c.t.i.KafkaMetricsCollector - initializing Kafka metrics collector
2025-06-21 17:40:08 [main] INFO  o.a.kafka.common.utils.AppInfoParser - Kafka version: 3.9.1
2025-06-21 17:40:08 [main] INFO  o.a.kafka.common.utils.AppInfoParser - Kafka commitId: f745dfdcee2b9851
2025-06-21 17:40:08 [main] INFO  o.a.kafka.common.utils.AppInfoParser - Kafka startTimeMs: 1750507808298
2025-06-21 17:40:08 [main] INFO  o.a.k.s.p.internals.StreamThread - stream-thread [order-processing-app-id-84059010-133a-4f04-8f23-729e9e410871-StreamThread-1] Creating thread producer client
2025-06-21 17:40:08 [main] INFO  o.a.k.c.producer.ProducerConfig - ProducerConfig values: 
	acks = -1
	auto.include.jmx.reporter = true
	batch.size = 16384
	bootstrap.servers = [localhost:9092]
	buffer.memory = 33554432
	client.dns.lookup = use_all_dns_ips
	client.id = order-processing-app-id-84059010-133a-4f04-8f23-729e9e410871-StreamThread-1-producer
	compression.gzip.level = -1
	compression.lz4.level = 9
	compression.type = none
	compression.zstd.level = 3
	connections.max.idle.ms = 540000
	delivery.timeout.ms = 2147483647
	enable.idempotence = true
	enable.metrics.push = true
	interceptor.classes = []
	key.serializer = class org.apache.kafka.common.serialization.ByteArraySerializer
	linger.ms = 100
	max.block.ms = 60000
	max.in.flight.requests.per.connection = 5
	max.request.size = 1048576
	metadata.max.age.ms = 300000
	metadata.max.idle.ms = 300000
	metadata.recovery.strategy = none
	metric.reporters = []
	metrics.num.samples = 2
	metrics.recording.level = INFO
	metrics.sample.window.ms = 30000
	partitioner.adaptive.partitioning.enable = true
	partitioner.availability.timeout.ms = 0
	partitioner.class = null
	partitioner.ignore.keys = false
	receive.buffer.bytes = 32768
	reconnect.backoff.max.ms = 1000
	reconnect.backoff.ms = 50
	request.timeout.ms = 30000
	retries = 2147483647
	retry.backoff.max.ms = 1000
	retry.backoff.ms = 100
	sasl.client.callback.handler.class = null
	sasl.jaas.config = null
	sasl.kerberos.kinit.cmd = /usr/bin/kinit
	sasl.kerberos.min.time.before.relogin = 60000
	sasl.kerberos.service.name = null
	sasl.kerberos.ticket.renew.jitter = 0.05
	sasl.kerberos.ticket.renew.window.factor = 0.8
	sasl.login.callback.handler.class = null
	sasl.login.class = null
	sasl.login.connect.timeout.ms = null
	sasl.login.read.timeout.ms = null
	sasl.login.refresh.buffer.seconds = 300
	sasl.login.refresh.min.period.seconds = 60
	sasl.login.refresh.window.factor = 0.8
	sasl.login.refresh.window.jitter = 0.05
	sasl.login.retry.backoff.max.ms = 10000
	sasl.login.retry.backoff.ms = 100
	sasl.mechanism = GSSAPI
	sasl.oauthbearer.clock.skew.seconds = 30
	sasl.oauthbearer.expected.audience = null
	sasl.oauthbearer.expected.issuer = null
	sasl.oauthbearer.header.urlencode = false
	sasl.oauthbearer.jwks.endpoint.refresh.ms = 3600000
	sasl.oauthbearer.jwks.endpoint.retry.backoff.max.ms = 10000
	sasl.oauthbearer.jwks.endpoint.retry.backoff.ms = 100
	sasl.oauthbearer.jwks.endpoint.url = null
	sasl.oauthbearer.scope.claim.name = scope
	sasl.oauthbearer.sub.claim.name = sub
	sasl.oauthbearer.token.endpoint.url = null
	security.protocol = PLAINTEXT
	security.providers = null
	send.buffer.bytes = 131072
	socket.connection.setup.timeout.max.ms = 30000
	socket.connection.setup.timeout.ms = 10000
	ssl.cipher.suites = null
	ssl.enabled.protocols = [TLSv1.2, TLSv1.3]
	ssl.endpoint.identification.algorithm = https
	ssl.engine.factory.class = null
	ssl.key.password = null
	ssl.keymanager.algorithm = SunX509
	ssl.keystore.certificate.chain = null
	ssl.keystore.key = null
	ssl.keystore.location = null
	ssl.keystore.password = null
	ssl.keystore.type = JKS
	ssl.protocol = TLSv1.3
	ssl.provider = null
	ssl.secure.random.implementation = null
	ssl.trustmanager.algorithm = PKIX
	ssl.truststore.certificates = null
	ssl.truststore.location = null
	ssl.truststore.password = null
	ssl.truststore.type = JKS
	transaction.timeout.ms = 10000
	transactional.id = order-processing-app-id-84059010-133a-4f04-8f23-729e9e410871-1
	value.serializer = class org.apache.kafka.common.serialization.ByteArraySerializer

2025-06-21 17:40:08 [main] INFO  o.a.k.c.t.i.KafkaMetricsCollector - initializing Kafka metrics collector
2025-06-21 17:40:08 [main] INFO  o.a.k.clients.producer.KafkaProducer - [Producer clientId=order-processing-app-id-84059010-133a-4f04-8f23-729e9e410871-StreamThread-1-producer, transactionalId=order-processing-app-id-84059010-133a-4f04-8f23-729e9e410871-1] Instantiated a transactional producer.
2025-06-21 17:40:08 [main] INFO  o.a.kafka.common.utils.AppInfoParser - Kafka version: 3.9.1
2025-06-21 17:40:08 [main] INFO  o.a.kafka.common.utils.AppInfoParser - Kafka commitId: f745dfdcee2b9851
2025-06-21 17:40:08 [main] INFO  o.a.kafka.common.utils.AppInfoParser - Kafka startTimeMs: 1750507808318
2025-06-21 17:40:08 [order-processing-app-id-84059010-133a-4f04-8f23-729e9e410871-StateUpdater-1] INFO  o.a.k.s.p.i.DefaultStateUpdater - state-updater [order-processing-app-id-84059010-133a-4f04-8f23-729e9e410871-StateUpdater-1] State updater thread started
2025-06-21 17:40:08 [main] INFO  o.a.k.s.p.internals.StreamThread - stream-thread [order-processing-app-id-84059010-133a-4f04-8f23-729e9e410871-StreamThread-1] Creating consumer client
2025-06-21 17:40:08 [main] INFO  o.a.k.c.consumer.ConsumerConfig - ConsumerConfig values: 
	allow.auto.create.topics = false
	auto.commit.interval.ms = 5000
	auto.include.jmx.reporter = true
	auto.offset.reset = earliest
	bootstrap.servers = [localhost:9092]
	check.crcs = true
	client.dns.lookup = use_all_dns_ips
	client.id = order-processing-app-id-84059010-133a-4f04-8f23-729e9e410871-StreamThread-1-consumer
	client.rack = 
	connections.max.idle.ms = 540000
	default.api.timeout.ms = 60000
	enable.auto.commit = false
	enable.metrics.push = true
	exclude.internal.topics = true
	fetch.max.bytes = 52428800
	fetch.max.wait.ms = 500
	fetch.min.bytes = 1
	group.id = order-processing-app-id
	group.instance.id = null
	group.protocol = classic
	group.remote.assignor = null
	heartbeat.interval.ms = 3000
	interceptor.classes = []
	internal.leave.group.on.close = false
	internal.throw.on.fetch.stable.offset.unsupported = true
	isolation.level = read_committed
	key.deserializer = class org.apache.kafka.common.serialization.ByteArrayDeserializer
	max.partition.fetch.bytes = 1048576
	max.poll.interval.ms = 300000
	max.poll.records = 1000
	metadata.max.age.ms = 300000
	metadata.recovery.strategy = none
	metric.reporters = []
	metrics.num.samples = 2
	metrics.recording.level = INFO
	metrics.sample.window.ms = 30000
	partition.assignment.strategy = [org.apache.kafka.streams.processor.internals.StreamsPartitionAssignor]
	receive.buffer.bytes = 65536
	reconnect.backoff.max.ms = 1000
	reconnect.backoff.ms = 50
	request.timeout.ms = 30000
	retry.backoff.max.ms = 1000
	retry.backoff.ms = 100
	sasl.client.callback.handler.class = null
	sasl.jaas.config = null
	sasl.kerberos.kinit.cmd = /usr/bin/kinit
	sasl.kerberos.min.time.before.relogin = 60000
	sasl.kerberos.service.name = null
	sasl.kerberos.ticket.renew.jitter = 0.05
	sasl.kerberos.ticket.renew.window.factor = 0.8
	sasl.login.callback.handler.class = null
	sasl.login.class = null
	sasl.login.connect.timeout.ms = null
	sasl.login.read.timeout.ms = null
	sasl.login.refresh.buffer.seconds = 300
	sasl.login.refresh.min.period.seconds = 60
	sasl.login.refresh.window.factor = 0.8
	sasl.login.refresh.window.jitter = 0.05
	sasl.login.retry.backoff.max.ms = 10000
	sasl.login.retry.backoff.ms = 100
	sasl.mechanism = GSSAPI
	sasl.oauthbearer.clock.skew.seconds = 30
	sasl.oauthbearer.expected.audience = null
	sasl.oauthbearer.expected.issuer = null
	sasl.oauthbearer.header.urlencode = false
	sasl.oauthbearer.jwks.endpoint.refresh.ms = 3600000
	sasl.oauthbearer.jwks.endpoint.retry.backoff.max.ms = 10000
	sasl.oauthbearer.jwks.endpoint.retry.backoff.ms = 100
	sasl.oauthbearer.jwks.endpoint.url = null
	sasl.oauthbearer.scope.claim.name = scope
	sasl.oauthbearer.sub.claim.name = sub
	sasl.oauthbearer.token.endpoint.url = null
	security.protocol = PLAINTEXT
	security.providers = null
	send.buffer.bytes = 131072
	session.timeout.ms = 45000
	socket.connection.setup.timeout.max.ms = 30000
	socket.connection.setup.timeout.ms = 10000
	ssl.cipher.suites = null
	ssl.enabled.protocols = [TLSv1.2, TLSv1.3]
	ssl.endpoint.identification.algorithm = https
	ssl.engine.factory.class = null
	ssl.key.password = null
	ssl.keymanager.algorithm = SunX509
	ssl.keystore.certificate.chain = null
	ssl.keystore.key = null
	ssl.keystore.location = null
	ssl.keystore.password = null
	ssl.keystore.type = JKS
	ssl.protocol = TLSv1.3
	ssl.provider = null
	ssl.secure.random.implementation = null
	ssl.trustmanager.algorithm = PKIX
	ssl.truststore.certificates = null
	ssl.truststore.location = null
	ssl.truststore.password = null
	ssl.truststore.type = JKS
	value.deserializer = class org.apache.kafka.common.serialization.ByteArrayDeserializer

2025-06-21 17:40:08 [main] INFO  o.a.k.c.t.i.KafkaMetricsCollector - initializing Kafka metrics collector
2025-06-21 17:40:08 [main] INFO  o.a.k.s.p.i.a.AssignorConfiguration - stream-thread [order-processing-app-id-84059010-133a-4f04-8f23-729e9e410871-StreamThread-1-consumer] Cooperative rebalancing protocol is enabled now
2025-06-21 17:40:08 [main] INFO  o.a.k.c.consumer.ConsumerConfig - These configurations '[replication.factor, probing.rebalance.interval.ms, max.warmup.replicas, acceptable.recovery.lag, task.assignor.class, rack.aware.assignment.non_overlap_cost, application.server, rack.aware.assignment.strategy, rack.aware.assignment.traffic_cost, windowstore.changelog.additional.retention.ms, num.standby.replicas, upgrade.from, rack.aware.assignment.tags, application.id]' were supplied but are not used yet.
2025-06-21 17:40:08 [main] INFO  o.a.kafka.common.utils.AppInfoParser - Kafka version: 3.9.1
2025-06-21 17:40:08 [main] INFO  o.a.kafka.common.utils.AppInfoParser - Kafka commitId: f745dfdcee2b9851
2025-06-21 17:40:08 [main] INFO  o.a.kafka.common.utils.AppInfoParser - Kafka startTimeMs: 1750507808330
2025-06-21 17:40:08 [main] INFO  o.apache.kafka.streams.KafkaStreams - stream-client [order-processing-app-id-84059010-133a-4f04-8f23-729e9e410871] State transition from CREATED to REBALANCING
2025-06-21 17:40:08 [main] INFO  o.apache.kafka.streams.KafkaStreams - stream-client [order-processing-app-id-84059010-133a-4f04-8f23-729e9e410871] Started 1 stream threads
2025-06-21 17:40:08 [order-processing-app-id-84059010-133a-4f04-8f23-729e9e410871-StreamThread-1] INFO  o.a.k.s.p.internals.StreamThread - stream-thread [order-processing-app-id-84059010-133a-4f04-8f23-729e9e410871-StreamThread-1] Starting
2025-06-21 17:40:08 [order-processing-app-id-84059010-133a-4f04-8f23-729e9e410871-StreamThread-1] INFO  o.a.k.s.p.internals.StreamThread - stream-thread [order-processing-app-id-84059010-133a-4f04-8f23-729e9e410871-StreamThread-1] State transition from CREATED to STARTING
2025-06-21 17:40:08 [order-processing-app-id-84059010-133a-4f04-8f23-729e9e410871-StreamThread-1] INFO  o.a.k.c.c.i.ClassicKafkaConsumer - [Consumer clientId=order-processing-app-id-84059010-133a-4f04-8f23-729e9e410871-StreamThread-1-consumer, groupId=order-processing-app-id] Subscribed to topic(s): orders-raw
2025-06-21 17:40:08 [main] INFO  c.m.s.StreamerOrderProcessingStreamsServiceApplication - Started StreamerOrderProcessingStreamsServiceApplication in 0.652 seconds (process running for 0.738)
2025-06-21 17:40:08 [kafka-producer-network-thread | order-processing-app-id-84059010-133a-4f04-8f23-729e9e410871-StreamThread-1-producer] INFO  org.apache.kafka.clients.Metadata - [Producer clientId=order-processing-app-id-84059010-133a-4f04-8f23-729e9e410871-StreamThread-1-producer, transactionalId=order-processing-app-id-84059010-133a-4f04-8f23-729e9e410871-1] Cluster ID: hNlYf2QxS1aP3cR5tG7uZ9vB0dE4kF6j
2025-06-21 17:40:08 [order-processing-app-id-84059010-133a-4f04-8f23-729e9e410871-StreamThread-1] INFO  org.apache.kafka.clients.Metadata - [Consumer clientId=order-processing-app-id-84059010-133a-4f04-8f23-729e9e410871-StreamThread-1-consumer, groupId=order-processing-app-id] Cluster ID: hNlYf2QxS1aP3cR5tG7uZ9vB0dE4kF6j
2025-06-21 17:40:08 [order-processing-app-id-84059010-133a-4f04-8f23-729e9e410871-StreamThread-1] INFO  o.a.k.s.p.internals.StreamThread - stream-thread [order-processing-app-id-84059010-133a-4f04-8f23-729e9e410871-StreamThread-1] Processed 0 total records, ran 0 punctuators, polled 1 times and committed 0 total tasks since the last update 1750507808440ms ago
2025-06-21 17:42:08 [order-processing-app-id-84059010-133a-4f04-8f23-729e9e410871-StreamThread-1] INFO  o.a.k.s.p.internals.StreamThread - stream-thread [order-processing-app-id-84059010-133a-4f04-8f23-729e9e410871-StreamThread-1] Processed 0 total records, ran 0 punctuators, polled 1170 times and committed 0 total tasks since the last update 120026ms ago
2025-06-21 17:44:08 [order-processing-app-id-84059010-133a-4f04-8f23-729e9e410871-StreamThread-1] INFO  o.a.k.s.p.internals.StreamThread - stream-thread [order-processing-app-id-84059010-133a-4f04-8f23-729e9e410871-StreamThread-1] Processed 0 total records, ran 0 punctuators, polled 1171 times and committed 0 total tasks since the last update 120027ms ago
2025-06-21 17:46:08 [order-processing-app-id-84059010-133a-4f04-8f23-729e9e410871-StreamThread-1] INFO  o.a.k.s.p.internals.StreamThread - stream-thread [order-processing-app-id-84059010-133a-4f04-8f23-729e9e410871-StreamThread-1] Processed 0 total records, ran 0 punctuators, polled 1173 times and committed 0 total tasks since the last update 120103ms ago
2025-06-21 17:47:31 [SpringApplicationShutdownHook] INFO  o.apache.kafka.streams.KafkaStreams - stream-client [order-processing-app-id-84059010-133a-4f04-8f23-729e9e410871] State transition from REBALANCING to PENDING_SHUTDOWN
2025-06-21 17:47:31 [order-processing-app-id-84059010-133a-4f04-8f23-729e9e410871-CloseThread] INFO  o.a.k.s.p.internals.StreamThread - stream-thread [order-processing-app-id-84059010-133a-4f04-8f23-729e9e410871-StreamThread-1] Informed to shut down
2025-06-21 17:47:31 [order-processing-app-id-84059010-133a-4f04-8f23-729e9e410871-CloseThread] INFO  o.a.k.s.p.internals.StreamThread - stream-thread [order-processing-app-id-84059010-133a-4f04-8f23-729e9e410871-StreamThread-1] State transition from STARTING to PENDING_SHUTDOWN
2025-06-21 17:47:31 [order-processing-app-id-84059010-133a-4f04-8f23-729e9e410871-CloseThread] INFO  o.apache.kafka.streams.KafkaStreams - stream-client [order-processing-app-id-84059010-133a-4f04-8f23-729e9e410871] Shutting down 1 stream threads
2025-06-21 17:47:31 [order-processing-app-id-84059010-133a-4f04-8f23-729e9e410871-StreamThread-1] INFO  o.a.k.s.p.internals.StreamThread - stream-thread [order-processing-app-id-84059010-133a-4f04-8f23-729e9e410871-StreamThread-1] Shutting down clean
2025-06-21 17:47:31 [order-processing-app-id-84059010-133a-4f04-8f23-729e9e410871-StreamThread-1] INFO  o.a.k.s.p.i.DefaultStateUpdater - state-updater [order-processing-app-id-84059010-133a-4f04-8f23-729e9e410871-StateUpdater-1] Shutting down state updater thread
2025-06-21 17:47:31 [order-processing-app-id-84059010-133a-4f04-8f23-729e9e410871-StateUpdater-1] INFO  o.a.k.c.c.i.ClassicKafkaConsumer - [Consumer clientId=order-processing-app-id-84059010-133a-4f04-8f23-729e9e410871-StreamThread-1-restore-consumer, groupId=null] Unsubscribed all topics or patterns and assigned partitions
2025-06-21 17:47:31 [order-processing-app-id-84059010-133a-4f04-8f23-729e9e410871-StateUpdater-1] INFO  o.a.k.s.p.i.DefaultStateUpdater - state-updater [order-processing-app-id-84059010-133a-4f04-8f23-729e9e410871-StateUpdater-1] State updater thread stopped
2025-06-21 17:47:31 [order-processing-app-id-84059010-133a-4f04-8f23-729e9e410871-StreamThread-1] INFO  o.a.k.clients.producer.KafkaProducer - [Producer clientId=order-processing-app-id-84059010-133a-4f04-8f23-729e9e410871-StreamThread-1-producer, transactionalId=order-processing-app-id-84059010-133a-4f04-8f23-729e9e410871-1] Closing the Kafka producer with timeoutMillis = 9223372036854775807 ms.
2025-06-21 17:47:31 [order-processing-app-id-84059010-133a-4f04-8f23-729e9e410871-StreamThread-1] INFO  o.a.kafka.common.metrics.Metrics - Metrics scheduler closed
2025-06-21 17:47:31 [order-processing-app-id-84059010-133a-4f04-8f23-729e9e410871-StreamThread-1] INFO  o.a.kafka.common.metrics.Metrics - Closing reporter org.apache.kafka.common.metrics.JmxReporter
2025-06-21 17:47:31 [order-processing-app-id-84059010-133a-4f04-8f23-729e9e410871-StreamThread-1] INFO  o.a.kafka.common.metrics.Metrics - Closing reporter org.apache.kafka.common.telemetry.internals.ClientTelemetryReporter
2025-06-21 17:47:31 [order-processing-app-id-84059010-133a-4f04-8f23-729e9e410871-StreamThread-1] INFO  o.a.kafka.common.metrics.Metrics - Metrics reporters closed
2025-06-21 17:47:31 [order-processing-app-id-84059010-133a-4f04-8f23-729e9e410871-StreamThread-1] INFO  o.a.kafka.common.utils.AppInfoParser - App info kafka.producer for order-processing-app-id-84059010-133a-4f04-8f23-729e9e410871-StreamThread-1-producer unregistered
2025-06-21 17:47:31 [order-processing-app-id-84059010-133a-4f04-8f23-729e9e410871-StreamThread-1] INFO  o.a.k.s.p.internals.TaskManager - stream-thread [order-processing-app-id-84059010-133a-4f04-8f23-729e9e410871-StreamThread-1] Shutdown complete
2025-06-21 17:47:31 [order-processing-app-id-84059010-133a-4f04-8f23-729e9e410871-StreamThread-1] INFO  o.a.k.c.c.i.ClassicKafkaConsumer - [Consumer clientId=order-processing-app-id-84059010-133a-4f04-8f23-729e9e410871-StreamThread-1-restore-consumer, groupId=null] Unsubscribed all topics or patterns and assigned partitions
2025-06-21 17:47:31 [order-processing-app-id-84059010-133a-4f04-8f23-729e9e410871-StreamThread-1] INFO  o.a.kafka.common.metrics.Metrics - Metrics scheduler closed
2025-06-21 17:47:31 [order-processing-app-id-84059010-133a-4f04-8f23-729e9e410871-StreamThread-1] INFO  o.a.kafka.common.metrics.Metrics - Closing reporter org.apache.kafka.common.metrics.JmxReporter
2025-06-21 17:47:31 [order-processing-app-id-84059010-133a-4f04-8f23-729e9e410871-StreamThread-1] INFO  o.a.kafka.common.metrics.Metrics - Closing reporter org.apache.kafka.common.telemetry.internals.ClientTelemetryReporter
2025-06-21 17:47:31 [order-processing-app-id-84059010-133a-4f04-8f23-729e9e410871-StreamThread-1] INFO  o.a.kafka.common.metrics.Metrics - Metrics reporters closed
2025-06-21 17:47:31 [order-processing-app-id-84059010-133a-4f04-8f23-729e9e410871-StreamThread-1] INFO  o.a.kafka.common.utils.AppInfoParser - App info kafka.consumer for order-processing-app-id-84059010-133a-4f04-8f23-729e9e410871-StreamThread-1-consumer unregistered
2025-06-21 17:47:31 [order-processing-app-id-84059010-133a-4f04-8f23-729e9e410871-StreamThread-1] INFO  o.a.kafka.common.metrics.Metrics - Metrics scheduler closed
2025-06-21 17:47:31 [order-processing-app-id-84059010-133a-4f04-8f23-729e9e410871-StreamThread-1] INFO  o.a.kafka.common.metrics.Metrics - Closing reporter org.apache.kafka.common.metrics.JmxReporter
2025-06-21 17:47:31 [order-processing-app-id-84059010-133a-4f04-8f23-729e9e410871-StreamThread-1] INFO  o.a.kafka.common.metrics.Metrics - Closing reporter org.apache.kafka.common.telemetry.internals.ClientTelemetryReporter
2025-06-21 17:47:31 [order-processing-app-id-84059010-133a-4f04-8f23-729e9e410871-StreamThread-1] INFO  o.a.kafka.common.metrics.Metrics - Metrics reporters closed
2025-06-21 17:47:31 [order-processing-app-id-84059010-133a-4f04-8f23-729e9e410871-StreamThread-1] INFO  o.a.kafka.common.utils.AppInfoParser - App info kafka.consumer for order-processing-app-id-84059010-133a-4f04-8f23-729e9e410871-StreamThread-1-restore-consumer unregistered
2025-06-21 17:47:31 [order-processing-app-id-84059010-133a-4f04-8f23-729e9e410871-StreamThread-1] INFO  o.a.k.s.p.internals.StreamThread - stream-thread [order-processing-app-id-84059010-133a-4f04-8f23-729e9e410871-StreamThread-1] State transition from PENDING_SHUTDOWN to DEAD
2025-06-21 17:47:31 [order-processing-app-id-84059010-133a-4f04-8f23-729e9e410871-StreamThread-1] INFO  o.a.k.s.p.internals.StreamThread - stream-thread [order-processing-app-id-84059010-133a-4f04-8f23-729e9e410871-StreamThread-1] Shutdown complete
2025-06-21 17:47:31 [order-processing-app-id-84059010-133a-4f04-8f23-729e9e410871-CloseThread] INFO  o.apache.kafka.streams.KafkaStreams - stream-client [order-processing-app-id-84059010-133a-4f04-8f23-729e9e410871] Shutdown 1 stream threads complete
2025-06-21 17:47:31 [kafka-admin-client-thread | order-processing-app-id-84059010-133a-4f04-8f23-729e9e410871-admin] INFO  o.a.kafka.common.utils.AppInfoParser - App info kafka.admin.client for order-processing-app-id-84059010-133a-4f04-8f23-729e9e410871-admin unregistered
2025-06-21 17:47:31 [kafka-admin-client-thread | order-processing-app-id-84059010-133a-4f04-8f23-729e9e410871-admin] INFO  o.a.kafka.common.metrics.Metrics - Metrics scheduler closed
2025-06-21 17:47:31 [kafka-admin-client-thread | order-processing-app-id-84059010-133a-4f04-8f23-729e9e410871-admin] INFO  o.a.kafka.common.metrics.Metrics - Closing reporter org.apache.kafka.common.metrics.JmxReporter
2025-06-21 17:47:31 [kafka-admin-client-thread | order-processing-app-id-84059010-133a-4f04-8f23-729e9e410871-admin] INFO  o.a.kafka.common.metrics.Metrics - Metrics reporters closed
2025-06-21 17:47:31 [order-processing-app-id-84059010-133a-4f04-8f23-729e9e410871-CloseThread] INFO  o.a.kafka.common.metrics.Metrics - Metrics scheduler closed
2025-06-21 17:47:31 [order-processing-app-id-84059010-133a-4f04-8f23-729e9e410871-CloseThread] INFO  o.a.kafka.common.metrics.Metrics - Closing reporter org.apache.kafka.common.metrics.JmxReporter
2025-06-21 17:47:31 [order-processing-app-id-84059010-133a-4f04-8f23-729e9e410871-CloseThread] INFO  o.a.kafka.common.metrics.Metrics - Metrics reporters closed
2025-06-21 17:47:31 [order-processing-app-id-84059010-133a-4f04-8f23-729e9e410871-CloseThread] INFO  o.apache.kafka.streams.KafkaStreams - stream-client [order-processing-app-id-84059010-133a-4f04-8f23-729e9e410871] State transition from PENDING_SHUTDOWN to NOT_RUNNING
2025-06-21 17:47:31 [SpringApplicationShutdownHook] INFO  o.apache.kafka.streams.KafkaStreams - stream-client [order-processing-app-id-84059010-133a-4f04-8f23-729e9e410871] Streams client stopped completely
2025-06-21 17:47:31 [SpringApplicationShutdownHook] INFO  o.s.b.w.e.tomcat.GracefulShutdown - Commencing graceful shutdown. Waiting for active requests to complete
2025-06-21 17:47:33 [tomcat-shutdown] INFO  o.s.b.w.e.tomcat.GracefulShutdown - Graceful shutdown complete
